2021-06-05T17:59:04.639855999Z E: [pulseaudio] client-conf-x11.c: xcb_connection_has_error() returned true
2021-06-05T17:59:04.745547982Z xcb_connection_has_error() returned true
2021-06-05T17:59:04.757474315Z 21
2021-06-05T17:59:04.803150305Z Waiting X server...
2021-06-05T17:59:04.828879803Z 2021/06/05 17:59:04 [INIT] [Listening on :7070]
2021-06-05T17:59:04.888738884Z Logging to: /dev/null
2021-06-05T17:59:04.945172026Z Waiting X server...
2021-06-05T17:59:05.097589873Z Waiting X server...
2021-06-05T17:59:05.256735989Z Waiting X server...
2021-06-05T17:59:05.411125274Z Waiting X server...
2021-06-05T17:59:05.590135678Z Starting ChromeDriver 88.0.4324.27 (6347fe8bf1e48bd0c54d07dc55ca011cf40861c9-refs/branch-heads/4324@{#450}) on port 4444
2021-06-05T17:59:05.590157080Z All remote connections are allowed. Use an allowlist instead!
2021-06-05T17:59:05.590161780Z Please see https://chromedriver.chromium.org/security-considerations for suggestions on keeping ChromeDriver safe.
2021-06-05T17:59:05.590179081Z 
2021-06-05T17:59:05.590183281Z  --- x11vnc loop: 1 ---
2021-06-05T17:59:05.590186982Z 
2021-06-05T17:59:05.633541410Z ChromeDriver was started successfully.
2021-06-05T17:59:05.644884002Z [1622915945.642][INFO]: [9455dc893fa937a0b7f59a43bdcdd56d] COMMAND InitSession {
2021-06-05T17:59:05.644902004Z    "capabilities": {
2021-06-05T17:59:05.644906104Z       "firstMatch": [ {
2021-06-05T17:59:05.644910004Z          "browserName": "chrome",
2021-06-05T17:59:05.644913805Z          "goog:chromeOptions": {
2021-06-05T17:59:05.644917605Z             "args": [  ],
2021-06-05T17:59:05.644921205Z             "extensions": [  ],
2021-06-05T17:59:05.644924805Z             "prefs": {
2021-06-05T17:59:05.644928406Z                "download.default_directory": "/home/selenium/Downloads",
2021-06-05T17:59:05.644932306Z                "download.prompt_for_download": false,
2021-06-05T17:59:05.644935906Z                "profile.default_content_settings.popups": 0
2021-06-05T17:59:05.644939606Z             }
2021-06-05T17:59:05.644943107Z          }
2021-06-05T17:59:05.644946507Z       } ]
2021-06-05T17:59:05.644949807Z    },
2021-06-05T17:59:05.644953307Z    "desiredCapabilities": {
2021-06-05T17:59:05.644956908Z       "browserName": "chrome",
2021-06-05T17:59:05.644960508Z       "enableLog": true,
2021-06-05T17:59:05.644964008Z       "enableVNC": true,
2021-06-05T17:59:05.644967508Z       "enableVideo": true,
2021-06-05T17:59:05.644971109Z       "goog:chromeOptions": {
2021-06-05T17:59:05.644974509Z          "args": [  ],
2021-06-05T17:59:05.644989110Z          "extensions": [  ],
2021-06-05T17:59:05.644992510Z          "prefs": {
2021-06-05T17:59:05.644995610Z             "download.default_directory": "/home/selenium/Downloads",
2021-06-05T17:59:05.644999110Z             "download.prompt_for_download": false,
2021-06-05T17:59:05.645002311Z             "profile.default_content_settings.popups": 0
2021-06-05T17:59:05.645005511Z          }
2021-06-05T17:59:05.645008511Z       },
2021-06-05T17:59:05.645011511Z       "videoName": "q83ZEtskhJ.mp4"
2021-06-05T17:59:05.645014812Z    }
2021-06-05T17:59:05.645017812Z }
2021-06-05T17:59:05.645020912Z [1622915945.643][INFO]: Populating Preferences file: {
2021-06-05T17:59:05.645024012Z    "alternate_error_pages": {
2021-06-05T17:59:05.645027212Z       "enabled": false
2021-06-05T17:59:05.645030313Z    },
2021-06-05T17:59:05.645033213Z    "autofill": {
2021-06-05T17:59:05.645036313Z       "enabled": false
2021-06-05T17:59:05.645039513Z    },
2021-06-05T17:59:05.645042413Z    "browser": {
2021-06-05T17:59:05.645045514Z       "check_default_browser": false
2021-06-05T17:59:05.645048714Z    },
2021-06-05T17:59:05.645051714Z    "distribution": {
2021-06-05T17:59:05.645055414Z       "import_bookmarks": false,
2021-06-05T17:59:05.645058515Z       "import_history": false,
2021-06-05T17:59:05.645061715Z       "import_search_engine": false,
2021-06-05T17:59:05.645064915Z       "make_chrome_default_for_user": false,
2021-06-05T17:59:05.645068015Z       "skip_first_run_ui": true
2021-06-05T17:59:05.645071215Z    },
2021-06-05T17:59:05.645074116Z    "dns_prefetching": {
2021-06-05T17:59:05.645077116Z       "enabled": false
2021-06-05T17:59:05.645080216Z    },
2021-06-05T17:59:05.645083216Z    "download": {
2021-06-05T17:59:05.645086317Z       "default_directory": "/home/selenium/Downloads",
2021-06-05T17:59:05.645089617Z       "prompt_for_download": false
2021-06-05T17:59:05.645092717Z    },
2021-06-05T17:59:05.645095617Z    "profile": {
2021-06-05T17:59:05.645098717Z       "content_settings": {
2021-06-05T17:59:05.645101718Z          "pattern_pairs": {
2021-06-05T17:59:05.645104818Z             "https://*,*": {
2021-06-05T17:59:05.645107918Z                "media-stream": {
2021-06-05T17:59:05.645111018Z                   "audio": "Default",
2021-06-05T17:59:05.645114219Z                   "video": "Default"
2021-06-05T17:59:05.645117419Z                }
2021-06-05T17:59:05.645123619Z             }
2021-06-05T17:59:05.645126619Z          }
2021-06-05T17:59:05.645129620Z       },
2021-06-05T17:59:05.645132620Z       "default_content_setting_values": {
2021-06-05T17:59:05.645135820Z          "geolocation": 1
2021-06-05T17:59:05.645138920Z       },
2021-06-05T17:59:05.645141920Z       "default_content_settings": {
2021-06-05T17:59:05.645145021Z          "geolocation": 1,
2021-06-05T17:59:05.645148121Z          "mouselock": 1,
2021-06-05T17:59:05.645151121Z          "notifications": 1,
2021-06-05T17:59:05.645154321Z          "popups": 0,
2021-06-05T17:59:05.645157922Z          "ppapi-broker": 1
2021-06-05T17:59:05.645161122Z       },
2021-06-05T17:59:05.645164122Z       "password_manager_enabled": false
2021-06-05T17:59:05.645167222Z    },
2021-06-05T17:59:05.645170222Z    "safebrowsing": {
2021-06-05T17:59:05.645173223Z       "enabled": false
2021-06-05T17:59:05.645176323Z    },
2021-06-05T17:59:05.645179223Z    "search": {
2021-06-05T17:59:05.645182223Z       "suggest_enabled": false
2021-06-05T17:59:05.645185323Z    },
2021-06-05T17:59:05.645188224Z    "translate": {
2021-06-05T17:59:05.645191324Z       "enabled": false
2021-06-05T17:59:05.645194324Z    }
2021-06-05T17:59:05.645197224Z }
2021-06-05T17:59:05.645200225Z [1622915945.643][INFO]: Populating Local State file: {
2021-06-05T17:59:05.645203425Z    "background_mode": {
2021-06-05T17:59:05.645206425Z       "enabled": false
2021-06-05T17:59:05.645209525Z    },
2021-06-05T17:59:05.645212425Z    "ssl": {
2021-06-05T17:59:05.645215426Z       "rev_checking": {
2021-06-05T17:59:05.645218526Z          "enabled": false
2021-06-05T17:59:05.645221526Z       }
2021-06-05T17:59:05.645224626Z    }
2021-06-05T17:59:05.645227526Z }
2021-06-05T17:59:05.645230827Z [1622915945.643][INFO]: Launching chrome: /usr/bin/google-chrome --disable-background-networking --disable-client-side-phishing-detection --disable-default-apps --disable-hang-monitor --disable-popup-blocking --disable-prompt-on-repost --disable-sync --enable-automation --enable-blink-features=ShadowDOMV0 --enable-logging --log-level=0 --no-first-run --no-service-autorun --password-store=basic --remote-debugging-port=0 --test-type=webdriver --use-mock-keychain --user-data-dir=/tmp/.com.google.Chrome.OR0akF data:,
2021-06-05T17:59:06.090558834Z  --- x11vnc loop: waiting for: 108
2021-06-05T17:59:06.090578235Z 
2021-06-05T17:59:06.446648507Z PORT=5900
2021-06-05T17:59:06.777800839Z [83:113:0605/175906.777659:ERROR:bus.cc(393)] Failed to connect to the bus: Failed to connect to socket /var/run/dbus/system_bus_socket: No such file or directory
2021-06-05T17:59:06.948455860Z [83:122:0605/175906.948323:ERROR:bus.cc(393)] Failed to connect to the bus: Address does not contain a colon
2021-06-05T17:59:06.948553267Z [83:122:0605/175906.948473:ERROR:bus.cc(393)] Failed to connect to the bus: Address does not contain a colon
2021-06-05T17:59:07.028699465Z [1622915947.029][DEBUG]: DevTools HTTP Request: http://localhost:36493/json/version
2021-06-05T17:59:07.028718466Z 
2021-06-05T17:59:07.028722267Z DevTools listening on ws://127.0.0.1:36493/devtools/browser/51c40110-335e-42c0-91d4-c38a8df292d0
2021-06-05T17:59:07.077003339Z [83:122:0605/175907.076845:ERROR:bus.cc(393)] Failed to connect to the bus: Address does not contain a colon
2021-06-05T17:59:07.077019940Z [83:122:0605/175907.076888:ERROR:bus.cc(393)] Failed to connect to the bus: Address does not contain a colon
2021-06-05T17:59:07.460357417Z [1622915947.460][DEBUG]: DevTools HTTP Response: {
2021-06-05T17:59:07.460378119Z    "Browser": "Chrome/88.0.4324.96",
2021-06-05T17:59:07.460382219Z    "Protocol-Version": "1.3",
2021-06-05T17:59:07.460385819Z    "User-Agent": "Mozilla/5.0 (X11; Linux x86_64) AppleWebKit/537.36 (KHTML, like Gecko) Chrome/88.0.4324.96 Safari/537.36",
2021-06-05T17:59:07.460389520Z    "V8-Version": "8.8.278.14",
2021-06-05T17:59:07.460392920Z    "WebKit-Version": "537.36 (@68dba2d8a0b149a1d3afac56fa74648032bcf46b)",
2021-06-05T17:59:07.460396320Z    "webSocketDebuggerUrl": "ws://localhost:36493/devtools/browser/51c40110-335e-42c0-91d4-c38a8df292d0"
2021-06-05T17:59:07.460399920Z }
2021-06-05T17:59:07.460402921Z 
2021-06-05T17:59:07.460531430Z [1622915947.460][DEBUG]: DevTools HTTP Request: http://localhost:36493/json/list
2021-06-05T17:59:07.515971702Z [124:124:0605/175907.515802:ERROR:sandbox_linux.cc(374)] InitializeSandbox() called with multiple threads in process gpu-process.
2021-06-05T17:59:07.584475487Z [83:179:0605/175907.584364:ERROR:bus.cc(393)] Failed to connect to the bus: Failed to connect to socket /var/run/dbus/system_bus_socket: No such file or directory
2021-06-05T17:59:07.584706403Z [83:179:0605/175907.584658:ERROR:bus.cc(393)] Failed to connect to the bus: Failed to connect to socket /var/run/dbus/system_bus_socket: No such file or directory
2021-06-05T17:59:07.586145404Z [83:179:0605/175907.584791:ERROR:bus.cc(393)] Failed to connect to the bus: Failed to connect to socket /var/run/dbus/system_bus_socket: No such file or directory
2021-06-05T17:59:07.586340518Z [83:179:0605/175907.586298:ERROR:bus.cc(393)] Failed to connect to the bus: Failed to connect to socket /var/run/dbus/system_bus_socket: No such file or directory
2021-06-05T17:59:07.586528131Z [83:179:0605/175907.586488:ERROR:bus.cc(393)] Failed to connect to the bus: Failed to connect to socket /var/run/dbus/system_bus_socket: No such file or directory
2021-06-05T17:59:07.627187871Z [1622915947.627][DEBUG]: DevTools HTTP Response: [ {
2021-06-05T17:59:07.627207772Z    "description": "",
2021-06-05T17:59:07.627219173Z    "devtoolsFrontendUrl": "/devtools/inspector.html?ws=localhost:36493/devtools/page/3539DF2B07C0E8BCEF9B8695E37BD256",
2021-06-05T17:59:07.627222973Z    "id": "3539DF2B07C0E8BCEF9B8695E37BD256",
2021-06-05T17:59:07.627226074Z    "title": "",
2021-06-05T17:59:07.627229174Z    "type": "page",
2021-06-05T17:59:07.627232274Z    "url": "data:,",
2021-06-05T17:59:07.627235474Z    "webSocketDebuggerUrl": "ws://localhost:36493/devtools/page/3539DF2B07C0E8BCEF9B8695E37BD256"
2021-06-05T17:59:07.627238874Z } ]
2021-06-05T17:59:07.627241775Z 
2021-06-05T17:59:07.631974405Z [1622915947.632][DEBUG]: DevTools HTTP Request: http://localhost:36493/json/list
2021-06-05T17:59:07.664560981Z [1622915947.664][DEBUG]: DevTools HTTP Response: [ {
2021-06-05T17:59:07.664592684Z    "description": "",
2021-06-05T17:59:07.664597284Z    "devtoolsFrontendUrl": "/devtools/inspector.html?ws=localhost:36493/devtools/page/3539DF2B07C0E8BCEF9B8695E37BD256",
2021-06-05T17:59:07.664601384Z    "id": "3539DF2B07C0E8BCEF9B8695E37BD256",
2021-06-05T17:59:07.664604885Z    "title": "",
2021-06-05T17:59:07.664608185Z    "type": "page",
2021-06-05T17:59:07.664611485Z    "url": "data:,",
2021-06-05T17:59:07.664614785Z    "webSocketDebuggerUrl": "ws://localhost:36493/devtools/page/3539DF2B07C0E8BCEF9B8695E37BD256"
2021-06-05T17:59:07.664618385Z } ]
2021-06-05T17:59:07.664621386Z 
2021-06-05T17:59:07.667503187Z [1622915947.667][INFO]: resolved localhost to ["127.0.0.1","172.17.0.3","::1"]
2021-06-05T17:59:07.699116295Z [1622915947.699][DEBUG]: DevTools WebSocket Command: Page.addScriptToEvaluateOnNewDocument (id=1) 3539DF2B07C0E8BCEF9B8695E37BD256 {
2021-06-05T17:59:07.699145997Z    "source": "(function () {window.cdc_adoQpoasnfa76pfcZLmcfl_Array = window.Array;window.cdc_adoQpoasnfa76pfcZLmcfl_Promise = window.Promise;window.cdc_adoQpoasnfa76pfcZLmcfl_Symbol = window.Symbol;}) ();"
2021-06-05T17:59:07.699150898Z }
2021-06-05T17:59:07.703931932Z [1622915947.704][DEBUG]: DevTools WebSocket Command: Runtime.evaluate (id=2) 3539DF2B07C0E8BCEF9B8695E37BD256 {
2021-06-05T17:59:07.703947233Z    "expression": "(function () {window.cdc_adoQpoasnfa76pfcZLmcfl_Array = window.Array;window.cdc_adoQpoasnfa76pfcZLmcfl_Promise = window.Promise;window.cdc_adoQpoasnfa76pfcZLmcfl_Symbol = window.Symbol;}) ();"
2021-06-05T17:59:07.703951733Z }
2021-06-05T17:59:07.704125445Z [1622915947.704][DEBUG]: DevTools WebSocket Command: Log.enable (id=3) 3539DF2B07C0E8BCEF9B8695E37BD256 {
2021-06-05T17:59:07.704133046Z 
2021-06-05T17:59:07.704136246Z }
2021-06-05T17:59:07.704288357Z [1622915947.704][DEBUG]: DevTools WebSocket Command: DOM.getDocument (id=4) 3539DF2B07C0E8BCEF9B8695E37BD256 {
2021-06-05T17:59:07.704295257Z 
2021-06-05T17:59:07.704298357Z }
2021-06-05T17:59:07.704460369Z [1622915947.704][DEBUG]: DevTools WebSocket Command: Target.setAutoAttach (id=5) 3539DF2B07C0E8BCEF9B8695E37BD256 {
2021-06-05T17:59:07.704476170Z    "autoAttach": true,
2021-06-05T17:59:07.704479470Z    "flatten": true,
2021-06-05T17:59:07.704482670Z    "waitForDebuggerOnStart": false
2021-06-05T17:59:07.704485970Z }
2021-06-05T17:59:07.704645181Z [1622915947.705][DEBUG]: DevTools WebSocket Command: Page.enable (id=6) 3539DF2B07C0E8BCEF9B8695E37BD256 {
2021-06-05T17:59:07.704652182Z 
2021-06-05T17:59:07.704655182Z }
2021-06-05T17:59:07.704836995Z [1622915947.705][DEBUG]: DevTools WebSocket Command: Page.enable (id=7) 3539DF2B07C0E8BCEF9B8695E37BD256 {
2021-06-05T17:59:07.704843795Z 
2021-06-05T17:59:07.704846796Z }
2021-06-05T17:59:07.856243471Z [1622915947.856][DEBUG]: DevTools WebSocket Response: Page.addScriptToEvaluateOnNewDocument (id=1) 3539DF2B07C0E8BCEF9B8695E37BD256 {
2021-06-05T17:59:07.856271873Z    "identifier": "1"
2021-06-05T17:59:07.856276173Z }
2021-06-05T17:59:07.856476187Z [1622915947.856][DEBUG]: DevTools WebSocket Response: Runtime.evaluate (id=2) 3539DF2B07C0E8BCEF9B8695E37BD256 {
2021-06-05T17:59:07.856570694Z    "result": {
2021-06-05T17:59:07.856576194Z       "type": "undefined"
2021-06-05T17:59:07.856579894Z    }
2021-06-05T17:59:07.856582895Z }
2021-06-05T17:59:07.856587495Z [1622915947.857][DEBUG]: DevTools WebSocket Response: Log.enable (id=3) 3539DF2B07C0E8BCEF9B8695E37BD256 {
2021-06-05T17:59:07.856590995Z 
2021-06-05T17:59:07.856593995Z }
2021-06-05T17:59:07.856718504Z [1622915947.857][DEBUG]: DevTools WebSocket Response: DOM.getDocument (id=4) 3539DF2B07C0E8BCEF9B8695E37BD256 {
2021-06-05T17:59:07.856725105Z    "root": {
2021-06-05T17:59:07.856728505Z       "backendNodeId": 2,
2021-06-05T17:59:07.856731605Z       "baseURL": "data:,",
2021-06-05T17:59:07.856734805Z       "childNodeCount": 0,
2021-06-05T17:59:07.856738005Z       "children": [  ],
2021-06-05T17:59:07.856741006Z       "documentURL": "data:,",
2021-06-05T17:59:07.856744106Z       "localName": "",
2021-06-05T17:59:07.856747206Z       "nodeId": 1,
2021-06-05T17:59:07.856750206Z       "nodeName": "#document",
2021-06-05T17:59:07.856753507Z       "nodeType": 9,
2021-06-05T17:59:07.856756407Z       "nodeValue": "",
2021-06-05T17:59:07.856766907Z       "xmlVersion": ""
2021-06-05T17:59:07.856770308Z    }
2021-06-05T17:59:07.856775808Z }
2021-06-05T17:59:07.856917418Z [1622915947.857][DEBUG]: DevTools WebSocket Response: Target.setAutoAttach (id=5) 3539DF2B07C0E8BCEF9B8695E37BD256 {
2021-06-05T17:59:07.856924018Z 
2021-06-05T17:59:07.856934619Z }
2021-06-05T17:59:07.857017425Z [1622915947.857][DEBUG]: DevTools WebSocket Response: Page.enable (id=6) 3539DF2B07C0E8BCEF9B8695E37BD256 {
2021-06-05T17:59:07.857033926Z 
2021-06-05T17:59:07.857037126Z }
2021-06-05T17:59:07.857261842Z [1622915947.857][DEBUG]: DevTools WebSocket Response: Page.enable (id=7) 3539DF2B07C0E8BCEF9B8695E37BD256 {
2021-06-05T17:59:07.857269743Z 
2021-06-05T17:59:07.857273143Z }
2021-06-05T17:59:07.857403952Z [1622915947.857][DEBUG]: DevTools WebSocket Command: Runtime.enable (id=8) 3539DF2B07C0E8BCEF9B8695E37BD256 {
2021-06-05T17:59:07.857411052Z 
2021-06-05T17:59:07.857414053Z }
2021-06-05T17:59:07.859692512Z [1622915947.860][DEBUG]: DevTools WebSocket Event: DOM.childNodeInserted 3539DF2B07C0E8BCEF9B8695E37BD256 {
2021-06-05T17:59:07.859704613Z    "node": {
2021-06-05T17:59:07.859708213Z       "attributes": [  ],
2021-06-05T17:59:07.859711513Z       "backendNodeId": 3,
2021-06-05T17:59:07.859715013Z       "childNodeCount": 0,
2021-06-05T17:59:07.859718214Z       "frameId": "3539DF2B07C0E8BCEF9B8695E37BD256",
2021-06-05T17:59:07.859721914Z       "localName": "html",
2021-06-05T17:59:07.859725214Z       "nodeId": 2,
2021-06-05T17:59:07.859728614Z       "nodeName": "HTML",
2021-06-05T17:59:07.859731815Z       "nodeType": 1,
2021-06-05T17:59:07.859743515Z       "nodeValue": ""
2021-06-05T17:59:07.859746716Z    },
2021-06-05T17:59:07.859749916Z    "parentNodeId": 1,
2021-06-05T17:59:07.859753016Z    "previousNodeId": 0
2021-06-05T17:59:07.859756216Z }
2021-06-05T17:59:07.859838322Z [1622915947.860][DEBUG]: DevTools WebSocket Event: DOM.childNodeCountUpdated 3539DF2B07C0E8BCEF9B8695E37BD256 {
2021-06-05T17:59:07.859852623Z    "childNodeCount": 1,
2021-06-05T17:59:07.859855923Z    "nodeId": 2
2021-06-05T17:59:07.859859324Z }
2021-06-05T17:59:07.860035336Z [1622915947.860][DEBUG]: DevTools WebSocket Event: DOM.childNodeCountUpdated 3539DF2B07C0E8BCEF9B8695E37BD256 {
2021-06-05T17:59:07.860042436Z    "childNodeCount": 2,
2021-06-05T17:59:07.860045737Z    "nodeId": 2
2021-06-05T17:59:07.860048737Z }
2021-06-05T17:59:07.865726633Z [1622915947.866][DEBUG]: DevTools WebSocket Event: Page.loadEventFired 3539DF2B07C0E8BCEF9B8695E37BD256 {
2021-06-05T17:59:07.865736234Z    "timestamp": 128.483367
2021-06-05T17:59:07.865739734Z }
2021-06-05T17:59:07.865841341Z [1622915947.866][DEBUG]: DevTools WebSocket Command: Runtime.evaluate (id=9) 3539DF2B07C0E8BCEF9B8695E37BD256 {
2021-06-05T17:59:07.865847542Z    "awaitPromise": false,
2021-06-05T17:59:07.865851042Z    "expression": "document.readyState",
2021-06-05T17:59:07.865860843Z    "returnByValue": true
2021-06-05T17:59:07.865873544Z }
2021-06-05T17:59:07.866067057Z [1622915947.866][DEBUG]: DevTools WebSocket Event: Page.frameStoppedLoading 3539DF2B07C0E8BCEF9B8695E37BD256 {
2021-06-05T17:59:07.866074558Z    "frameId": "3539DF2B07C0E8BCEF9B8695E37BD256"
2021-06-05T17:59:07.866078058Z }
2021-06-05T17:59:07.866146063Z [1622915947.866][DEBUG]: DevTools WebSocket Event: DOM.documentUpdated 3539DF2B07C0E8BCEF9B8695E37BD256 {
2021-06-05T17:59:07.866155163Z 
2021-06-05T17:59:07.866158263Z }
2021-06-05T17:59:07.866220368Z [1622915947.866][DEBUG]: DevTools WebSocket Command: DOM.getDocument (id=10) 3539DF2B07C0E8BCEF9B8695E37BD256 {
2021-06-05T17:59:07.866225768Z 
2021-06-05T17:59:07.866228768Z }
2021-06-05T17:59:07.866387780Z [1622915947.866][DEBUG]: DevTools WebSocket Event: Page.domContentEventFired 3539DF2B07C0E8BCEF9B8695E37BD256 {
2021-06-05T17:59:07.866395280Z    "timestamp": 128.503048
2021-06-05T17:59:07.866398480Z }
2021-06-05T17:59:07.866462785Z [1622915947.866][DEBUG]: DevTools WebSocket Event: Page.frameResized 3539DF2B07C0E8BCEF9B8695E37BD256 {
2021-06-05T17:59:07.866468085Z 
2021-06-05T17:59:07.866471185Z }
2021-06-05T17:59:07.911206810Z [1622915947.911][DEBUG]: DevTools WebSocket Event: Runtime.executionContextCreated 3539DF2B07C0E8BCEF9B8695E37BD256 {
2021-06-05T17:59:07.911225012Z    "context": {
2021-06-05T17:59:07.911228912Z       "auxData": {
2021-06-05T17:59:07.911232212Z          "frameId": "3539DF2B07C0E8BCEF9B8695E37BD256",
2021-06-05T17:59:07.911235812Z          "isDefault": true,
2021-06-05T17:59:07.911239012Z          "type": "default"
2021-06-05T17:59:07.911251113Z       },
2021-06-05T17:59:07.911254214Z       "id": 1,
2021-06-05T17:59:07.911257414Z       "name": "",
2021-06-05T17:59:07.911260814Z       "origin": "://"
2021-06-05T17:59:07.911264214Z    }
2021-06-05T17:59:07.911267214Z }
2021-06-05T17:59:07.911713146Z [1622915947.912][DEBUG]: DevTools WebSocket Response: Runtime.enable (id=8) 3539DF2B07C0E8BCEF9B8695E37BD256 {
2021-06-05T17:59:07.911723546Z 
2021-06-05T17:59:07.911726547Z }
2021-06-05T17:59:07.911893658Z [1622915947.912][DEBUG]: DevTools WebSocket Response: Runtime.evaluate (id=9) 3539DF2B07C0E8BCEF9B8695E37BD256 {
2021-06-05T17:59:07.911997865Z    "result": {
2021-06-05T17:59:07.912003566Z       "type": "string",
2021-06-05T17:59:07.912007166Z       "value": "complete"
2021-06-05T17:59:07.912010366Z    }
2021-06-05T17:59:07.912013267Z }
2021-06-05T17:59:07.912136875Z [1622915947.912][DEBUG]: DevTools WebSocket Command: Page.enable (id=11) 3539DF2B07C0E8BCEF9B8695E37BD256 {
2021-06-05T17:59:07.912152376Z 
2021-06-05T17:59:07.912155477Z }
2021-06-05T17:59:07.912470198Z [1622915947.912][DEBUG]: DevTools WebSocket Response: DOM.getDocument (id=10) 3539DF2B07C0E8BCEF9B8695E37BD256 {
2021-06-05T17:59:07.912478699Z    "root": {
2021-06-05T17:59:07.912481899Z       "backendNodeId": 2,
2021-06-05T17:59:07.912485000Z       "baseURL": "data:,",
2021-06-05T17:59:07.912488400Z       "childNodeCount": 1,
2021-06-05T17:59:07.912491600Z       "children": [ {
2021-06-05T17:59:07.912494600Z          "attributes": [  ],
2021-06-05T17:59:07.912497700Z          "backendNodeId": 3,
2021-06-05T17:59:07.912500701Z          "childNodeCount": 2,
2021-06-05T17:59:07.912503801Z          "children": [ {
2021-06-05T17:59:07.912506801Z             "attributes": [  ],
2021-06-05T17:59:07.912509901Z             "backendNodeId": 4,
2021-06-05T17:59:07.912513001Z             "childNodeCount": 0,
2021-06-05T17:59:07.912524102Z             "localName": "head",
2021-06-05T17:59:07.912527402Z             "nodeId": 5,
2021-06-05T17:59:07.912530403Z             "nodeName": "HEAD",
2021-06-05T17:59:07.912533503Z             "nodeType": 1,
2021-06-05T17:59:07.912536503Z             "nodeValue": "",
2021-06-05T17:59:07.912539603Z             "parentId": 4
2021-06-05T17:59:07.912542604Z          }, {
2021-06-05T17:59:07.912545604Z             "attributes": [  ],
2021-06-05T17:59:07.912548904Z             "backendNodeId": 5,
2021-06-05T17:59:07.912551904Z             "childNodeCount": 0,
2021-06-05T17:59:07.912555004Z             "localName": "body",
2021-06-05T17:59:07.912558005Z             "nodeId": 6,
2021-06-05T17:59:07.912561005Z             "nodeName": "BODY",
2021-06-05T17:59:07.912564005Z             "nodeType": 1,
2021-06-05T17:59:07.912566905Z             "nodeValue": "",
2021-06-05T17:59:07.912569905Z             "parentId": 4
2021-06-05T17:59:07.912572906Z          } ],
2021-06-05T17:59:07.912575806Z          "frameId": "3539DF2B07C0E8BCEF9B8695E37BD256",
2021-06-05T17:59:07.912579006Z          "localName": "html",
2021-06-05T17:59:07.912582006Z          "nodeId": 4,
2021-06-05T17:59:07.912584907Z          "nodeName": "HTML",
2021-06-05T17:59:07.912588007Z          "nodeType": 1,
2021-06-05T17:59:07.912590907Z          "nodeValue": "",
2021-06-05T17:59:07.912593907Z          "parentId": 3
2021-06-05T17:59:07.912603108Z       } ],
2021-06-05T17:59:07.912606008Z       "documentURL": "data:,",
2021-06-05T17:59:07.912609108Z       "localName": "",
2021-06-05T17:59:07.912612008Z       "nodeId": 3,
2021-06-05T17:59:07.912615009Z       "nodeName": "#document",
2021-06-05T17:59:07.912618209Z       "nodeType": 9,
2021-06-05T17:59:07.912621209Z       "nodeValue": "",
2021-06-05T17:59:07.912624209Z       "xmlVersion": ""
2021-06-05T17:59:07.912627309Z    }
2021-06-05T17:59:07.912630310Z }
2021-06-05T17:59:07.913364761Z [1622915947.913][DEBUG]: DevTools WebSocket Response: Page.enable (id=11) 3539DF2B07C0E8BCEF9B8695E37BD256 {
2021-06-05T17:59:07.913376662Z 
2021-06-05T17:59:07.913379862Z }
2021-06-05T17:59:07.913469068Z [1622915947.913][DEBUG]: DevTools WebSocket Command: Runtime.enable (id=12) 3539DF2B07C0E8BCEF9B8695E37BD256 {
2021-06-05T17:59:07.913475969Z 
2021-06-05T17:59:07.913488570Z }
2021-06-05T17:59:07.914030307Z [1622915947.914][DEBUG]: DevTools WebSocket Response: Runtime.enable (id=12) 3539DF2B07C0E8BCEF9B8695E37BD256 {
2021-06-05T17:59:07.914040208Z 
2021-06-05T17:59:07.914043308Z }
2021-06-05T17:59:07.917425445Z [1622915947.917][DEBUG]: DevTools WebSocket Command: Runtime.evaluate (id=13) 3539DF2B07C0E8BCEF9B8695E37BD256 {
2021-06-05T17:59:07.917436445Z    "awaitPromise": true,
2021-06-05T17:59:07.917440046Z    "expression": "(function() { // Copyright (c) 2012 The Chromium Authors. All rights reserved.\n// Use of this source code is governed by a BSD-style license that can be\n// found in the LICENSE file.\n\n/**\n * Enum f...",
2021-06-05T17:59:07.917444446Z    "returnByValue": true
2021-06-05T17:59:07.917447646Z }
2021-06-05T17:59:07.936780297Z [1622915947.937][DEBUG]: DevTools WebSocket Response: Runtime.evaluate (id=13) 3539DF2B07C0E8BCEF9B8695E37BD256 {
2021-06-05T17:59:07.936792997Z    "result": {
2021-06-05T17:59:07.936796598Z       "type": "object",
2021-06-05T17:59:07.936800298Z       "value": {
2021-06-05T17:59:07.936803398Z          "status": 0,
2021-06-05T17:59:07.936806698Z          "value": 1
2021-06-05T17:59:07.936809999Z       }
2021-06-05T17:59:07.936813099Z    }
2021-06-05T17:59:07.936823200Z }
2021-06-05T17:59:07.936991911Z [1622915947.937][INFO]: [9455dc893fa937a0b7f59a43bdcdd56d] RESPONSE InitSession {
2021-06-05T17:59:07.936998512Z    "capabilities": {
2021-06-05T17:59:07.937001912Z       "acceptInsecureCerts": false,
2021-06-05T17:59:07.937005212Z       "browserName": "chrome",
2021-06-05T17:59:07.937008513Z       "browserVersion": "88.0.4324.96",
2021-06-05T17:59:07.937011913Z       "chrome": {
2021-06-05T17:59:07.937023714Z          "chromedriverVersion": "88.0.4324.27 (6347fe8bf1e48bd0c54d07dc55ca011cf40861c9-refs/branch-heads/4324@{#450})",
2021-06-05T17:59:07.937027214Z          "userDataDir": "/tmp/.com.google.Chrome.OR0akF"
2021-06-05T17:59:07.937030614Z       },
2021-06-05T17:59:07.937033614Z       "goog:chromeOptions": {
2021-06-05T17:59:07.937036715Z          "debuggerAddress": "localhost:36493"
2021-06-05T17:59:07.937046015Z       },
2021-06-05T17:59:07.937049215Z       "networkConnectionEnabled": false,
2021-06-05T17:59:07.937052316Z       "pageLoadStrategy": "normal",
2021-06-05T17:59:07.937055516Z       "platformName": "linux",
2021-06-05T17:59:07.937058816Z       "proxy": {
2021-06-05T17:59:07.937061816Z 
2021-06-05T17:59:07.937064916Z       },
2021-06-05T17:59:07.937067917Z       "setWindowRect": true,
2021-06-05T17:59:07.937071017Z       "strictFileInteractability": false,
2021-06-05T17:59:07.937074217Z       "timeouts": {
2021-06-05T17:59:07.937077217Z          "implicit": 0,
2021-06-05T17:59:07.937080818Z          "pageLoad": 300000,
2021-06-05T17:59:07.937084018Z          "script": 30000
2021-06-05T17:59:07.937087018Z       },
2021-06-05T17:59:07.937090018Z       "unhandledPromptBehavior": "dismiss and notify",
2021-06-05T17:59:07.937093318Z       "webauthn:extension:largeBlob": true,
2021-06-05T17:59:07.937096419Z       "webauthn:virtualAuthenticators": true
2021-06-05T17:59:07.937099519Z    },
2021-06-05T17:59:07.937102519Z    "sessionId": "9455dc893fa937a0b7f59a43bdcdd56d"
2021-06-05T17:59:07.937105819Z }
2021-06-05T17:59:08.293640024Z [1622915948.285][INFO]: [9455dc893fa937a0b7f59a43bdcdd56d] COMMAND SetTimeouts {
2021-06-05T17:59:08.293660325Z    "implicit": 30000
2021-06-05T17:59:08.293685227Z }
2021-06-05T17:59:08.293692028Z [1622915948.285][INFO]: [9455dc893fa937a0b7f59a43bdcdd56d] RESPONSE SetTimeouts
2021-06-05T17:59:08.377544785Z [1622915948.374][INFO]: [9455dc893fa937a0b7f59a43bdcdd56d] COMMAND Navigate {
2021-06-05T17:59:08.377573887Z    "url": "https://www.selenium.dev/downloads/"
2021-06-05T17:59:08.377578487Z }
2021-06-05T17:59:08.377581788Z [1622915948.374][INFO]: Waiting for pending navigations...
2021-06-05T17:59:08.377585088Z [1622915948.374][DEBUG]: DevTools WebSocket Command: Runtime.evaluate (id=14) 3539DF2B07C0E8BCEF9B8695E37BD256 {
2021-06-05T17:59:08.377588588Z    "expression": "1"
2021-06-05T17:59:08.377591988Z }
2021-06-05T17:59:08.377594989Z [1622915948.375][DEBUG]: DevTools WebSocket Response: Runtime.evaluate (id=14) 3539DF2B07C0E8BCEF9B8695E37BD256 {
2021-06-05T17:59:08.377606089Z    "result": {
2021-06-05T17:59:08.377609490Z       "description": "1",
2021-06-05T17:59:08.377612890Z       "type": "number",
2021-06-05T17:59:08.377616190Z       "value": 1
2021-06-05T17:59:08.377619290Z    }
2021-06-05T17:59:08.377622390Z }
2021-06-05T17:59:08.377625391Z [1622915948.375][INFO]: Done waiting for pending navigations. Status: ok
2021-06-05T17:59:08.377628691Z [1622915948.375][DEBUG]: DevTools WebSocket Command: Page.navigate (id=15) 3539DF2B07C0E8BCEF9B8695E37BD256 {
2021-06-05T17:59:08.377632291Z    "url": "https://www.selenium.dev/downloads/"
2021-06-05T17:59:08.377635691Z }
2021-06-05T17:59:08.773703658Z [1622915948.774][DEBUG]: DevTools WebSocket Response: Page.navigate (id=15) 3539DF2B07C0E8BCEF9B8695E37BD256 {
2021-06-05T17:59:08.773718159Z    "frameId": "3539DF2B07C0E8BCEF9B8695E37BD256",
2021-06-05T17:59:08.773721959Z    "loaderId": "854D2AB402BF2ED385C7CB13DBEDF93E"
2021-06-05T17:59:08.773725359Z }
2021-06-05T17:59:08.773728459Z [1622915948.774][DEBUG]: DevTools WebSocket Command: Runtime.evaluate (id=16) 3539DF2B07C0E8BCEF9B8695E37BD256 {
2021-06-05T17:59:08.773731760Z    "expression": "document.URL"
2021-06-05T17:59:08.773742460Z }
2021-06-05T17:59:08.774501313Z [1622915948.774][DEBUG]: DevTools WebSocket Event: Runtime.executionContextsCleared 3539DF2B07C0E8BCEF9B8695E37BD256 {
2021-06-05T17:59:08.774518315Z 
2021-06-05T17:59:08.774522515Z }
2021-06-05T17:59:08.777060992Z [1622915948.777][DEBUG]: DevTools WebSocket Event: Page.frameStartedLoading 3539DF2B07C0E8BCEF9B8695E37BD256 {
2021-06-05T17:59:08.777076693Z    "frameId": "3539DF2B07C0E8BCEF9B8695E37BD256"
2021-06-05T17:59:08.777081294Z }
2021-06-05T17:59:08.850055091Z [1622915948.850][DEBUG]: DevTools WebSocket Event: Runtime.executionContextsCleared 3539DF2B07C0E8BCEF9B8695E37BD256 {
2021-06-05T17:59:08.850085193Z 
2021-06-05T17:59:08.850089093Z }
2021-06-05T17:59:08.850353712Z [1622915948.850][DEBUG]: DevTools WebSocket Event: Page.frameNavigated 3539DF2B07C0E8BCEF9B8695E37BD256 {
2021-06-05T17:59:08.850362312Z    "frame": {
2021-06-05T17:59:08.850365713Z       "adFrameType": "none",
2021-06-05T17:59:08.850369313Z       "crossOriginIsolatedContextType": "NotIsolated",
2021-06-05T17:59:08.850372813Z       "domainAndRegistry": "selenium.dev",
2021-06-05T17:59:08.850376113Z       "gatedAPIFeatures": [ "SharedArrayBuffers", "SharedArrayBuffersTransferAllowed" ],
2021-06-05T17:59:08.850379714Z       "id": "3539DF2B07C0E8BCEF9B8695E37BD256",
2021-06-05T17:59:08.850382914Z       "loaderId": "854D2AB402BF2ED385C7CB13DBEDF93E",
2021-06-05T17:59:08.850386214Z       "mimeType": "text/html",
2021-06-05T17:59:08.850406816Z       "secureContextType": "Secure",
2021-06-05T17:59:08.850410516Z       "securityOrigin": "https://www.selenium.dev",
2021-06-05T17:59:08.850413716Z       "url": "https://www.selenium.dev/downloads/"
2021-06-05T17:59:08.850417016Z    }
2021-06-05T17:59:08.850420016Z }
2021-06-05T17:59:08.850616130Z [1622915948.851][DEBUG]: DevTools WebSocket Event: DOM.documentUpdated 3539DF2B07C0E8BCEF9B8695E37BD256 {
2021-06-05T17:59:08.850623731Z 
2021-06-05T17:59:08.850626831Z }
2021-06-05T17:59:08.850691735Z [1622915948.851][DEBUG]: DevTools WebSocket Command: DOM.getDocument (id=17) 3539DF2B07C0E8BCEF9B8695E37BD256 {
2021-06-05T17:59:08.850697336Z 
2021-06-05T17:59:08.850700236Z }
2021-06-05T17:59:08.850960554Z [1622915948.851][DEBUG]: DevTools WebSocket Event: Runtime.executionContextCreated 3539DF2B07C0E8BCEF9B8695E37BD256 {
2021-06-05T17:59:08.850969355Z    "context": {
2021-06-05T17:59:08.850972655Z       "auxData": {
2021-06-05T17:59:08.850975755Z          "frameId": "3539DF2B07C0E8BCEF9B8695E37BD256",
2021-06-05T17:59:08.850979255Z          "isDefault": true,
2021-06-05T17:59:08.850982356Z          "type": "default"
2021-06-05T17:59:08.850985656Z       },
2021-06-05T17:59:08.850988756Z       "id": 1,
2021-06-05T17:59:08.850991756Z       "name": "",
2021-06-05T17:59:08.850995157Z       "origin": "https://www.selenium.dev"
2021-06-05T17:59:08.850998357Z    }
2021-06-05T17:59:08.851001457Z }
2021-06-05T17:59:09.243383147Z [1622915949.243][DEBUG]: DevTools WebSocket Response: Runtime.evaluate (id=16) 3539DF2B07C0E8BCEF9B8695E37BD256 {
2021-06-05T17:59:09.243405349Z    "result": {
2021-06-05T17:59:09.243409349Z       "type": "string",
2021-06-05T17:59:09.243412950Z       "value": "https://www.selenium.dev/downloads/"
2021-06-05T17:59:09.243416550Z    }
2021-06-05T17:59:09.243419650Z }
2021-06-05T17:59:09.245703309Z [1622915949.246][INFO]: Waiting for pending navigations...
2021-06-05T17:59:09.245735112Z [1622915949.246][DEBUG]: DevTools WebSocket Command: Runtime.evaluate (id=18) 3539DF2B07C0E8BCEF9B8695E37BD256 {
2021-06-05T17:59:09.245739412Z    "expression": "1"
2021-06-05T17:59:09.245742912Z }
2021-06-05T17:59:09.246296651Z [1622915949.246][DEBUG]: DevTools WebSocket Response: DOM.getDocument (id=17) 3539DF2B07C0E8BCEF9B8695E37BD256 {
2021-06-05T17:59:09.246307351Z    "root": {
2021-06-05T17:59:09.246311052Z       "backendNodeId": 1,
2021-06-05T17:59:09.246314552Z       "baseURL": "https://www.selenium.dev/downloads/",
2021-06-05T17:59:09.246317952Z       "childNodeCount": 0,
2021-06-05T17:59:09.246331353Z       "children": [  ],
2021-06-05T17:59:09.246334553Z       "documentURL": "https://www.selenium.dev/downloads/",
2021-06-05T17:59:09.246337854Z       "localName": "",
2021-06-05T17:59:09.246340954Z       "nodeId": 1,
2021-06-05T17:59:09.246344154Z       "nodeName": "#document",
2021-06-05T17:59:09.246347254Z       "nodeType": 9,
2021-06-05T17:59:09.246350354Z       "nodeValue": "",
2021-06-05T17:59:09.246353455Z       "xmlVersion": ""
2021-06-05T17:59:09.246356755Z    }
2021-06-05T17:59:09.246359655Z }
2021-06-05T17:59:09.405740673Z [1622915949.406][DEBUG]: DevTools WebSocket Event: DOM.childNodeInserted 3539DF2B07C0E8BCEF9B8695E37BD256 {
2021-06-05T17:59:09.405755574Z    "node": {
2021-06-05T17:59:09.405759275Z       "backendNodeId": 2,
2021-06-05T17:59:09.405762875Z       "localName": "",
2021-06-05T17:59:09.405766275Z       "nodeId": 2,
2021-06-05T17:59:09.405769375Z       "nodeName": "html",
2021-06-05T17:59:09.405772776Z       "nodeType": 10,
2021-06-05T17:59:09.405776276Z       "nodeValue": "",
2021-06-05T17:59:09.405779376Z       "publicId": "",
2021-06-05T17:59:09.405782476Z       "systemId": ""
2021-06-05T17:59:09.405785577Z    },
2021-06-05T17:59:09.405788577Z    "parentNodeId": 1,
2021-06-05T17:59:09.405791777Z    "previousNodeId": 0
2021-06-05T17:59:09.405794877Z }
2021-06-05T17:59:09.405810278Z [1622915949.406][DEBUG]: DevTools WebSocket Event: DOM.childNodeInserted 3539DF2B07C0E8BCEF9B8695E37BD256 {
2021-06-05T17:59:09.405813979Z    "node": {
2021-06-05T17:59:09.405817079Z       "attributes": [  ],
2021-06-05T17:59:09.405820279Z       "backendNodeId": 3,
2021-06-05T17:59:09.405824079Z       "childNodeCount": 0,
2021-06-05T17:59:09.405827280Z       "frameId": "3539DF2B07C0E8BCEF9B8695E37BD256",
2021-06-05T17:59:09.405830680Z       "localName": "html",
2021-06-05T17:59:09.405833880Z       "nodeId": 3,
2021-06-05T17:59:09.405836980Z       "nodeName": "HTML",
2021-06-05T17:59:09.405840180Z       "nodeType": 1,
2021-06-05T17:59:09.405843281Z       "nodeValue": ""
2021-06-05T17:59:09.405846381Z    },
2021-06-05T17:59:09.405849381Z    "parentNodeId": 1,
2021-06-05T17:59:09.405852481Z    "previousNodeId": 2
2021-06-05T17:59:09.405855681Z }
2021-06-05T17:59:09.405866182Z [1622915949.406][DEBUG]: DevTools WebSocket Event: DOM.childNodeCountUpdated 3539DF2B07C0E8BCEF9B8695E37BD256 {
2021-06-05T17:59:09.405869682Z    "childNodeCount": 1,
2021-06-05T17:59:09.405881683Z    "nodeId": 3
2021-06-05T17:59:09.405884784Z }
2021-06-05T17:59:09.405887784Z [1622915949.406][DEBUG]: DevTools WebSocket Event: DOM.childNodeCountUpdated 3539DF2B07C0E8BCEF9B8695E37BD256 {
2021-06-05T17:59:09.405891084Z    "childNodeCount": 2,
2021-06-05T17:59:09.405894184Z    "nodeId": 3
2021-06-05T17:59:09.405897184Z }
2021-06-05T17:59:09.405910185Z [1622915949.406][DEBUG]: DevTools WebSocket Response: Runtime.evaluate (id=18) 3539DF2B07C0E8BCEF9B8695E37BD256 {
2021-06-05T17:59:09.405913686Z    "result": {
2021-06-05T17:59:09.405916786Z       "description": "1",
2021-06-05T17:59:09.405919986Z       "type": "number",
2021-06-05T17:59:09.405923186Z       "value": 1
2021-06-05T17:59:09.405926286Z    }
2021-06-05T17:59:09.405929387Z }
2021-06-05T17:59:09.907074946Z [1622915949.907][DEBUG]: DevTools WebSocket Command: Runtime.evaluate (id=19) 3539DF2B07C0E8BCEF9B8695E37BD256 {
2021-06-05T17:59:09.907096248Z    "expression": "1"
2021-06-05T17:59:09.907100348Z }
2021-06-05T17:59:09.909646626Z [1622915949.910][DEBUG]: DevTools WebSocket Response: Runtime.evaluate (id=19) 3539DF2B07C0E8BCEF9B8695E37BD256 {
2021-06-05T17:59:09.909662127Z    "result": {
2021-06-05T17:59:09.909666127Z       "description": "1",
2021-06-05T17:59:09.909669527Z       "type": "number",
2021-06-05T17:59:09.909673028Z       "value": 1
2021-06-05T17:59:09.909676228Z    }
2021-06-05T17:59:09.909679328Z }
2021-06-05T17:59:09.993252258Z [1622915949.993][DEBUG]: DevTools WebSocket Event: DOM.documentUpdated 3539DF2B07C0E8BCEF9B8695E37BD256 {
2021-06-05T17:59:09.993270959Z 
2021-06-05T17:59:09.993274760Z }
2021-06-05T17:59:09.993289061Z [1622915949.993][DEBUG]: DevTools WebSocket Command: DOM.getDocument (id=20) 3539DF2B07C0E8BCEF9B8695E37BD256 {
2021-06-05T17:59:09.993292761Z 
2021-06-05T17:59:09.993295761Z }
2021-06-05T17:59:09.993432971Z [1622915949.993][DEBUG]: DevTools WebSocket Event: Page.domContentEventFired 3539DF2B07C0E8BCEF9B8695E37BD256 {
2021-06-05T17:59:09.993440271Z    "timestamp": 130.653538
2021-06-05T17:59:09.993443671Z }
2021-06-05T17:59:09.993470573Z [1622915949.993][DEBUG]: DevTools WebSocket Command: Runtime.evaluate (id=21) 3539DF2B07C0E8BCEF9B8695E37BD256 {
2021-06-05T17:59:09.993474874Z    "expression": "1"
2021-06-05T17:59:09.993478274Z }
2021-06-05T17:59:10.017811871Z [1622915950.018][DEBUG]: DevTools WebSocket Response: DOM.getDocument (id=20) 3539DF2B07C0E8BCEF9B8695E37BD256 {
2021-06-05T17:59:10.017831073Z    "root": {
2021-06-05T17:59:10.017835073Z       "backendNodeId": 1,
2021-06-05T17:59:10.017838473Z       "baseURL": "https://www.selenium.dev/downloads/",
2021-06-05T17:59:10.017851874Z       "childNodeCount": 2,
2021-06-05T17:59:10.017855174Z       "children": [ {
2021-06-05T17:59:10.017858375Z          "backendNodeId": 2,
2021-06-05T17:59:10.017861475Z          "localName": "",
2021-06-05T17:59:10.017864675Z          "nodeId": 5,
2021-06-05T17:59:10.017867875Z          "nodeName": "html",
2021-06-05T17:59:10.017871675Z          "nodeType": 10,
2021-06-05T17:59:10.017874876Z          "nodeValue": "",
2021-06-05T17:59:10.017877976Z          "parentId": 4,
2021-06-05T17:59:10.017880976Z          "publicId": "",
2021-06-05T17:59:10.017884176Z          "systemId": ""
2021-06-05T17:59:10.017887277Z       }, {
2021-06-05T17:59:10.017890177Z          "attributes": [  ],
2021-06-05T17:59:10.017893377Z          "backendNodeId": 3,
2021-06-05T17:59:10.017896477Z          "childNodeCount": 2,
2021-06-05T17:59:10.017899477Z          "children": [ {
2021-06-05T17:59:10.017902578Z             "attributes": [  ],
2021-06-05T17:59:10.017905778Z             "backendNodeId": 11,
2021-06-05T17:59:10.017908878Z             "childNodeCount": 4,
2021-06-05T17:59:10.017911978Z             "localName": "head",
2021-06-05T17:59:10.017915078Z             "nodeId": 7,
2021-06-05T17:59:10.017918179Z             "nodeName": "HEAD",
2021-06-05T17:59:10.017921379Z             "nodeType": 1,
2021-06-05T17:59:10.017924379Z             "nodeValue": "",
2021-06-05T17:59:10.017927479Z             "parentId": 6
2021-06-05T17:59:10.017930580Z          }, {
2021-06-05T17:59:10.017933580Z             "attributes": [  ],
2021-06-05T17:59:10.017936780Z             "backendNodeId": 12,
2021-06-05T17:59:10.017939880Z             "childNodeCount": 32,
2021-06-05T17:59:10.017942980Z             "localName": "body",
2021-06-05T17:59:10.017946081Z             "nodeId": 8,
2021-06-05T17:59:10.017949181Z             "nodeName": "BODY",
2021-06-05T17:59:10.017952281Z             "nodeType": 1,
2021-06-05T17:59:10.017955281Z             "nodeValue": "",
2021-06-05T17:59:10.017958381Z             "parentId": 6
2021-06-05T17:59:10.017961482Z          } ],
2021-06-05T17:59:10.017964382Z          "frameId": "3539DF2B07C0E8BCEF9B8695E37BD256",
2021-06-05T17:59:10.017969682Z          "localName": "html",
2021-06-05T17:59:10.017972983Z          "nodeId": 6,
2021-06-05T17:59:10.017976183Z          "nodeName": "HTML",
2021-06-05T17:59:10.017982583Z          "nodeType": 1,
2021-06-05T17:59:10.017985783Z          "nodeValue": "",
2021-06-05T17:59:10.017989084Z          "parentId": 4
2021-06-05T17:59:10.017992284Z       } ],
2021-06-05T17:59:10.017995384Z       "documentURL": "https://www.selenium.dev/downloads/",
2021-06-05T17:59:10.017998684Z       "localName": "",
2021-06-05T17:59:10.018002085Z       "nodeId": 4,
2021-06-05T17:59:10.018005185Z       "nodeName": "#document",
2021-06-05T17:59:10.018008385Z       "nodeType": 9,
2021-06-05T17:59:10.018011385Z       "nodeValue": "",
2021-06-05T17:59:10.018014585Z       "xmlVersion": ""
2021-06-05T17:59:10.018017786Z    }
2021-06-05T17:59:10.018020686Z }
2021-06-05T17:59:10.018035787Z [1622915950.018][DEBUG]: DevTools WebSocket Response: Runtime.evaluate (id=21) 3539DF2B07C0E8BCEF9B8695E37BD256 {
2021-06-05T17:59:10.018039687Z    "result": {
2021-06-05T17:59:10.018042787Z       "description": "1",
2021-06-05T17:59:10.018046088Z       "type": "number",
2021-06-05T17:59:10.018049288Z       "value": 1
2021-06-05T17:59:10.018053088Z    }
2021-06-05T17:59:10.018055988Z }
2021-06-05T17:59:10.173798653Z [1622915950.174][DEBUG]: DevTools WebSocket Event: DOM.childNodeCountUpdated 3539DF2B07C0E8BCEF9B8695E37BD256 {
2021-06-05T17:59:10.173815154Z    "childNodeCount": 5,
2021-06-05T17:59:10.173818854Z    "nodeId": 7
2021-06-05T17:59:10.173822154Z }
2021-06-05T17:59:10.173833955Z [1622915950.174][DEBUG]: DevTools WebSocket Event: DOM.childNodeCountUpdated 3539DF2B07C0E8BCEF9B8695E37BD256 {
2021-06-05T17:59:10.173837656Z    "childNodeCount": 6,
2021-06-05T17:59:10.173840856Z    "nodeId": 7
2021-06-05T17:59:10.173844056Z }
2021-06-05T17:59:10.173847356Z [1622915950.174][DEBUG]: DevTools WebSocket Event: DOM.childNodeCountUpdated 3539DF2B07C0E8BCEF9B8695E37BD256 {
2021-06-05T17:59:10.173850756Z    "childNodeCount": 7,
2021-06-05T17:59:10.173853857Z    "nodeId": 7
2021-06-05T17:59:10.173856957Z }
2021-06-05T17:59:10.173890459Z [1622915950.174][DEBUG]: DevTools WebSocket Command: Runtime.evaluate (id=22) 3539DF2B07C0E8BCEF9B8695E37BD256 {
2021-06-05T17:59:10.173894860Z    "expression": "1"
2021-06-05T17:59:10.173898260Z }
2021-06-05T17:59:10.215047330Z [1622915950.215][DEBUG]: DevTools WebSocket Response: Runtime.evaluate (id=22) 3539DF2B07C0E8BCEF9B8695E37BD256 {
2021-06-05T17:59:10.215067332Z    "result": {
2021-06-05T17:59:10.215071332Z       "description": "1",
2021-06-05T17:59:10.215074832Z       "type": "number",
2021-06-05T17:59:10.215078432Z       "value": 1
2021-06-05T17:59:10.215091433Z    }
2021-06-05T17:59:10.215094534Z }
2021-06-05T17:59:10.719373612Z [1622915950.719][DEBUG]: DevTools WebSocket Command: Runtime.evaluate (id=23) 3539DF2B07C0E8BCEF9B8695E37BD256 {
2021-06-05T17:59:10.719396714Z    "expression": "1"
2021-06-05T17:59:10.719423015Z }
2021-06-05T17:59:11.182188898Z [1622915951.182][DEBUG]: DevTools WebSocket Event: DOM.childNodeCountUpdated 3539DF2B07C0E8BCEF9B8695E37BD256 {
2021-06-05T17:59:11.182210899Z    "childNodeCount": 8,
2021-06-05T17:59:11.182215000Z    "nodeId": 7
2021-06-05T17:59:11.182238901Z }
2021-06-05T17:59:11.184221039Z [1622915951.184][DEBUG]: DevTools WebSocket Event: DOM.childNodeCountUpdated 3539DF2B07C0E8BCEF9B8695E37BD256 {
2021-06-05T17:59:11.184231340Z    "childNodeCount": 9,
2021-06-05T17:59:11.184234740Z    "nodeId": 7
2021-06-05T17:59:11.184238041Z }
2021-06-05T17:59:11.200868401Z [1622915951.201][DEBUG]: DevTools WebSocket Event: DOM.childNodeCountUpdated 3539DF2B07C0E8BCEF9B8695E37BD256 {
2021-06-05T17:59:11.200886602Z    "childNodeCount": 10,
2021-06-05T17:59:11.200890602Z    "nodeId": 7
2021-06-05T17:59:11.200893903Z }
2021-06-05T17:59:11.201130419Z [1622915951.201][DEBUG]: DevTools WebSocket Event: DOM.childNodeCountUpdated 3539DF2B07C0E8BCEF9B8695E37BD256 {
2021-06-05T17:59:11.201136119Z    "childNodeCount": 33,
2021-06-05T17:59:11.201139520Z    "nodeId": 8
2021-06-05T17:59:11.201142620Z }
2021-06-05T17:59:11.447846530Z [1622915951.448][DEBUG]: DevTools WebSocket Response: Runtime.evaluate (id=23) 3539DF2B07C0E8BCEF9B8695E37BD256 {
2021-06-05T17:59:11.447867231Z    "result": {
2021-06-05T17:59:11.447871232Z       "description": "1",
2021-06-05T17:59:11.447888033Z       "type": "number",
2021-06-05T17:59:11.447892233Z       "value": 1
2021-06-05T17:59:11.447895533Z    }
2021-06-05T17:59:11.447898633Z }
2021-06-05T17:59:11.538599461Z [1622915951.538][DEBUG]: DevTools WebSocket Event: Page.loadEventFired 3539DF2B07C0E8BCEF9B8695E37BD256 {
2021-06-05T17:59:11.538615162Z    "timestamp": 132.195558
2021-06-05T17:59:11.538618962Z }
2021-06-05T17:59:11.538622162Z [1622915951.539][DEBUG]: DevTools WebSocket Command: Runtime.evaluate (id=24) 3539DF2B07C0E8BCEF9B8695E37BD256 {
2021-06-05T17:59:11.538625763Z    "awaitPromise": false,
2021-06-05T17:59:11.538629163Z    "expression": "document.readyState",
2021-06-05T17:59:11.538632563Z    "returnByValue": true
2021-06-05T17:59:11.538654665Z }
2021-06-05T17:59:11.538764472Z [1622915951.539][DEBUG]: DevTools WebSocket Event: Page.frameStoppedLoading 3539DF2B07C0E8BCEF9B8695E37BD256 {
2021-06-05T17:59:11.538779173Z    "frameId": "3539DF2B07C0E8BCEF9B8695E37BD256"
2021-06-05T17:59:11.538782774Z }
2021-06-05T17:59:11.543790223Z [1622915951.544][DEBUG]: DevTools WebSocket Response: Runtime.evaluate (id=24) 3539DF2B07C0E8BCEF9B8695E37BD256 {
2021-06-05T17:59:11.543807124Z    "result": {
2021-06-05T17:59:11.543811024Z       "type": "string",
2021-06-05T17:59:11.543814525Z       "value": "complete"
2021-06-05T17:59:11.543817925Z    }
2021-06-05T17:59:11.543820925Z }
2021-06-05T17:59:11.545884369Z [1622915951.546][DEBUG]: DevTools WebSocket Command: Runtime.evaluate (id=25) 3539DF2B07C0E8BCEF9B8695E37BD256 {
2021-06-05T17:59:11.545898770Z    "expression": "1"
2021-06-05T17:59:11.545902770Z }
2021-06-05T17:59:11.547025949Z [1622915951.547][DEBUG]: DevTools WebSocket Response: Runtime.evaluate (id=25) 3539DF2B07C0E8BCEF9B8695E37BD256 {
2021-06-05T17:59:11.547035849Z    "result": {
2021-06-05T17:59:11.547039149Z       "description": "1",
2021-06-05T17:59:11.547042750Z       "type": "number",
2021-06-05T17:59:11.547046050Z       "value": 1
2021-06-05T17:59:11.547049250Z    }
2021-06-05T17:59:11.547052350Z }
2021-06-05T17:59:11.548533254Z [1622915951.548][INFO]: Done waiting for pending navigations. Status: ok
2021-06-05T17:59:11.548544755Z [1622915951.548][INFO]: [9455dc893fa937a0b7f59a43bdcdd56d] RESPONSE Navigate
2021-06-05T17:59:11.561174236Z [1622915951.560][INFO]: [9455dc893fa937a0b7f59a43bdcdd56d] COMMAND Screenshot {
2021-06-05T17:59:11.561194037Z 
2021-06-05T17:59:11.561197737Z }
2021-06-05T17:59:11.561201037Z [1622915951.560][INFO]: Waiting for pending navigations...
2021-06-05T17:59:11.561205038Z [1622915951.560][DEBUG]: DevTools WebSocket Command: Runtime.evaluate (id=26) 3539DF2B07C0E8BCEF9B8695E37BD256 {
2021-06-05T17:59:11.561230539Z    "expression": "1"
2021-06-05T17:59:11.561234140Z }
2021-06-05T17:59:11.634341240Z [1622915951.634][DEBUG]: DevTools WebSocket Response: Runtime.evaluate (id=26) 3539DF2B07C0E8BCEF9B8695E37BD256 {
2021-06-05T17:59:11.634363941Z    "result": {
2021-06-05T17:59:11.634368342Z       "description": "1",
2021-06-05T17:59:11.634384443Z       "type": "number",
2021-06-05T17:59:11.634388443Z       "value": 1
2021-06-05T17:59:11.634391743Z    }
2021-06-05T17:59:11.634394843Z }
2021-06-05T17:59:11.634413245Z [1622915951.634][INFO]: Done waiting for pending navigations. Status: ok
2021-06-05T17:59:11.634510251Z [1622915951.634][DEBUG]: DevTools HTTP Request: http://localhost:36493/json/activate/3539DF2B07C0E8BCEF9B8695E37BD256
2021-06-05T17:59:11.637474558Z [1622915951.637][DEBUG]: DevTools HTTP Response: Target activated
2021-06-05T17:59:11.650743484Z [1622915951.649][DEBUG]: DevTools WebSocket Command: Page.captureScreenshot (id=27) 3539DF2B07C0E8BCEF9B8695E37BD256 {
2021-06-05T17:59:11.650756685Z 
2021-06-05T17:59:11.650760085Z }
2021-06-05T17:59:13.774835260Z [1622915953.775][DEBUG]: DevTools WebSocket Response: Page.captureScreenshot (id=27) 3539DF2B07C0E8BCEF9B8695E37BD256 {
2021-06-05T17:59:13.774855561Z    "data": "iVBORw0KGgoAAAANSUhEUgAAA6kAAAOjCAYAAABZRELVAAAAAXNSR0IArs4c6QAAIABJREFUeJzs3Xd0XPWd///Xnd6kUS+WrGZb7r1hg8H0lgApEBKSzabtbsou37Dlm81udpN8N9/dJGez55tfsptdSGGTQBJCaEsxNhiDARtsI/cqy3JXsbpGmnp/f8geJM2ou..."
2021-06-05T17:59:13.774860461Z }
2021-06-05T17:59:13.775206985Z [1622915953.775][INFO]: Waiting for pending navigations...
2021-06-05T17:59:13.775239888Z [1622915953.775][DEBUG]: DevTools WebSocket Command: Runtime.evaluate (id=28) 3539DF2B07C0E8BCEF9B8695E37BD256 {
2021-06-05T17:59:13.775244388Z    "expression": "1"
2021-06-05T17:59:13.775247888Z }
2021-06-05T17:59:13.785156780Z [1622915953.785][DEBUG]: DevTools WebSocket Response: Runtime.evaluate (id=28) 3539DF2B07C0E8BCEF9B8695E37BD256 {
2021-06-05T17:59:13.785174081Z    "result": {
2021-06-05T17:59:13.785177881Z       "description": "1",
2021-06-05T17:59:13.785181381Z       "type": "number",
2021-06-05T17:59:13.785186682Z       "value": 1
2021-06-05T17:59:13.785189982Z    }
2021-06-05T17:59:13.785193082Z }
2021-06-05T17:59:13.787146218Z [1622915953.787][INFO]: Done waiting for pending navigations. Status: ok
2021-06-05T17:59:13.787321431Z [1622915953.787][INFO]: [9455dc893fa937a0b7f59a43bdcdd56d] RESPONSE Screenshot "iVBORw0KGgoAAAANSUhEUgAAA6kAAAOjCAYAAABZRELVAAAAAXNSR0IArs4c6QAAIABJREFUeJzs3Xd0XPWd///Xnd6kUS+WrGZb7r1hg8H0lgApEBKSzabtbsou37Dlm81udpN8N9/dJGez55tfsptdSGGTQBJCaEsxNhiDARtsI/cqy3JXsbpGmnp/f8geJM2ou..."
2021-06-05T17:59:13.909468852Z [1622915953.908][INFO]: [9455dc893fa937a0b7f59a43bdcdd56d] COMMAND FindElement {
2021-06-05T17:59:13.909493953Z    "using": "css selector",
2021-06-05T17:59:13.909498154Z    "value": "a[href*=\"IEDriverServer_Win32_3\"]"
2021-06-05T17:59:13.909502054Z }
2021-06-05T17:59:13.909505054Z [1622915953.908][INFO]: Waiting for pending navigations...
2021-06-05T17:59:13.909508554Z [1622915953.908][DEBUG]: DevTools WebSocket Command: Runtime.evaluate (id=29) 3539DF2B07C0E8BCEF9B8695E37BD256 {
2021-06-05T17:59:13.909511855Z    "expression": "1"
2021-06-05T17:59:13.909515255Z }
2021-06-05T17:59:13.909518255Z [1622915953.909][DEBUG]: DevTools WebSocket Response: Runtime.evaluate (id=29) 3539DF2B07C0E8BCEF9B8695E37BD256 {
2021-06-05T17:59:13.909521755Z    "result": {
2021-06-05T17:59:13.909524855Z       "description": "1",
2021-06-05T17:59:13.909528156Z       "type": "number",
2021-06-05T17:59:13.909531356Z       "value": 1
2021-06-05T17:59:13.909534556Z    }
2021-06-05T17:59:13.909547957Z }
2021-06-05T17:59:13.909551057Z [1622915953.909][INFO]: Done waiting for pending navigations. Status: ok
2021-06-05T17:59:13.915251955Z [1622915953.915][DEBUG]: DevTools WebSocket Command: Runtime.evaluate (id=30) 3539DF2B07C0E8BCEF9B8695E37BD256 {
2021-06-05T17:59:13.915272156Z    "awaitPromise": true,
2021-06-05T17:59:13.915276157Z    "expression": "(function() { // Copyright (c) 2012 The Chromium Authors. All rights reserved.\n// Use of this source code is governed by a BSD-style license that can be\n// found in the LICENSE file.\n\n/**\n * Enum f...",
2021-06-05T17:59:13.915280757Z    "returnByValue": true
2021-06-05T17:59:13.915284157Z }
2021-06-05T17:59:13.934981531Z [1622915953.935][DEBUG]: DevTools WebSocket Response: Runtime.evaluate (id=30) 3539DF2B07C0E8BCEF9B8695E37BD256 {
2021-06-05T17:59:13.935002633Z    "result": {
2021-06-05T17:59:13.935006533Z       "type": "object",
2021-06-05T17:59:13.935010833Z       "value": {
2021-06-05T17:59:13.935014034Z          "status": 0,
2021-06-05T17:59:13.935017334Z          "value": {
2021-06-05T17:59:13.935020534Z             "element-6066-11e4-a52e-4f735466cecf": "0b2634ef-b843-4177-98d5-7c12a813bf57"
2021-06-05T17:59:13.935024134Z          }
2021-06-05T17:59:13.935027334Z       }
2021-06-05T17:59:13.935030235Z    }
2021-06-05T17:59:13.935033335Z }
2021-06-05T17:59:13.935087139Z [1622915953.935][INFO]: Waiting for pending navigations...
2021-06-05T17:59:13.935133642Z [1622915953.935][DEBUG]: DevTools WebSocket Command: Runtime.evaluate (id=31) 3539DF2B07C0E8BCEF9B8695E37BD256 {
2021-06-05T17:59:13.935138242Z    "expression": "1"
2021-06-05T17:59:13.935141642Z }
2021-06-05T17:59:13.941981820Z [1622915953.942][DEBUG]: DevTools WebSocket Response: Runtime.evaluate (id=31) 3539DF2B07C0E8BCEF9B8695E37BD256 {
2021-06-05T17:59:13.942000021Z    "result": {
2021-06-05T17:59:13.942003821Z       "description": "1",
2021-06-05T17:59:13.942007321Z       "type": "number",
2021-06-05T17:59:13.942010622Z       "value": 1
2021-06-05T17:59:13.942013822Z    }
2021-06-05T17:59:13.942017022Z }
2021-06-05T17:59:13.942020022Z [1622915953.942][INFO]: Done waiting for pending navigations. Status: ok
2021-06-05T17:59:13.942032323Z [1622915953.942][INFO]: [9455dc893fa937a0b7f59a43bdcdd56d] RESPONSE FindElement {
2021-06-05T17:59:13.942035823Z    "element-6066-11e4-a52e-4f735466cecf": "0b2634ef-b843-4177-98d5-7c12a813bf57"
2021-06-05T17:59:13.942039424Z }
2021-06-05T17:59:13.949474442Z [1622915953.947][INFO]: [9455dc893fa937a0b7f59a43bdcdd56d] COMMAND ClickElement {
2021-06-05T17:59:13.949495444Z    "id": "0b2634ef-b843-4177-98d5-7c12a813bf57"
2021-06-05T17:59:13.949523346Z }
2021-06-05T17:59:13.949527146Z [1622915953.947][INFO]: Waiting for pending navigations...
2021-06-05T17:59:13.949530446Z [1622915953.947][DEBUG]: DevTools WebSocket Command: Runtime.evaluate (id=32) 3539DF2B07C0E8BCEF9B8695E37BD256 {
2021-06-05T17:59:13.949533846Z    "expression": "1"
2021-06-05T17:59:13.949537147Z }
2021-06-05T17:59:13.953163800Z [1622915953.953][DEBUG]: DevTools WebSocket Response: Runtime.evaluate (id=32) 3539DF2B07C0E8BCEF9B8695E37BD256 {
2021-06-05T17:59:13.953178901Z    "result": {
2021-06-05T17:59:13.953182601Z       "description": "1",
2021-06-05T17:59:13.953186101Z       "type": "number",
2021-06-05T17:59:13.953189401Z       "value": 1
2021-06-05T17:59:13.953192502Z    }
2021-06-05T17:59:13.953195602Z }
2021-06-05T17:59:13.953198702Z [1622915953.953][INFO]: Done waiting for pending navigations. Status: ok
2021-06-05T17:59:13.953214303Z [1622915953.953][DEBUG]: DevTools WebSocket Command: Runtime.evaluate (id=33) 3539DF2B07C0E8BCEF9B8695E37BD256 {
2021-06-05T17:59:13.953217903Z    "awaitPromise": true,
2021-06-05T17:59:13.953222004Z    "expression": "(function() { // Copyright (c) 2012 The Chromium Authors. All rights reserved.\n// Use of this source code is governed by a BSD-style license that can be\n// found in the LICENSE file.\n\n/**\n * Enum f...",
2021-06-05T17:59:13.953226404Z    "returnByValue": true
2021-06-05T17:59:13.953229504Z }
2021-06-05T17:59:13.957072172Z [1622915953.957][DEBUG]: DevTools WebSocket Response: Runtime.evaluate (id=33) 3539DF2B07C0E8BCEF9B8695E37BD256 {
2021-06-05T17:59:13.957088773Z    "result": {
2021-06-05T17:59:13.957092574Z       "type": "object",
2021-06-05T17:59:13.957096174Z       "value": {
2021-06-05T17:59:13.957099374Z          "status": 0,
2021-06-05T17:59:13.957102674Z          "value": "a"
2021-06-05T17:59:13.957105875Z       }
2021-06-05T17:59:13.957108775Z    }
2021-06-05T17:59:13.957130676Z }
2021-06-05T17:59:13.957518403Z [1622915953.957][DEBUG]: DevTools WebSocket Command: Runtime.evaluate (id=34) 3539DF2B07C0E8BCEF9B8695E37BD256 {
2021-06-05T17:59:13.957526804Z    "awaitPromise": true,
2021-06-05T17:59:13.957530204Z    "expression": "(function() { // Copyright (c) 2012 The Chromium Authors. All rights reserved.\n// Use of this source code is governed by a BSD-style license that can be\n// found in the LICENSE file.\n\n/**\n * Enum f...",
2021-06-05T17:59:13.957536605Z    "returnByValue": true
2021-06-05T17:59:13.957540005Z }
2021-06-05T17:59:13.959014908Z [1622915953.959][DEBUG]: DevTools WebSocket Response: Runtime.evaluate (id=34) 3539DF2B07C0E8BCEF9B8695E37BD256 {
2021-06-05T17:59:13.959028509Z    "result": {
2021-06-05T17:59:13.959032109Z       "type": "object",
2021-06-05T17:59:13.959046210Z       "value": {
2021-06-05T17:59:13.959049610Z          "status": 0,
2021-06-05T17:59:13.959052810Z          "value": "a"
2021-06-05T17:59:13.959056211Z       }
2021-06-05T17:59:13.959076912Z    }
2021-06-05T17:59:13.959080212Z }
2021-06-05T17:59:13.960856036Z [1622915953.961][DEBUG]: DevTools WebSocket Command: Runtime.evaluate (id=35) 3539DF2B07C0E8BCEF9B8695E37BD256 {
2021-06-05T17:59:13.960866237Z    "awaitPromise": true,
2021-06-05T17:59:13.960869737Z    "expression": "(function() { // Copyright (c) 2012 The Chromium Authors. All rights reserved.\n// Use of this source code is governed by a BSD-style license that can be\n// found in the LICENSE file.\n\n/**\n * Enum f...",
2021-06-05T17:59:13.960874038Z    "returnByValue": true
2021-06-05T17:59:13.960877238Z }
2021-06-05T17:59:13.976603735Z [1622915953.976][DEBUG]: DevTools WebSocket Response: Runtime.evaluate (id=35) 3539DF2B07C0E8BCEF9B8695E37BD256 {
2021-06-05T17:59:13.976622036Z    "result": {
2021-06-05T17:59:13.976625736Z       "type": "object",
2021-06-05T17:59:13.976629237Z       "value": {
2021-06-05T17:59:13.976632837Z          "status": 0,
2021-06-05T17:59:13.976635937Z          "value": true
2021-06-05T17:59:13.976639237Z       }
2021-06-05T17:59:13.976642238Z    }
2021-06-05T17:59:13.976664339Z }
2021-06-05T17:59:13.977231179Z [1622915953.977][DEBUG]: DevTools WebSocket Command: Runtime.evaluate (id=36) 3539DF2B07C0E8BCEF9B8695E37BD256 {
2021-06-05T17:59:13.977239079Z    "awaitPromise": true,
2021-06-05T17:59:13.977242479Z    "expression": "(function() { // Copyright (c) 2012 The Chromium Authors. All rights reserved.\n// Use of this source code is governed by a BSD-style license that can be\n// found in the LICENSE file.\n\n/**\n * Enum f...",
2021-06-05T17:59:13.977246980Z    "returnByValue": true
2021-06-05T17:59:13.977250280Z }
2021-06-05T17:59:13.979587343Z [1622915953.979][DEBUG]: DevTools WebSocket Response: Runtime.evaluate (id=36) 3539DF2B07C0E8BCEF9B8695E37BD256 {
2021-06-05T17:59:13.979621145Z    "result": {
2021-06-05T17:59:13.979625546Z       "type": "object",
2021-06-05T17:59:13.979629046Z       "value": {
2021-06-05T17:59:13.979632246Z          "status": 0,
2021-06-05T17:59:13.979635546Z          "value": {
2021-06-05T17:59:13.979638747Z             "height": 17,
2021-06-05T17:59:13.979642047Z             "left": 0,
2021-06-05T17:59:13.979645147Z             "top": 0,
2021-06-05T17:59:13.979648147Z             "width": 127.390625
2021-06-05T17:59:13.979651447Z          }
2021-06-05T17:59:13.979654548Z       }
2021-06-05T17:59:13.979668749Z    }
2021-06-05T17:59:13.979671849Z }
2021-06-05T17:59:13.981037144Z [1622915953.981][DEBUG]: DevTools WebSocket Command: Runtime.evaluate (id=37) 3539DF2B07C0E8BCEF9B8695E37BD256 {
2021-06-05T17:59:13.981047245Z    "awaitPromise": true,
2021-06-05T17:59:13.981050845Z    "expression": "(function() { // Copyright (c) 2012 The Chromium Authors. All rights reserved.\n// Use of this source code is governed by a BSD-style license that can be\n// found in the LICENSE file.\n\n/**\n * Enum f...",
2021-06-05T17:59:13.981068546Z    "returnByValue": true
2021-06-05T17:59:13.981072247Z }
2021-06-05T17:59:13.993679026Z [1622915953.994][DEBUG]: DevTools WebSocket Response: Runtime.evaluate (id=37) 3539DF2B07C0E8BCEF9B8695E37BD256 {
2021-06-05T17:59:13.993710928Z    "result": {
2021-06-05T17:59:13.993714928Z       "type": "object",
2021-06-05T17:59:13.993718429Z       "value": {
2021-06-05T17:59:13.993721529Z          "status": 0,
2021-06-05T17:59:13.993724829Z          "value": {
2021-06-05T17:59:13.993728029Z             "ceil": {
2021-06-05T17:59:13.993731230Z 
2021-06-05T17:59:13.993734330Z             },
2021-06-05T17:59:13.993737330Z             "clone": {
2021-06-05T17:59:13.993740430Z 
2021-06-05T17:59:13.993743330Z             },
2021-06-05T17:59:13.993746431Z             "floor": {
2021-06-05T17:59:13.993749431Z 
2021-06-05T17:59:13.993752331Z             },
2021-06-05T17:59:13.993755231Z             "round": {
2021-06-05T17:59:13.993758232Z 
2021-06-05T17:59:13.993776433Z             },
2021-06-05T17:59:13.993779733Z             "scale": {
2021-06-05T17:59:13.993782833Z 
2021-06-05T17:59:13.993785733Z             },
2021-06-05T17:59:13.993788734Z             "translate": {
2021-06-05T17:59:13.993791734Z 
2021-06-05T17:59:13.993794634Z             },
2021-06-05T17:59:13.993797634Z             "x": 481.5,
2021-06-05T17:59:13.993800734Z             "y": 787.03125
2021-06-05T17:59:13.993803835Z          }
2021-06-05T17:59:13.993807035Z       }
2021-06-05T17:59:13.993810135Z    }
2021-06-05T17:59:13.993813235Z }
2021-06-05T17:59:13.994962716Z [1622915953.995][DEBUG]: DevTools WebSocket Command: Runtime.evaluate (id=38) 3539DF2B07C0E8BCEF9B8695E37BD256 {
2021-06-05T17:59:13.994989017Z    "awaitPromise": true,
2021-06-05T17:59:13.994992918Z    "expression": "(function() { // Copyright (c) 2012 The Chromium Authors. All rights reserved.\n// Use of this source code is governed by a BSD-style license that can be\n// found in the LICENSE file.\n\n/**\n * Enum f...",
2021-06-05T17:59:13.995008519Z    "returnByValue": true
2021-06-05T17:59:13.995011819Z }
2021-06-05T17:59:14.034350163Z [1622915954.034][DEBUG]: DevTools WebSocket Response: Runtime.evaluate (id=38) 3539DF2B07C0E8BCEF9B8695E37BD256 {
2021-06-05T17:59:14.034374065Z    "result": {
2021-06-05T17:59:14.034378065Z       "type": "object",
2021-06-05T17:59:14.034398467Z       "value": {
2021-06-05T17:59:14.034402267Z          "status": 0,
2021-06-05T17:59:14.034405567Z          "value": {
2021-06-05T17:59:14.034408767Z             "clickable": true
2021-06-05T17:59:14.034412168Z          }
2021-06-05T17:59:14.034415268Z       }
2021-06-05T17:59:14.034418468Z    }
2021-06-05T17:59:14.034421668Z }
2021-06-05T17:59:14.034493673Z [1622915954.034][DEBUG]: DevTools WebSocket Command: Input.dispatchMouseEvent (id=39) 3539DF2B07C0E8BCEF9B8695E37BD256 {
2021-06-05T17:59:14.034498974Z    "button": "none",
2021-06-05T17:59:14.034502674Z    "buttons": 0,
2021-06-05T17:59:14.034505974Z    "clickCount": 0,
2021-06-05T17:59:14.034509174Z    "force": 0.0,
2021-06-05T17:59:14.034512375Z    "modifiers": 0,
2021-06-05T17:59:14.034515675Z    "pointerType": "mouse",
2021-06-05T17:59:14.034531376Z    "tangentialPressure": 0.0,
2021-06-05T17:59:14.034534676Z    "tiltX": 0,
2021-06-05T17:59:14.034537976Z    "tiltY": 0,
2021-06-05T17:59:14.034540976Z    "twist": 0,
2021-06-05T17:59:14.034544577Z    "type": "mouseMoved",
2021-06-05T17:59:14.034547777Z    "x": 544,
2021-06-05T17:59:14.034550777Z    "y": 795
2021-06-05T17:59:14.034553877Z }
2021-06-05T17:59:14.034556878Z [1622915954.034][DEBUG]: DevTools WebSocket Command: Input.dispatchMouseEvent (id=40) 3539DF2B07C0E8BCEF9B8695E37BD256 {
2021-06-05T17:59:14.034560278Z    "button": "left",
2021-06-05T17:59:14.034563478Z    "buttons": 0,
2021-06-05T17:59:14.034566478Z    "clickCount": 1,
2021-06-05T17:59:14.034569578Z    "force": 0.0,
2021-06-05T17:59:14.034572579Z    "modifiers": 0,
2021-06-05T17:59:14.034575579Z    "pointerType": "mouse",
2021-06-05T17:59:14.034578779Z    "tangentialPressure": 0.0,
2021-06-05T17:59:14.034581779Z    "tiltX": 0,
2021-06-05T17:59:14.034584780Z    "tiltY": 0,
2021-06-05T17:59:14.034587880Z    "twist": 0,
2021-06-05T17:59:14.034590880Z    "type": "mousePressed",
2021-06-05T17:59:14.034593980Z    "x": 544,
2021-06-05T17:59:14.034624582Z    "y": 795
2021-06-05T17:59:14.034638183Z }
2021-06-05T17:59:14.034644684Z [1622915954.035][DEBUG]: DevTools WebSocket Command: Input.dispatchMouseEvent (id=41) 3539DF2B07C0E8BCEF9B8695E37BD256 {
2021-06-05T17:59:14.034648084Z    "button": "left",
2021-06-05T17:59:14.034651184Z    "buttons": 1,
2021-06-05T17:59:14.034654284Z    "clickCount": 1,
2021-06-05T17:59:14.034657485Z    "force": 0.0,
2021-06-05T17:59:14.034660485Z    "modifiers": 0,
2021-06-05T17:59:14.034663485Z    "pointerType": "mouse",
2021-06-05T17:59:14.034666585Z    "tangentialPressure": 0.0,
2021-06-05T17:59:14.034669685Z    "tiltX": 0,
2021-06-05T17:59:14.034682886Z    "tiltY": 0,
2021-06-05T17:59:14.034686187Z    "twist": 0,
2021-06-05T17:59:14.034689187Z    "type": "mouseReleased",
2021-06-05T17:59:14.034694487Z    "x": 544,
2021-06-05T17:59:14.034697587Z    "y": 795
2021-06-05T17:59:14.034700688Z }
2021-06-05T17:59:14.044244453Z [1622915954.044][DEBUG]: DevTools WebSocket Response: Input.dispatchMouseEvent (id=39) 3539DF2B07C0E8BCEF9B8695E37BD256 {
2021-06-05T17:59:14.044267055Z 
2021-06-05T17:59:14.044270655Z }
2021-06-05T17:59:14.052584635Z [1622915954.052][DEBUG]: DevTools WebSocket Response: Input.dispatchMouseEvent (id=40) 3539DF2B07C0E8BCEF9B8695E37BD256 {
2021-06-05T17:59:14.052608437Z 
2021-06-05T17:59:14.052612337Z }
2021-06-05T17:59:14.053305986Z [1622915954.053][DEBUG]: DevTools WebSocket Event: Page.frameScheduledNavigation 3539DF2B07C0E8BCEF9B8695E37BD256 {
2021-06-05T17:59:14.053334288Z    "delay": 0,
2021-06-05T17:59:14.053338888Z    "frameId": "3539DF2B07C0E8BCEF9B8695E37BD256",
2021-06-05T17:59:14.053342488Z    "reason": "anchorClick",
2021-06-05T17:59:14.053345988Z    "url": "https://selenium-release.storage.googleapis.com/3.150/IEDriverServer_Win32_3.150.1.zip"
2021-06-05T17:59:14.053349589Z }
2021-06-05T17:59:14.057262362Z [1622915954.057][DEBUG]: DevTools WebSocket Event: Page.frameRequestedNavigation 3539DF2B07C0E8BCEF9B8695E37BD256 {
2021-06-05T17:59:14.057277763Z    "disposition": "currentTab",
2021-06-05T17:59:14.057281663Z    "frameId": "3539DF2B07C0E8BCEF9B8695E37BD256",
2021-06-05T17:59:14.057285163Z    "reason": "anchorClick",
2021-06-05T17:59:14.057288663Z    "url": "https://selenium-release.storage.googleapis.com/3.150/IEDriverServer_Win32_3.150.1.zip"
2021-06-05T17:59:14.057292964Z }
2021-06-05T17:59:14.062334015Z [1622915954.062][DEBUG]: DevTools WebSocket Event: Page.frameStartedLoading 3539DF2B07C0E8BCEF9B8695E37BD256 {
2021-06-05T17:59:14.062363217Z    "frameId": "3539DF2B07C0E8BCEF9B8695E37BD256"
2021-06-05T17:59:14.062367718Z }
2021-06-05T17:59:14.161582039Z [1622915954.161][DEBUG]: DevTools WebSocket Event: Page.frameClearedScheduledNavigation 3539DF2B07C0E8BCEF9B8695E37BD256 {
2021-06-05T17:59:14.161604740Z    "frameId": "3539DF2B07C0E8BCEF9B8695E37BD256"
2021-06-05T17:59:14.161609341Z }
2021-06-05T17:59:14.161734349Z [1622915954.162][DEBUG]: DevTools WebSocket Response: Input.dispatchMouseEvent (id=41) 3539DF2B07C0E8BCEF9B8695E37BD256 {
2021-06-05T17:59:14.161763251Z 
2021-06-05T17:59:14.161767152Z }
2021-06-05T17:59:14.161770352Z [1622915954.162][INFO]: Waiting for pending navigations...
2021-06-05T17:59:14.161775252Z [1622915954.162][DEBUG]: DevTools WebSocket Command: Runtime.evaluate (id=42) 3539DF2B07C0E8BCEF9B8695E37BD256 {
2021-06-05T17:59:14.161778753Z    "expression": "1"
2021-06-05T17:59:14.161782253Z }
2021-06-05T17:59:14.340608628Z [1622915954.340][DEBUG]: DevTools WebSocket Response: Runtime.evaluate (id=42) 3539DF2B07C0E8BCEF9B8695E37BD256 {
2021-06-05T17:59:14.340631429Z    "result": {
2021-06-05T17:59:14.340635430Z       "description": "1",
2021-06-05T17:59:14.340639030Z       "type": "number",
2021-06-05T17:59:14.340642430Z       "value": 1
2021-06-05T17:59:14.340645730Z    }
2021-06-05T17:59:14.340648730Z }
2021-06-05T17:59:14.342374451Z [1622915954.342][DEBUG]: DevTools WebSocket Event: Page.frameStoppedLoading 3539DF2B07C0E8BCEF9B8695E37BD256 {
2021-06-05T17:59:14.342403753Z    "frameId": "3539DF2B07C0E8BCEF9B8695E37BD256"
2021-06-05T17:59:14.342408253Z }
2021-06-05T17:59:14.344573404Z [1622915954.344][DEBUG]: DevTools WebSocket Command: Runtime.evaluate (id=43) 3539DF2B07C0E8BCEF9B8695E37BD256 {
2021-06-05T17:59:14.344590105Z    "expression": "1"
2021-06-05T17:59:14.344594406Z }
2021-06-05T17:59:14.389838862Z [1622915954.390][DEBUG]: DevTools WebSocket Event: Page.downloadWillBegin 3539DF2B07C0E8BCEF9B8695E37BD256 {
2021-06-05T17:59:14.389866964Z    "frameId": "3539DF2B07C0E8BCEF9B8695E37BD256",
2021-06-05T17:59:14.389871764Z    "guid": "46053050-6335-4102-85cd-76453f37e79c",
2021-06-05T17:59:14.389875264Z    "suggestedFilename": "IEDriverServer_Win32_3.150.1.zip",
2021-06-05T17:59:14.389878965Z    "url": "https://selenium-release.storage.googleapis.com/3.150/IEDriverServer_Win32_3.150.1.zip"
2021-06-05T17:59:14.389882565Z }
2021-06-05T17:59:14.390133682Z [83:122:0605/175914.389641:ERROR:bus.cc(393)] Failed to connect to the bus: Address does not contain a colon
2021-06-05T17:59:14.390143783Z [83:122:0605/175914.390043:ERROR:bus.cc(393)] Failed to connect to the bus: Address does not contain a colon
2021-06-05T17:59:14.448264538Z [1622915954.448][DEBUG]: DevTools WebSocket Event: Page.downloadProgress 3539DF2B07C0E8BCEF9B8695E37BD256 {
2021-06-05T17:59:14.448294540Z    "guid": "46053050-6335-4102-85cd-76453f37e79c",
2021-06-05T17:59:14.448307441Z    "receivedBytes": 0,
2021-06-05T17:59:14.448310841Z    "state": "inProgress",
2021-06-05T17:59:14.448314141Z    "totalBytes": 1112869
2021-06-05T17:59:14.448317441Z }
2021-06-05T17:59:14.457622190Z [1622915954.458][DEBUG]: DevTools WebSocket Response: Runtime.evaluate (id=43) 3539DF2B07C0E8BCEF9B8695E37BD256 {
2021-06-05T17:59:14.457638092Z    "result": {
2021-06-05T17:59:14.457641992Z       "description": "1",
2021-06-05T17:59:14.457645592Z       "type": "number",
2021-06-05T17:59:14.457648992Z       "value": 1
2021-06-05T17:59:14.457652093Z    }
2021-06-05T17:59:14.457655093Z }
2021-06-05T17:59:14.457751699Z [1622915954.458][INFO]: Done waiting for pending navigations. Status: ok
2021-06-05T17:59:14.457764000Z [1622915954.458][INFO]: [9455dc893fa937a0b7f59a43bdcdd56d] RESPONSE ClickElement
2021-06-05T17:59:19.511352895Z [1622915959.511][INFO]: [9455dc893fa937a0b7f59a43bdcdd56d] COMMAND Quit {
2021-06-05T17:59:19.511378997Z 
2021-06-05T17:59:19.511383297Z }
2021-06-05T17:59:19.562790078Z [1622915959.563][INFO]: [9455dc893fa937a0b7f59a43bdcdd56d] RESPONSE Quit
2021-06-05T17:59:19.562879584Z [1622915959.563][DEBUG]: Log type 'driver' lost 0 entries on destruction
2021-06-05T17:59:19.563028895Z [1622915959.563][DEBUG]: Log type 'browser' lost 0 entries on destruction
