2021-06-05T17:59:05.361725123Z E: [pulseaudio] client-conf-x11.c: xcb_connection_has_error() returned true
2021-06-05T17:59:05.716227786Z xcb_connection_has_error() returned true
2021-06-05T17:59:05.729485412Z 2021/06/05 17:59:05 [INIT] [Listening on :7070]
2021-06-05T17:59:05.762016084Z 21
2021-06-05T17:59:05.783904113Z Waiting X server...
2021-06-05T17:59:06.080339920Z Logging to: /dev/null
2021-06-05T17:59:06.080515932Z Waiting X server...
2021-06-05T17:59:06.194487393Z Waiting X server...
2021-06-05T17:59:06.332589040Z Waiting X server...
2021-06-05T17:59:06.465858249Z Waiting X server...
2021-06-05T17:59:06.596182853Z Starting ChromeDriver 88.0.4324.27 (6347fe8bf1e48bd0c54d07dc55ca011cf40861c9-refs/branch-heads/4324@{#450}) on port 4444
2021-06-05T17:59:06.596205154Z All remote connections are allowed. Use an allowlist instead!
2021-06-05T17:59:06.596209655Z Please see https://chromedriver.chromium.org/security-considerations for suggestions on keeping ChromeDriver safe.
2021-06-05T17:59:06.597172122Z ChromeDriver was started successfully.
2021-06-05T17:59:06.638027276Z 
2021-06-05T17:59:06.638049577Z  --- x11vnc loop: 1 ---
2021-06-05T17:59:06.638053478Z 
2021-06-05T17:59:06.645644708Z [1622915946.646][INFO]: [eafb307269edccc1639036388916453a] COMMAND InitSession {
2021-06-05T17:59:06.645668309Z    "capabilities": {
2021-06-05T17:59:06.645672810Z       "firstMatch": [ {
2021-06-05T17:59:06.645676910Z          "browserName": "chrome",
2021-06-05T17:59:06.645680710Z          "goog:chromeOptions": {
2021-06-05T17:59:06.645684411Z             "args": [  ],
2021-06-05T17:59:06.645688111Z             "extensions": [  ],
2021-06-05T17:59:06.645691811Z             "prefs": {
2021-06-05T17:59:06.645695311Z                "download.default_directory": "/home/selenium/Downloads",
2021-06-05T17:59:06.645699212Z                "download.prompt_for_download": false,
2021-06-05T17:59:06.645702912Z                "profile.default_content_settings.popups": 0
2021-06-05T17:59:06.645706912Z             }
2021-06-05T17:59:06.645710412Z          }
2021-06-05T17:59:06.645713813Z       } ]
2021-06-05T17:59:06.645717313Z    },
2021-06-05T17:59:06.645720813Z    "desiredCapabilities": {
2021-06-05T17:59:06.645724313Z       "browserName": "chrome",
2021-06-05T17:59:06.645727914Z       "enableLog": true,
2021-06-05T17:59:06.645731514Z       "enableVNC": true,
2021-06-05T17:59:06.645735014Z       "enableVideo": true,
2021-06-05T17:59:06.645738514Z       "goog:chromeOptions": {
2021-06-05T17:59:06.645742015Z          "args": [  ],
2021-06-05T17:59:06.645757516Z          "extensions": [  ],
2021-06-05T17:59:06.645760716Z          "prefs": {
2021-06-05T17:59:06.645763816Z             "download.default_directory": "/home/selenium/Downloads",
2021-06-05T17:59:06.645767216Z             "download.prompt_for_download": false,
2021-06-05T17:59:06.645770417Z             "profile.default_content_settings.popups": 0
2021-06-05T17:59:06.645777917Z          }
2021-06-05T17:59:06.645781017Z       },
2021-06-05T17:59:06.645784018Z       "videoName": "n985cwAwKF.mp4"
2021-06-05T17:59:06.645787318Z    }
2021-06-05T17:59:06.645790318Z }
2021-06-05T17:59:06.646258851Z [1622915946.646][INFO]: Populating Preferences file: {
2021-06-05T17:59:06.646268051Z    "alternate_error_pages": {
2021-06-05T17:59:06.646271352Z       "enabled": false
2021-06-05T17:59:06.646274552Z    },
2021-06-05T17:59:06.646277652Z    "autofill": {
2021-06-05T17:59:06.646280752Z       "enabled": false
2021-06-05T17:59:06.646283952Z    },
2021-06-05T17:59:06.646286853Z    "browser": {
2021-06-05T17:59:06.646289853Z       "check_default_browser": false
2021-06-05T17:59:06.646293053Z    },
2021-06-05T17:59:06.646296153Z    "distribution": {
2021-06-05T17:59:06.646299254Z       "import_bookmarks": false,
2021-06-05T17:59:06.646302354Z       "import_history": false,
2021-06-05T17:59:06.646305454Z       "import_search_engine": false,
2021-06-05T17:59:06.646308854Z       "make_chrome_default_for_user": false,
2021-06-05T17:59:06.646312054Z       "skip_first_run_ui": true
2021-06-05T17:59:06.646315255Z    },
2021-06-05T17:59:06.646318155Z    "dns_prefetching": {
2021-06-05T17:59:06.646321255Z       "enabled": false
2021-06-05T17:59:06.646324355Z    },
2021-06-05T17:59:06.646327256Z    "download": {
2021-06-05T17:59:06.646330256Z       "default_directory": "/home/selenium/Downloads",
2021-06-05T17:59:06.646333656Z       "prompt_for_download": false
2021-06-05T17:59:06.646336656Z    },
2021-06-05T17:59:06.646339556Z    "profile": {
2021-06-05T17:59:06.646342657Z       "content_settings": {
2021-06-05T17:59:06.646345657Z          "pattern_pairs": {
2021-06-05T17:59:06.646348757Z             "https://*,*": {
2021-06-05T17:59:06.646351757Z                "media-stream": {
2021-06-05T17:59:06.646354857Z                   "audio": "Default",
2021-06-05T17:59:06.646358058Z                   "video": "Default"
2021-06-05T17:59:06.646361258Z                }
2021-06-05T17:59:06.646370759Z             }
2021-06-05T17:59:06.646374059Z          }
2021-06-05T17:59:06.646377059Z       },
2021-06-05T17:59:06.646380159Z       "default_content_setting_values": {
2021-06-05T17:59:06.646383259Z          "geolocation": 1
2021-06-05T17:59:06.646386260Z       },
2021-06-05T17:59:06.646389260Z       "default_content_settings": {
2021-06-05T17:59:06.646392460Z          "geolocation": 1,
2021-06-05T17:59:06.646395660Z          "mouselock": 1,
2021-06-05T17:59:06.646398761Z          "notifications": 1,
2021-06-05T17:59:06.646401861Z          "popups": 0,
2021-06-05T17:59:06.646404861Z          "ppapi-broker": 1
2021-06-05T17:59:06.646407961Z       },
2021-06-05T17:59:06.646410961Z       "password_manager_enabled": false
2021-06-05T17:59:06.646414062Z    },
2021-06-05T17:59:06.646417062Z    "safebrowsing": {
2021-06-05T17:59:06.646420062Z       "enabled": false
2021-06-05T17:59:06.646423162Z    },
2021-06-05T17:59:06.646426062Z    "search": {
2021-06-05T17:59:06.646429163Z       "suggest_enabled": false
2021-06-05T17:59:06.646432163Z    },
2021-06-05T17:59:06.646435163Z    "translate": {
2021-06-05T17:59:06.646438163Z       "enabled": false
2021-06-05T17:59:06.646441363Z    }
2021-06-05T17:59:06.646444364Z }
2021-06-05T17:59:06.649605785Z [1622915946.650][INFO]: Populating Local State file: {
2021-06-05T17:59:06.649616785Z    "background_mode": {
2021-06-05T17:59:06.649620486Z       "enabled": false
2021-06-05T17:59:06.649623686Z    },
2021-06-05T17:59:06.649626686Z    "ssl": {
2021-06-05T17:59:06.649629886Z       "rev_checking": {
2021-06-05T17:59:06.649633086Z          "enabled": false
2021-06-05T17:59:06.649636287Z       }
2021-06-05T17:59:06.649639287Z    }
2021-06-05T17:59:06.649642187Z }
2021-06-05T17:59:06.649875403Z [1622915946.650][INFO]: Launching chrome: /usr/bin/google-chrome --disable-background-networking --disable-client-side-phishing-detection --disable-default-apps --disable-hang-monitor --disable-popup-blocking --disable-prompt-on-repost --disable-sync --enable-automation --enable-blink-features=ShadowDOMV0 --enable-logging --log-level=0 --no-first-run --no-service-autorun --password-store=basic --remote-debugging-port=0 --test-type=webdriver --use-mock-keychain --user-data-dir=/tmp/.com.google.Chrome.SpDmTH data:,
2021-06-05T17:59:07.145797145Z  --- x11vnc loop: waiting for: 97
2021-06-05T17:59:07.145820346Z 
2021-06-05T17:59:07.383854373Z PORT=5900
2021-06-05T17:59:07.865501318Z [83:113:0605/175907.849713:ERROR:bus.cc(393)] Failed to connect to the bus: Failed to connect to socket /var/run/dbus/system_bus_socket: No such file or directory
2021-06-05T17:59:08.016433861Z [83:124:0605/175907.993119:ERROR:bus.cc(393)] Failed to connect to the bus: Address does not contain a colon
2021-06-05T17:59:08.016461563Z [83:124:0605/175907.993176:ERROR:bus.cc(393)] Failed to connect to the bus: Address does not contain a colon
2021-06-05T17:59:08.197460606Z [1622915948.190][DEBUG]: DevTools HTTP Request: http://localhost:42641/json/version
2021-06-05T17:59:08.197483107Z 
2021-06-05T17:59:08.197487008Z DevTools listening on ws://127.0.0.1:42641/devtools/browser/622a0f19-0969-4698-b19f-bbb65ce5b394
2021-06-05T17:59:08.353296291Z [83:124:0605/175908.345661:ERROR:bus.cc(393)] Failed to connect to the bus: Address does not contain a colon
2021-06-05T17:59:08.353323493Z [83:124:0605/175908.345733:ERROR:bus.cc(393)] Failed to connect to the bus: Address does not contain a colon
2021-06-05T17:59:08.662524792Z [1622915948.662][DEBUG]: DevTools HTTP Response: {
2021-06-05T17:59:08.662544993Z    "Browser": "Chrome/88.0.4324.96",
2021-06-05T17:59:08.662549293Z    "Protocol-Version": "1.3",
2021-06-05T17:59:08.662552893Z    "User-Agent": "Mozilla/5.0 (X11; Linux x86_64) AppleWebKit/537.36 (KHTML, like Gecko) Chrome/88.0.4324.96 Safari/537.36",
2021-06-05T17:59:08.662556694Z    "V8-Version": "8.8.278.14",
2021-06-05T17:59:08.662559994Z    "WebKit-Version": "537.36 (@68dba2d8a0b149a1d3afac56fa74648032bcf46b)",
2021-06-05T17:59:08.662563394Z    "webSocketDebuggerUrl": "ws://localhost:42641/devtools/browser/622a0f19-0969-4698-b19f-bbb65ce5b394"
2021-06-05T17:59:08.662566994Z }
2021-06-05T17:59:08.662569895Z 
2021-06-05T17:59:08.663393552Z [1622915948.663][DEBUG]: DevTools HTTP Request: http://localhost:42641/json/list
2021-06-05T17:59:08.711665724Z [83:155:0605/175908.709850:ERROR:bus.cc(393)] Failed to connect to the bus: Failed to connect to socket /var/run/dbus/system_bus_socket: No such file or directory
2021-06-05T17:59:08.722838605Z [83:155:0605/175908.722491:ERROR:bus.cc(393)] Failed to connect to the bus: Failed to connect to socket /var/run/dbus/system_bus_socket: No such file or directory
2021-06-05T17:59:08.731760428Z [1622915948.732][DEBUG]: DevTools HTTP Response: [ {
2021-06-05T17:59:08.731780829Z    "description": "",
2021-06-05T17:59:08.731785130Z    "devtoolsFrontendUrl": "/devtools/inspector.html?ws=localhost:42641/devtools/page/AD52512FDFF9E7BE0C1C20477FB53CA4",
2021-06-05T17:59:08.731789030Z    "id": "AD52512FDFF9E7BE0C1C20477FB53CA4",
2021-06-05T17:59:08.731792530Z    "title": "",
2021-06-05T17:59:08.731795830Z    "type": "page",
2021-06-05T17:59:08.731799030Z    "url": "data:,",
2021-06-05T17:59:08.731802331Z    "webSocketDebuggerUrl": "ws://localhost:42641/devtools/page/AD52512FDFF9E7BE0C1C20477FB53CA4"
2021-06-05T17:59:08.731806031Z } ]
2021-06-05T17:59:08.731809031Z 
2021-06-05T17:59:08.733278234Z [1622915948.733][DEBUG]: DevTools HTTP Request: http://localhost:42641/json/list
2021-06-05T17:59:08.746024624Z [83:155:0605/175908.743864:ERROR:bus.cc(393)] Failed to connect to the bus: Failed to connect to socket /var/run/dbus/system_bus_socket: No such file or directory
2021-06-05T17:59:08.773127517Z [83:155:0605/175908.769692:ERROR:bus.cc(393)] Failed to connect to the bus: Failed to connect to socket /var/run/dbus/system_bus_socket: No such file or directory
2021-06-05T17:59:08.782956404Z [1622915948.783][DEBUG]: DevTools HTTP Response: [ {
2021-06-05T17:59:08.782972905Z    "description": "",
2021-06-05T17:59:08.782977005Z    "devtoolsFrontendUrl": "/devtools/inspector.html?ws=localhost:42641/devtools/page/AD52512FDFF9E7BE0C1C20477FB53CA4",
2021-06-05T17:59:08.782980906Z    "id": "AD52512FDFF9E7BE0C1C20477FB53CA4",
2021-06-05T17:59:08.782984406Z    "title": "",
2021-06-05T17:59:08.782987906Z    "type": "page",
2021-06-05T17:59:08.783004607Z    "url": "data:,",
2021-06-05T17:59:08.783008208Z    "webSocketDebuggerUrl": "ws://localhost:42641/devtools/page/AD52512FDFF9E7BE0C1C20477FB53CA4"
2021-06-05T17:59:08.783011908Z } ]
2021-06-05T17:59:08.783015008Z 
2021-06-05T17:59:08.785167958Z [1622915948.785][INFO]: resolved localhost to ["127.0.0.1","172.17.0.5","::1"]
2021-06-05T17:59:08.789529763Z [83:155:0605/175908.785732:ERROR:bus.cc(393)] Failed to connect to the bus: Failed to connect to socket /var/run/dbus/system_bus_socket: No such file or directory
2021-06-05T17:59:08.868984413Z [1622915948.869][DEBUG]: DevTools WebSocket Command: Page.addScriptToEvaluateOnNewDocument (id=1) AD52512FDFF9E7BE0C1C20477FB53CA4 {
2021-06-05T17:59:08.869005315Z    "source": "(function () {window.cdc_adoQpoasnfa76pfcZLmcfl_Array = window.Array;window.cdc_adoQpoasnfa76pfcZLmcfl_Promise = window.Promise;window.cdc_adoQpoasnfa76pfcZLmcfl_Symbol = window.Symbol;}) ();"
2021-06-05T17:59:08.869010015Z }
2021-06-05T17:59:08.869921679Z [1622915948.870][DEBUG]: DevTools WebSocket Command: Runtime.evaluate (id=2) AD52512FDFF9E7BE0C1C20477FB53CA4 {
2021-06-05T17:59:08.870044287Z    "expression": "(function () {window.cdc_adoQpoasnfa76pfcZLmcfl_Array = window.Array;window.cdc_adoQpoasnfa76pfcZLmcfl_Promise = window.Promise;window.cdc_adoQpoasnfa76pfcZLmcfl_Symbol = window.Symbol;}) ();"
2021-06-05T17:59:08.870067489Z }
2021-06-05T17:59:08.870786239Z [1622915948.871][DEBUG]: DevTools WebSocket Command: Log.enable (id=3) AD52512FDFF9E7BE0C1C20477FB53CA4 {
2021-06-05T17:59:08.870798840Z 
2021-06-05T17:59:08.870802340Z }
2021-06-05T17:59:08.870952051Z [1622915948.871][DEBUG]: DevTools WebSocket Command: DOM.getDocument (id=4) AD52512FDFF9E7BE0C1C20477FB53CA4 {
2021-06-05T17:59:08.870963751Z 
2021-06-05T17:59:08.870967252Z }
2021-06-05T17:59:08.871152365Z [1622915948.871][DEBUG]: DevTools WebSocket Command: Target.setAutoAttach (id=5) AD52512FDFF9E7BE0C1C20477FB53CA4 {
2021-06-05T17:59:08.871160365Z    "autoAttach": true,
2021-06-05T17:59:08.871170266Z    "flatten": true,
2021-06-05T17:59:08.871173566Z    "waitForDebuggerOnStart": false
2021-06-05T17:59:08.871176666Z }
2021-06-05T17:59:08.871581195Z [1622915948.872][DEBUG]: DevTools WebSocket Command: Page.enable (id=6) AD52512FDFF9E7BE0C1C20477FB53CA4 {
2021-06-05T17:59:08.871591995Z 
2021-06-05T17:59:08.871595096Z }
2021-06-05T17:59:08.871785509Z [1622915948.872][DEBUG]: DevTools WebSocket Command: Page.enable (id=7) AD52512FDFF9E7BE0C1C20477FB53CA4 {
2021-06-05T17:59:08.871793109Z 
2021-06-05T17:59:08.871796710Z }
2021-06-05T17:59:09.239187055Z [123:123:0605/175909.238984:ERROR:sandbox_linux.cc(374)] InitializeSandbox() called with multiple threads in process gpu-process.
2021-06-05T17:59:09.427393884Z [1622915949.427][DEBUG]: DevTools WebSocket Response: Page.addScriptToEvaluateOnNewDocument (id=1) AD52512FDFF9E7BE0C1C20477FB53CA4 {
2021-06-05T17:59:09.427410985Z    "identifier": "1"
2021-06-05T17:59:09.427415085Z }
2021-06-05T17:59:09.430666012Z [1622915949.431][DEBUG]: DevTools WebSocket Response: Runtime.evaluate (id=2) AD52512FDFF9E7BE0C1C20477FB53CA4 {
2021-06-05T17:59:09.430683013Z    "result": {
2021-06-05T17:59:09.430686814Z       "type": "undefined"
2021-06-05T17:59:09.430690414Z    }
2021-06-05T17:59:09.430693514Z }
2021-06-05T17:59:09.431025037Z [1622915949.431][DEBUG]: DevTools WebSocket Response: Log.enable (id=3) AD52512FDFF9E7BE0C1C20477FB53CA4 {
2021-06-05T17:59:09.431036038Z 
2021-06-05T17:59:09.431039838Z }
2021-06-05T17:59:09.431420665Z [1622915949.431][DEBUG]: DevTools WebSocket Response: DOM.getDocument (id=4) AD52512FDFF9E7BE0C1C20477FB53CA4 {
2021-06-05T17:59:09.431431066Z    "root": {
2021-06-05T17:59:09.431434366Z       "backendNodeId": 2,
2021-06-05T17:59:09.431437766Z       "baseURL": "data:,",
2021-06-05T17:59:09.431441366Z       "childNodeCount": 0,
2021-06-05T17:59:09.431444567Z       "children": [  ],
2021-06-05T17:59:09.431447767Z       "documentURL": "data:,",
2021-06-05T17:59:09.431451067Z       "localName": "",
2021-06-05T17:59:09.431454267Z       "nodeId": 1,
2021-06-05T17:59:09.431457367Z       "nodeName": "#document",
2021-06-05T17:59:09.431468768Z       "nodeType": 9,
2021-06-05T17:59:09.431472168Z       "nodeValue": "",
2021-06-05T17:59:09.431475269Z       "xmlVersion": ""
2021-06-05T17:59:09.431478469Z    }
2021-06-05T17:59:09.431481469Z }
2021-06-05T17:59:09.432343029Z [1622915949.432][DEBUG]: DevTools WebSocket Response: Target.setAutoAttach (id=5) AD52512FDFF9E7BE0C1C20477FB53CA4 {
2021-06-05T17:59:09.432353230Z 
2021-06-05T17:59:09.432365231Z }
2021-06-05T17:59:09.432624249Z [1622915949.433][DEBUG]: DevTools WebSocket Response: Page.enable (id=6) AD52512FDFF9E7BE0C1C20477FB53CA4 {
2021-06-05T17:59:09.432633449Z 
2021-06-05T17:59:09.432636550Z }
2021-06-05T17:59:09.433435405Z [1622915949.433][DEBUG]: DevTools WebSocket Response: Page.enable (id=7) AD52512FDFF9E7BE0C1C20477FB53CA4 {
2021-06-05T17:59:09.433447506Z 
2021-06-05T17:59:09.433450907Z }
2021-06-05T17:59:09.433554214Z [1622915949.434][DEBUG]: DevTools WebSocket Command: Runtime.enable (id=8) AD52512FDFF9E7BE0C1C20477FB53CA4 {
2021-06-05T17:59:09.433560214Z 
2021-06-05T17:59:09.433563314Z }
2021-06-05T17:59:09.554122925Z [1622915949.554][DEBUG]: DevTools WebSocket Event: DOM.childNodeInserted AD52512FDFF9E7BE0C1C20477FB53CA4 {
2021-06-05T17:59:09.554155127Z    "node": {
2021-06-05T17:59:09.554159527Z       "attributes": [  ],
2021-06-05T17:59:09.554162927Z       "backendNodeId": 3,
2021-06-05T17:59:09.554166228Z       "childNodeCount": 0,
2021-06-05T17:59:09.554169928Z       "frameId": "AD52512FDFF9E7BE0C1C20477FB53CA4",
2021-06-05T17:59:09.554173428Z       "localName": "html",
2021-06-05T17:59:09.554176628Z       "nodeId": 2,
2021-06-05T17:59:09.554179729Z       "nodeName": "HTML",
2021-06-05T17:59:09.554182929Z       "nodeType": 1,
2021-06-05T17:59:09.554186129Z       "nodeValue": ""
2021-06-05T17:59:09.554189229Z    },
2021-06-05T17:59:09.554192229Z    "parentNodeId": 1,
2021-06-05T17:59:09.554197930Z    "previousNodeId": 0
2021-06-05T17:59:09.554201330Z }
2021-06-05T17:59:09.554360541Z [1622915949.554][DEBUG]: DevTools WebSocket Event: DOM.childNodeCountUpdated AD52512FDFF9E7BE0C1C20477FB53CA4 {
2021-06-05T17:59:09.554367342Z    "childNodeCount": 1,
2021-06-05T17:59:09.554370742Z    "nodeId": 2
2021-06-05T17:59:09.554373842Z }
2021-06-05T17:59:09.554448947Z [1622915949.554][DEBUG]: DevTools WebSocket Event: DOM.childNodeCountUpdated AD52512FDFF9E7BE0C1C20477FB53CA4 {
2021-06-05T17:59:09.554454848Z    "childNodeCount": 2,
2021-06-05T17:59:09.554458048Z    "nodeId": 2
2021-06-05T17:59:09.554461148Z }
2021-06-05T17:59:09.554525753Z [1622915949.554][DEBUG]: DevTools WebSocket Event: Page.loadEventFired AD52512FDFF9E7BE0C1C20477FB53CA4 {
2021-06-05T17:59:09.554531253Z    "timestamp": 130.18133
2021-06-05T17:59:09.554534653Z }
2021-06-05T17:59:09.554624560Z [1622915949.555][DEBUG]: DevTools WebSocket Command: Runtime.evaluate (id=9) AD52512FDFF9E7BE0C1C20477FB53CA4 {
2021-06-05T17:59:09.554630660Z    "awaitPromise": false,
2021-06-05T17:59:09.554633960Z    "expression": "document.readyState",
2021-06-05T17:59:09.554647961Z    "returnByValue": true
2021-06-05T17:59:09.554651261Z }
2021-06-05T17:59:09.554857376Z [1622915949.555][DEBUG]: DevTools WebSocket Event: Page.frameStoppedLoading AD52512FDFF9E7BE0C1C20477FB53CA4 {
2021-06-05T17:59:09.554865176Z    "frameId": "AD52512FDFF9E7BE0C1C20477FB53CA4"
2021-06-05T17:59:09.554868677Z }
2021-06-05T17:59:09.575710330Z [1622915949.576][DEBUG]: DevTools WebSocket Event: DOM.documentUpdated AD52512FDFF9E7BE0C1C20477FB53CA4 {
2021-06-05T17:59:09.575741433Z 
2021-06-05T17:59:09.575745333Z }
2021-06-05T17:59:09.575897143Z [1622915949.576][DEBUG]: DevTools WebSocket Command: DOM.getDocument (id=10) AD52512FDFF9E7BE0C1C20477FB53CA4 {
2021-06-05T17:59:09.575903644Z 
2021-06-05T17:59:09.575906844Z }
2021-06-05T17:59:09.576169963Z [1622915949.576][DEBUG]: DevTools WebSocket Event: Page.domContentEventFired AD52512FDFF9E7BE0C1C20477FB53CA4 {
2021-06-05T17:59:09.576178863Z    "timestamp": 130.181736
2021-06-05T17:59:09.576182463Z }
2021-06-05T17:59:09.576258769Z [1622915949.576][DEBUG]: DevTools WebSocket Event: Page.frameResized AD52512FDFF9E7BE0C1C20477FB53CA4 {
2021-06-05T17:59:09.576264469Z 
2021-06-05T17:59:09.576267469Z }
2021-06-05T17:59:09.576351075Z [1622915949.576][DEBUG]: DevTools WebSocket Event: Runtime.executionContextCreated AD52512FDFF9E7BE0C1C20477FB53CA4 {
2021-06-05T17:59:09.576356976Z    "context": {
2021-06-05T17:59:09.576360376Z       "auxData": {
2021-06-05T17:59:09.576363676Z          "frameId": "AD52512FDFF9E7BE0C1C20477FB53CA4",
2021-06-05T17:59:09.576367176Z          "isDefault": true,
2021-06-05T17:59:09.576370477Z          "type": "default"
2021-06-05T17:59:09.576373677Z       },
2021-06-05T17:59:09.576376677Z       "id": 1,
2021-06-05T17:59:09.576379777Z       "name": "",
2021-06-05T17:59:09.576383077Z       "origin": "://"
2021-06-05T17:59:09.576386278Z    }
2021-06-05T17:59:09.576389378Z }
2021-06-05T17:59:09.576590292Z [1622915949.577][DEBUG]: DevTools WebSocket Response: Runtime.enable (id=8) AD52512FDFF9E7BE0C1C20477FB53CA4 {
2021-06-05T17:59:09.576597892Z 
2021-06-05T17:59:09.576600893Z }
2021-06-05T17:59:09.586314970Z [1622915949.586][DEBUG]: DevTools WebSocket Response: Runtime.evaluate (id=9) AD52512FDFF9E7BE0C1C20477FB53CA4 {
2021-06-05T17:59:09.586335772Z    "result": {
2021-06-05T17:59:09.586339672Z       "type": "string",
2021-06-05T17:59:09.586351473Z       "value": "complete"
2021-06-05T17:59:09.586354973Z    }
2021-06-05T17:59:09.586358073Z }
2021-06-05T17:59:09.586615891Z [1622915949.587][DEBUG]: DevTools WebSocket Command: Page.enable (id=11) AD52512FDFF9E7BE0C1C20477FB53CA4 {
2021-06-05T17:59:09.586632992Z 
2021-06-05T17:59:09.586636193Z }
2021-06-05T17:59:09.586893111Z [1622915949.587][DEBUG]: DevTools WebSocket Response: DOM.getDocument (id=10) AD52512FDFF9E7BE0C1C20477FB53CA4 {
2021-06-05T17:59:09.586900811Z    "root": {
2021-06-05T17:59:09.586904111Z       "backendNodeId": 2,
2021-06-05T17:59:09.586907312Z       "baseURL": "data:,",
2021-06-05T17:59:09.586910612Z       "childNodeCount": 1,
2021-06-05T17:59:09.586913712Z       "children": [ {
2021-06-05T17:59:09.586916912Z          "attributes": [  ],
2021-06-05T17:59:09.586920112Z          "backendNodeId": 3,
2021-06-05T17:59:09.586923213Z          "childNodeCount": 2,
2021-06-05T17:59:09.586926713Z          "children": [ {
2021-06-05T17:59:09.586932013Z             "attributes": [  ],
2021-06-05T17:59:09.586935314Z             "backendNodeId": 4,
2021-06-05T17:59:09.586944714Z             "childNodeCount": 0,
2021-06-05T17:59:09.586948014Z             "localName": "head",
2021-06-05T17:59:09.586951315Z             "nodeId": 5,
2021-06-05T17:59:09.586954415Z             "nodeName": "HEAD",
2021-06-05T17:59:09.586957715Z             "nodeType": 1,
2021-06-05T17:59:09.586960915Z             "nodeValue": "",
2021-06-05T17:59:09.586964116Z             "parentId": 4
2021-06-05T17:59:09.586967216Z          }, {
2021-06-05T17:59:09.586970216Z             "attributes": [  ],
2021-06-05T17:59:09.586973316Z             "backendNodeId": 5,
2021-06-05T17:59:09.586976416Z             "childNodeCount": 0,
2021-06-05T17:59:09.586979617Z             "localName": "body",
2021-06-05T17:59:09.586982817Z             "nodeId": 6,
2021-06-05T17:59:09.586985817Z             "nodeName": "BODY",
2021-06-05T17:59:09.586988917Z             "nodeType": 1,
2021-06-05T17:59:09.586992017Z             "nodeValue": "",
2021-06-05T17:59:09.586995118Z             "parentId": 4
2021-06-05T17:59:09.586998118Z          } ],
2021-06-05T17:59:09.587001118Z          "frameId": "AD52512FDFF9E7BE0C1C20477FB53CA4",
2021-06-05T17:59:09.587004418Z          "localName": "html",
2021-06-05T17:59:09.587007619Z          "nodeId": 4,
2021-06-05T17:59:09.587010619Z          "nodeName": "HTML",
2021-06-05T17:59:09.587013819Z          "nodeType": 1,
2021-06-05T17:59:09.587016819Z          "nodeValue": "",
2021-06-05T17:59:09.587019919Z          "parentId": 3
2021-06-05T17:59:09.587028820Z       } ],
2021-06-05T17:59:09.587031920Z       "documentURL": "data:,",
2021-06-05T17:59:09.587035120Z       "localName": "",
2021-06-05T17:59:09.587038221Z       "nodeId": 3,
2021-06-05T17:59:09.587041321Z       "nodeName": "#document",
2021-06-05T17:59:09.587044421Z       "nodeType": 9,
2021-06-05T17:59:09.587047621Z       "nodeValue": "",
2021-06-05T17:59:09.587050722Z       "xmlVersion": ""
2021-06-05T17:59:09.587053922Z    }
2021-06-05T17:59:09.587057022Z }
2021-06-05T17:59:09.587187131Z [1622915949.587][DEBUG]: DevTools WebSocket Response: Page.enable (id=11) AD52512FDFF9E7BE0C1C20477FB53CA4 {
2021-06-05T17:59:09.587193532Z 
2021-06-05T17:59:09.587197032Z }
2021-06-05T17:59:09.587268437Z [1622915949.587][DEBUG]: DevTools WebSocket Command: Runtime.enable (id=12) AD52512FDFF9E7BE0C1C20477FB53CA4 {
2021-06-05T17:59:09.587274137Z 
2021-06-05T17:59:09.587277137Z }
2021-06-05T17:59:09.589565197Z [1622915949.589][DEBUG]: DevTools WebSocket Response: Runtime.enable (id=12) AD52512FDFF9E7BE0C1C20477FB53CA4 {
2021-06-05T17:59:09.589578898Z 
2021-06-05T17:59:09.589583798Z }
2021-06-05T17:59:09.590110435Z [1622915949.590][DEBUG]: DevTools WebSocket Command: Runtime.evaluate (id=13) AD52512FDFF9E7BE0C1C20477FB53CA4 {
2021-06-05T17:59:09.590117235Z    "awaitPromise": true,
2021-06-05T17:59:09.590120736Z    "expression": "(function() { // Copyright (c) 2012 The Chromium Authors. All rights reserved.\n// Use of this source code is governed by a BSD-style license that can be\n// found in the LICENSE file.\n\n/**\n * Enum f...",
2021-06-05T17:59:09.590124936Z    "returnByValue": true
2021-06-05T17:59:09.590128136Z }
2021-06-05T17:59:09.613622275Z [1622915949.614][DEBUG]: DevTools WebSocket Response: Runtime.evaluate (id=13) AD52512FDFF9E7BE0C1C20477FB53CA4 {
2021-06-05T17:59:09.613652177Z    "result": {
2021-06-05T17:59:09.613656178Z       "type": "object",
2021-06-05T17:59:09.613659678Z       "value": {
2021-06-05T17:59:09.613662978Z          "status": 0,
2021-06-05T17:59:09.613666178Z          "value": 1
2021-06-05T17:59:09.613669378Z       }
2021-06-05T17:59:09.613672479Z    }
2021-06-05T17:59:09.613675579Z }
2021-06-05T17:59:09.613825789Z [1622915949.614][INFO]: [eafb307269edccc1639036388916453a] RESPONSE InitSession {
2021-06-05T17:59:09.613832090Z    "capabilities": {
2021-06-05T17:59:09.613835590Z       "acceptInsecureCerts": false,
2021-06-05T17:59:09.613839690Z       "browserName": "chrome",
2021-06-05T17:59:09.613842991Z       "browserVersion": "88.0.4324.96",
2021-06-05T17:59:09.613846391Z       "chrome": {
2021-06-05T17:59:09.613860192Z          "chromedriverVersion": "88.0.4324.27 (6347fe8bf1e48bd0c54d07dc55ca011cf40861c9-refs/branch-heads/4324@{#450})",
2021-06-05T17:59:09.613863792Z          "userDataDir": "/tmp/.com.google.Chrome.SpDmTH"
2021-06-05T17:59:09.613867192Z       },
2021-06-05T17:59:09.613870292Z       "goog:chromeOptions": {
2021-06-05T17:59:09.613879593Z          "debuggerAddress": "localhost:42641"
2021-06-05T17:59:09.613883093Z       },
2021-06-05T17:59:09.613886194Z       "networkConnectionEnabled": false,
2021-06-05T17:59:09.613889294Z       "pageLoadStrategy": "normal",
2021-06-05T17:59:09.613892494Z       "platformName": "linux",
2021-06-05T17:59:09.613895794Z       "proxy": {
2021-06-05T17:59:09.613898794Z 
2021-06-05T17:59:09.613901795Z       },
2021-06-05T17:59:09.613904695Z       "setWindowRect": true,
2021-06-05T17:59:09.613910095Z       "strictFileInteractability": false,
2021-06-05T17:59:09.613913395Z       "timeouts": {
2021-06-05T17:59:09.613916396Z          "implicit": 0,
2021-06-05T17:59:09.613919696Z          "pageLoad": 300000,
2021-06-05T17:59:09.613922896Z          "script": 30000
2021-06-05T17:59:09.613925996Z       },
2021-06-05T17:59:09.613928897Z       "unhandledPromptBehavior": "dismiss and notify",
2021-06-05T17:59:09.613932197Z       "webauthn:extension:largeBlob": true,
2021-06-05T17:59:09.613935397Z       "webauthn:virtualAuthenticators": true
2021-06-05T17:59:09.613938497Z    },
2021-06-05T17:59:09.613941597Z    "sessionId": "eafb307269edccc1639036388916453a"
2021-06-05T17:59:09.613944798Z }
2021-06-05T17:59:09.620594962Z [1622915949.620][INFO]: [eafb307269edccc1639036388916453a] COMMAND SetTimeouts {
2021-06-05T17:59:09.620612063Z    "implicit": 30000
2021-06-05T17:59:09.620616063Z }
2021-06-05T17:59:09.620619363Z [1622915949.620][INFO]: [eafb307269edccc1639036388916453a] RESPONSE SetTimeouts
2021-06-05T17:59:09.677496931Z [1622915949.677][INFO]: [eafb307269edccc1639036388916453a] COMMAND Navigate {
2021-06-05T17:59:09.677512332Z    "url": "https://www.selenium.dev/downloads/"
2021-06-05T17:59:09.677516332Z }
2021-06-05T17:59:09.677595038Z [1622915949.678][INFO]: Waiting for pending navigations...
2021-06-05T17:59:09.677671543Z [1622915949.678][DEBUG]: DevTools WebSocket Command: Runtime.evaluate (id=14) AD52512FDFF9E7BE0C1C20477FB53CA4 {
2021-06-05T17:59:09.677677144Z    "expression": "1"
2021-06-05T17:59:09.677680644Z }
2021-06-05T17:59:09.682245662Z [1622915949.682][DEBUG]: DevTools WebSocket Response: Runtime.evaluate (id=14) AD52512FDFF9E7BE0C1C20477FB53CA4 {
2021-06-05T17:59:09.682281965Z    "result": {
2021-06-05T17:59:09.682286665Z       "description": "1",
2021-06-05T17:59:09.682290465Z       "type": "number",
2021-06-05T17:59:09.682293866Z       "value": 1
2021-06-05T17:59:09.682297066Z    }
2021-06-05T17:59:09.682300166Z }
2021-06-05T17:59:09.682303266Z [1622915949.682][INFO]: Done waiting for pending navigations. Status: ok
2021-06-05T17:59:09.682318767Z [1622915949.682][DEBUG]: DevTools WebSocket Command: Page.navigate (id=15) AD52512FDFF9E7BE0C1C20477FB53CA4 {
2021-06-05T17:59:09.682322368Z    "url": "https://www.selenium.dev/downloads/"
2021-06-05T17:59:09.682325768Z }
2021-06-05T17:59:10.063813880Z [1622915950.064][DEBUG]: DevTools WebSocket Response: Page.navigate (id=15) AD52512FDFF9E7BE0C1C20477FB53CA4 {
2021-06-05T17:59:10.063840382Z    "frameId": "AD52512FDFF9E7BE0C1C20477FB53CA4",
2021-06-05T17:59:10.063844783Z    "loaderId": "A23876EB1FF9C2FC8689E7BB3CF4696D"
2021-06-05T17:59:10.063848383Z }
2021-06-05T17:59:10.063851383Z [1622915950.064][DEBUG]: DevTools WebSocket Command: Runtime.evaluate (id=16) AD52512FDFF9E7BE0C1C20477FB53CA4 {
2021-06-05T17:59:10.063854883Z    "expression": "document.URL"
2021-06-05T17:59:10.063858183Z }
2021-06-05T17:59:10.065141073Z [1622915950.065][DEBUG]: DevTools WebSocket Event: Runtime.executionContextsCleared AD52512FDFF9E7BE0C1C20477FB53CA4 {
2021-06-05T17:59:10.065154474Z 
2021-06-05T17:59:10.065158174Z }
2021-06-05T17:59:10.093281336Z [1622915950.093][DEBUG]: DevTools WebSocket Event: Page.frameStartedLoading AD52512FDFF9E7BE0C1C20477FB53CA4 {
2021-06-05T17:59:10.093308638Z    "frameId": "AD52512FDFF9E7BE0C1C20477FB53CA4"
2021-06-05T17:59:10.093313038Z }
2021-06-05T17:59:10.154907635Z [1622915950.155][DEBUG]: DevTools WebSocket Event: Runtime.executionContextsCleared AD52512FDFF9E7BE0C1C20477FB53CA4 {
2021-06-05T17:59:10.154937537Z 
2021-06-05T17:59:10.154941437Z }
2021-06-05T17:59:10.157714831Z [1622915950.158][DEBUG]: DevTools WebSocket Event: Page.frameNavigated AD52512FDFF9E7BE0C1C20477FB53CA4 {
2021-06-05T17:59:10.157731132Z    "frame": {
2021-06-05T17:59:10.157743433Z       "adFrameType": "none",
2021-06-05T17:59:10.157747133Z       "crossOriginIsolatedContextType": "NotIsolated",
2021-06-05T17:59:10.157750633Z       "domainAndRegistry": "selenium.dev",
2021-06-05T17:59:10.157753934Z       "gatedAPIFeatures": [ "SharedArrayBuffers", "SharedArrayBuffersTransferAllowed" ],
2021-06-05T17:59:10.157757634Z       "id": "AD52512FDFF9E7BE0C1C20477FB53CA4",
2021-06-05T17:59:10.157760734Z       "loaderId": "A23876EB1FF9C2FC8689E7BB3CF4696D",
2021-06-05T17:59:10.157764034Z       "mimeType": "text/html",
2021-06-05T17:59:10.157779935Z       "secureContextType": "Secure",
2021-06-05T17:59:10.157783136Z       "securityOrigin": "https://www.selenium.dev",
2021-06-05T17:59:10.157786436Z       "url": "https://www.selenium.dev/downloads/"
2021-06-05T17:59:10.157789636Z    }
2021-06-05T17:59:10.157792436Z }
2021-06-05T17:59:10.157807137Z [1622915950.158][DEBUG]: DevTools WebSocket Event: DOM.documentUpdated AD52512FDFF9E7BE0C1C20477FB53CA4 {
2021-06-05T17:59:10.157810738Z 
2021-06-05T17:59:10.157813538Z }
2021-06-05T17:59:10.157845940Z [1622915950.158][DEBUG]: DevTools WebSocket Command: DOM.getDocument (id=17) AD52512FDFF9E7BE0C1C20477FB53CA4 {
2021-06-05T17:59:10.157850340Z 
2021-06-05T17:59:10.157853240Z }
2021-06-05T17:59:10.158084057Z [1622915950.158][DEBUG]: DevTools WebSocket Event: Runtime.executionContextCreated AD52512FDFF9E7BE0C1C20477FB53CA4 {
2021-06-05T17:59:10.158089357Z    "context": {
2021-06-05T17:59:10.158092657Z       "auxData": {
2021-06-05T17:59:10.158095657Z          "frameId": "AD52512FDFF9E7BE0C1C20477FB53CA4",
2021-06-05T17:59:10.158098858Z          "isDefault": true,
2021-06-05T17:59:10.158101958Z          "type": "default"
2021-06-05T17:59:10.158105158Z       },
2021-06-05T17:59:10.158108158Z       "id": 1,
2021-06-05T17:59:10.158111158Z       "name": "",
2021-06-05T17:59:10.158114259Z       "origin": "https://www.selenium.dev"
2021-06-05T17:59:10.158117459Z    }
2021-06-05T17:59:10.158137560Z }
2021-06-05T17:59:10.658919395Z [1622915950.659][DEBUG]: DevTools WebSocket Response: Runtime.evaluate (id=16) AD52512FDFF9E7BE0C1C20477FB53CA4 {
2021-06-05T17:59:10.658947997Z    "result": {
2021-06-05T17:59:10.658952297Z       "type": "string",
2021-06-05T17:59:10.658955997Z       "value": "https://www.selenium.dev/downloads/"
2021-06-05T17:59:10.658959597Z    }
2021-06-05T17:59:10.658962598Z }
2021-06-05T17:59:10.658979399Z [1622915950.659][INFO]: Waiting for pending navigations...
2021-06-05T17:59:10.658982999Z [1622915950.659][DEBUG]: DevTools WebSocket Command: Runtime.evaluate (id=18) AD52512FDFF9E7BE0C1C20477FB53CA4 {
2021-06-05T17:59:10.658986399Z    "expression": "1"
2021-06-05T17:59:10.658989600Z }
2021-06-05T17:59:10.659255618Z [1622915950.659][DEBUG]: DevTools WebSocket Response: DOM.getDocument (id=17) AD52512FDFF9E7BE0C1C20477FB53CA4 {
2021-06-05T17:59:10.659261919Z    "root": {
2021-06-05T17:59:10.659265119Z       "backendNodeId": 1,
2021-06-05T17:59:10.659268319Z       "baseURL": "https://www.selenium.dev/downloads/",
2021-06-05T17:59:10.659271819Z       "childNodeCount": 0,
2021-06-05T17:59:10.659284420Z       "children": [  ],
2021-06-05T17:59:10.659287720Z       "documentURL": "https://www.selenium.dev/downloads/",
2021-06-05T17:59:10.659291021Z       "localName": "",
2021-06-05T17:59:10.659294221Z       "nodeId": 1,
2021-06-05T17:59:10.659297421Z       "nodeName": "#document",
2021-06-05T17:59:10.659307622Z       "nodeType": 9,
2021-06-05T17:59:10.659310722Z       "nodeValue": "",
2021-06-05T17:59:10.659313922Z       "xmlVersion": ""
2021-06-05T17:59:10.659317222Z    }
2021-06-05T17:59:10.659320223Z }
2021-06-05T17:59:10.729532621Z [1622915950.729][DEBUG]: DevTools WebSocket Event: DOM.childNodeInserted AD52512FDFF9E7BE0C1C20477FB53CA4 {
2021-06-05T17:59:10.729558022Z    "node": {
2021-06-05T17:59:10.729561923Z       "backendNodeId": 2,
2021-06-05T17:59:10.729565423Z       "localName": "",
2021-06-05T17:59:10.729568823Z       "nodeId": 2,
2021-06-05T17:59:10.729572023Z       "nodeName": "html",
2021-06-05T17:59:10.729575224Z       "nodeType": 10,
2021-06-05T17:59:10.729578424Z       "nodeValue": "",
2021-06-05T17:59:10.729581424Z       "publicId": "",
2021-06-05T17:59:10.729584624Z       "systemId": ""
2021-06-05T17:59:10.729587724Z    },
2021-06-05T17:59:10.729590725Z    "parentNodeId": 1,
2021-06-05T17:59:10.729593925Z    "previousNodeId": 0
2021-06-05T17:59:10.729597125Z }
2021-06-05T17:59:10.731650868Z [1622915950.732][DEBUG]: DevTools WebSocket Event: DOM.childNodeInserted AD52512FDFF9E7BE0C1C20477FB53CA4 {
2021-06-05T17:59:10.731680670Z    "node": {
2021-06-05T17:59:10.731684671Z       "attributes": [  ],
2021-06-05T17:59:10.731687971Z       "backendNodeId": 3,
2021-06-05T17:59:10.731691071Z       "childNodeCount": 0,
2021-06-05T17:59:10.731694371Z       "frameId": "AD52512FDFF9E7BE0C1C20477FB53CA4",
2021-06-05T17:59:10.731697772Z       "localName": "html",
2021-06-05T17:59:10.731700872Z       "nodeId": 3,
2021-06-05T17:59:10.731703972Z       "nodeName": "HTML",
2021-06-05T17:59:10.731707072Z       "nodeType": 1,
2021-06-05T17:59:10.731710172Z       "nodeValue": ""
2021-06-05T17:59:10.731713273Z    },
2021-06-05T17:59:10.731716373Z    "parentNodeId": 1,
2021-06-05T17:59:10.731719373Z    "previousNodeId": 2
2021-06-05T17:59:10.731722473Z }
2021-06-05T17:59:10.731725574Z [1622915950.732][DEBUG]: DevTools WebSocket Event: DOM.childNodeCountUpdated AD52512FDFF9E7BE0C1C20477FB53CA4 {
2021-06-05T17:59:10.731729274Z    "childNodeCount": 1,
2021-06-05T17:59:10.731742075Z    "nodeId": 3
2021-06-05T17:59:10.731774877Z }
2021-06-05T17:59:10.731779677Z [1622915950.732][DEBUG]: DevTools WebSocket Event: DOM.childNodeCountUpdated AD52512FDFF9E7BE0C1C20477FB53CA4 {
2021-06-05T17:59:10.731782978Z    "childNodeCount": 2,
2021-06-05T17:59:10.731786078Z    "nodeId": 3
2021-06-05T17:59:10.731789078Z }
2021-06-05T17:59:10.739562620Z [1622915950.739][DEBUG]: DevTools WebSocket Response: Runtime.evaluate (id=18) AD52512FDFF9E7BE0C1C20477FB53CA4 {
2021-06-05T17:59:10.739595023Z    "result": {
2021-06-05T17:59:10.739599223Z       "description": "1",
2021-06-05T17:59:10.739603023Z       "type": "number",
2021-06-05T17:59:10.739606423Z       "value": 1
2021-06-05T17:59:10.739609724Z    }
2021-06-05T17:59:10.739613124Z }
2021-06-05T17:59:11.240851890Z [1622915951.241][DEBUG]: DevTools WebSocket Command: Runtime.evaluate (id=19) AD52512FDFF9E7BE0C1C20477FB53CA4 {
2021-06-05T17:59:11.240879892Z    "expression": "1"
2021-06-05T17:59:11.240884192Z }
2021-06-05T17:59:11.295615810Z [1622915951.295][DEBUG]: DevTools WebSocket Event: DOM.documentUpdated AD52512FDFF9E7BE0C1C20477FB53CA4 {
2021-06-05T17:59:11.295640912Z 
2021-06-05T17:59:11.295644712Z }
2021-06-05T17:59:11.299538284Z [1622915951.299][DEBUG]: DevTools WebSocket Command: DOM.getDocument (id=20) AD52512FDFF9E7BE0C1C20477FB53CA4 {
2021-06-05T17:59:11.299560585Z 
2021-06-05T17:59:11.299564486Z }
2021-06-05T17:59:11.299687494Z [1622915951.300][DEBUG]: DevTools WebSocket Event: Page.domContentEventFired AD52512FDFF9E7BE0C1C20477FB53CA4 {
2021-06-05T17:59:11.299693495Z    "timestamp": 131.950221
2021-06-05T17:59:11.299696895Z }
2021-06-05T17:59:11.299711196Z [1622915951.300][DEBUG]: DevTools WebSocket Response: Runtime.evaluate (id=19) AD52512FDFF9E7BE0C1C20477FB53CA4 {
2021-06-05T17:59:11.299714896Z    "result": {
2021-06-05T17:59:11.299718096Z       "description": "1",
2021-06-05T17:59:11.299733398Z       "type": "number",
2021-06-05T17:59:11.299737398Z       "value": 1
2021-06-05T17:59:11.299740598Z    }
2021-06-05T17:59:11.299743598Z }
2021-06-05T17:59:11.358200276Z [1622915951.358][DEBUG]: DevTools WebSocket Response: DOM.getDocument (id=20) AD52512FDFF9E7BE0C1C20477FB53CA4 {
2021-06-05T17:59:11.358224378Z    "root": {
2021-06-05T17:59:11.358228678Z       "backendNodeId": 1,
2021-06-05T17:59:11.358232378Z       "baseURL": "https://www.selenium.dev/downloads/",
2021-06-05T17:59:11.358235879Z       "childNodeCount": 2,
2021-06-05T17:59:11.358239279Z       "children": [ {
2021-06-05T17:59:11.358242379Z          "backendNodeId": 2,
2021-06-05T17:59:11.358275881Z          "localName": "",
2021-06-05T17:59:11.358279782Z          "nodeId": 5,
2021-06-05T17:59:11.358282982Z          "nodeName": "html",
2021-06-05T17:59:11.358286182Z          "nodeType": 10,
2021-06-05T17:59:11.358289282Z          "nodeValue": "",
2021-06-05T17:59:11.358292383Z          "parentId": 4,
2021-06-05T17:59:11.358295483Z          "publicId": "",
2021-06-05T17:59:11.358298583Z          "systemId": ""
2021-06-05T17:59:11.358301683Z       }, {
2021-06-05T17:59:11.358304683Z          "attributes": [  ],
2021-06-05T17:59:11.358307984Z          "backendNodeId": 3,
2021-06-05T17:59:11.358311084Z          "childNodeCount": 2,
2021-06-05T17:59:11.358314084Z          "children": [ {
2021-06-05T17:59:11.358317184Z             "attributes": [  ],
2021-06-05T17:59:11.358320385Z             "backendNodeId": 10,
2021-06-05T17:59:11.358323485Z             "childNodeCount": 7,
2021-06-05T17:59:11.358326585Z             "localName": "head",
2021-06-05T17:59:11.358329685Z             "nodeId": 7,
2021-06-05T17:59:11.358332885Z             "nodeName": "HEAD",
2021-06-05T17:59:11.358344886Z             "nodeType": 1,
2021-06-05T17:59:11.358348186Z             "nodeValue": "",
2021-06-05T17:59:11.358351287Z             "parentId": 6
2021-06-05T17:59:11.358354387Z          }, {
2021-06-05T17:59:11.358357387Z             "attributes": [  ],
2021-06-05T17:59:11.358360487Z             "backendNodeId": 11,
2021-06-05T17:59:11.358363588Z             "childNodeCount": 32,
2021-06-05T17:59:11.358366788Z             "localName": "body",
2021-06-05T17:59:11.358369888Z             "nodeId": 8,
2021-06-05T17:59:11.358372888Z             "nodeName": "BODY",
2021-06-05T17:59:11.358375988Z             "nodeType": 1,
2021-06-05T17:59:11.358379089Z             "nodeValue": "",
2021-06-05T17:59:11.358382189Z             "parentId": 6
2021-06-05T17:59:11.358385189Z          } ],
2021-06-05T17:59:11.358388189Z          "frameId": "AD52512FDFF9E7BE0C1C20477FB53CA4",
2021-06-05T17:59:11.358391490Z          "localName": "html",
2021-06-05T17:59:11.358394690Z          "nodeId": 6,
2021-06-05T17:59:11.358397790Z          "nodeName": "HTML",
2021-06-05T17:59:11.358400990Z          "nodeType": 1,
2021-06-05T17:59:11.358403990Z          "nodeValue": "",
2021-06-05T17:59:11.358407091Z          "parentId": 4
2021-06-05T17:59:11.358410091Z       } ],
2021-06-05T17:59:11.358425592Z       "documentURL": "https://www.selenium.dev/downloads/",
2021-06-05T17:59:11.358429092Z       "localName": "",
2021-06-05T17:59:11.358432192Z       "nodeId": 4,
2021-06-05T17:59:11.358435293Z       "nodeName": "#document",
2021-06-05T17:59:11.358438393Z       "nodeType": 9,
2021-06-05T17:59:11.358441493Z       "nodeValue": "",
2021-06-05T17:59:11.358444593Z       "xmlVersion": ""
2021-06-05T17:59:11.358447693Z    }
2021-06-05T17:59:11.358450694Z }
2021-06-05T17:59:11.361584112Z [1622915951.361][DEBUG]: DevTools WebSocket Command: Runtime.evaluate (id=21) AD52512FDFF9E7BE0C1C20477FB53CA4 {
2021-06-05T17:59:11.361610014Z    "expression": "1"
2021-06-05T17:59:11.361613714Z }
2021-06-05T17:59:11.403496336Z [1622915951.403][DEBUG]: DevTools WebSocket Response: Runtime.evaluate (id=21) AD52512FDFF9E7BE0C1C20477FB53CA4 {
2021-06-05T17:59:11.403518938Z    "result": {
2021-06-05T17:59:11.403522838Z       "description": "1",
2021-06-05T17:59:11.403526438Z       "type": "number",
2021-06-05T17:59:11.403529838Z       "value": 1
2021-06-05T17:59:11.403533139Z    }
2021-06-05T17:59:11.403536239Z }
2021-06-05T17:59:11.909738951Z [1622915951.910][DEBUG]: DevTools WebSocket Command: Runtime.evaluate (id=22) AD52512FDFF9E7BE0C1C20477FB53CA4 {
2021-06-05T17:59:11.909764053Z    "expression": "1"
2021-06-05T17:59:11.909787355Z }
2021-06-05T17:59:12.121791144Z [1622915952.122][DEBUG]: DevTools WebSocket Event: DOM.childNodeCountUpdated AD52512FDFF9E7BE0C1C20477FB53CA4 {
2021-06-05T17:59:12.121815246Z    "childNodeCount": 8,
2021-06-05T17:59:12.121819746Z    "nodeId": 7
2021-06-05T17:59:12.121842748Z }
2021-06-05T17:59:12.124684846Z [1622915952.125][DEBUG]: DevTools WebSocket Event: DOM.childNodeCountUpdated AD52512FDFF9E7BE0C1C20477FB53CA4 {
2021-06-05T17:59:12.124701247Z    "childNodeCount": 9,
2021-06-05T17:59:12.124705347Z    "nodeId": 7
2021-06-05T17:59:12.124708947Z }
2021-06-05T17:59:12.124712248Z [1622915952.125][DEBUG]: DevTools WebSocket Event: DOM.childNodeCountUpdated AD52512FDFF9E7BE0C1C20477FB53CA4 {
2021-06-05T17:59:12.124715848Z    "childNodeCount": 10,
2021-06-05T17:59:12.124719148Z    "nodeId": 7
2021-06-05T17:59:12.124722248Z }
2021-06-05T17:59:12.124760451Z [1622915952.125][DEBUG]: DevTools WebSocket Event: DOM.childNodeCountUpdated AD52512FDFF9E7BE0C1C20477FB53CA4 {
2021-06-05T17:59:12.124764751Z    "childNodeCount": 33,
2021-06-05T17:59:12.124767952Z    "nodeId": 8
2021-06-05T17:59:12.124770952Z }
2021-06-05T17:59:12.183207928Z [1622915952.183][DEBUG]: DevTools WebSocket Response: Runtime.evaluate (id=22) AD52512FDFF9E7BE0C1C20477FB53CA4 {
2021-06-05T17:59:12.183259732Z    "result": {
2021-06-05T17:59:12.183264432Z       "description": "1",
2021-06-05T17:59:12.183267933Z       "type": "number",
2021-06-05T17:59:12.183271433Z       "value": 1
2021-06-05T17:59:12.183277133Z    }
2021-06-05T17:59:12.183280233Z }
2021-06-05T17:59:12.306277014Z [1622915952.306][DEBUG]: DevTools WebSocket Event: Page.loadEventFired AD52512FDFF9E7BE0C1C20477FB53CA4 {
2021-06-05T17:59:12.306299615Z    "timestamp": 132.961659
2021-06-05T17:59:12.306303615Z }
2021-06-05T17:59:12.306352919Z [1622915952.306][DEBUG]: DevTools WebSocket Command: Runtime.evaluate (id=23) AD52512FDFF9E7BE0C1C20477FB53CA4 {
2021-06-05T17:59:12.306357419Z    "awaitPromise": false,
2021-06-05T17:59:12.306360919Z    "expression": "document.readyState",
2021-06-05T17:59:12.306364320Z    "returnByValue": true
2021-06-05T17:59:12.306367820Z }
2021-06-05T17:59:12.306487528Z [1622915952.306][DEBUG]: DevTools WebSocket Event: Page.frameStoppedLoading AD52512FDFF9E7BE0C1C20477FB53CA4 {
2021-06-05T17:59:12.306493229Z    "frameId": "AD52512FDFF9E7BE0C1C20477FB53CA4"
2021-06-05T17:59:12.306496729Z }
2021-06-05T17:59:12.314411781Z [1622915952.314][DEBUG]: DevTools WebSocket Response: Runtime.evaluate (id=23) AD52512FDFF9E7BE0C1C20477FB53CA4 {
2021-06-05T17:59:12.314432883Z    "result": {
2021-06-05T17:59:12.314454284Z       "type": "string",
2021-06-05T17:59:12.314458284Z       "value": "complete"
2021-06-05T17:59:12.314461985Z    }
2021-06-05T17:59:12.314465185Z }
2021-06-05T17:59:12.314468385Z [1622915952.314][DEBUG]: DevTools WebSocket Command: Runtime.evaluate (id=24) AD52512FDFF9E7BE0C1C20477FB53CA4 {
2021-06-05T17:59:12.314471885Z    "expression": "1"
2021-06-05T17:59:12.314475085Z }
2021-06-05T17:59:12.329710648Z [1622915952.330][DEBUG]: DevTools WebSocket Response: Runtime.evaluate (id=24) AD52512FDFF9E7BE0C1C20477FB53CA4 {
2021-06-05T17:59:12.329728650Z    "result": {
2021-06-05T17:59:12.329732850Z       "description": "1",
2021-06-05T17:59:12.329736450Z       "type": "number",
2021-06-05T17:59:12.329739850Z       "value": 1
2021-06-05T17:59:12.329742951Z    }
2021-06-05T17:59:12.329746151Z }
2021-06-05T17:59:12.329749551Z [1622915952.330][INFO]: Done waiting for pending navigations. Status: ok
2021-06-05T17:59:12.329764752Z [1622915952.330][INFO]: [eafb307269edccc1639036388916453a] RESPONSE Navigate
2021-06-05T17:59:12.333676225Z [1622915952.334][INFO]: [eafb307269edccc1639036388916453a] COMMAND Screenshot {
2021-06-05T17:59:12.333692226Z 
2021-06-05T17:59:12.333706627Z }
2021-06-05T17:59:12.333710027Z [1622915952.334][INFO]: Waiting for pending navigations...
2021-06-05T17:59:12.333743130Z [1622915952.334][DEBUG]: DevTools WebSocket Command: Runtime.evaluate (id=25) AD52512FDFF9E7BE0C1C20477FB53CA4 {
2021-06-05T17:59:12.333747430Z    "expression": "1"
2021-06-05T17:59:12.333750730Z }
2021-06-05T17:59:12.340404694Z [1622915952.340][DEBUG]: DevTools WebSocket Response: Runtime.evaluate (id=25) AD52512FDFF9E7BE0C1C20477FB53CA4 {
2021-06-05T17:59:12.340419395Z    "result": {
2021-06-05T17:59:12.340423196Z       "description": "1",
2021-06-05T17:59:12.340426596Z       "type": "number",
2021-06-05T17:59:12.340429996Z       "value": 1
2021-06-05T17:59:12.340433496Z    }
2021-06-05T17:59:12.340436697Z }
2021-06-05T17:59:12.340439697Z [1622915952.340][INFO]: Done waiting for pending navigations. Status: ok
2021-06-05T17:59:12.340487300Z [1622915952.340][DEBUG]: DevTools HTTP Request: http://localhost:42641/json/activate/AD52512FDFF9E7BE0C1C20477FB53CA4
2021-06-05T17:59:12.342404434Z [1622915952.342][DEBUG]: DevTools HTTP Response: Target activated
2021-06-05T17:59:12.342416635Z [1622915952.342][DEBUG]: DevTools WebSocket Command: Page.captureScreenshot (id=26) AD52512FDFF9E7BE0C1C20477FB53CA4 {
2021-06-05T17:59:12.342420435Z 
2021-06-05T17:59:12.342424035Z }
2021-06-05T17:59:14.214989364Z [1622915954.215][DEBUG]: DevTools WebSocket Response: Page.captureScreenshot (id=26) AD52512FDFF9E7BE0C1C20477FB53CA4 {
2021-06-05T17:59:14.215061069Z    "data": "iVBORw0KGgoAAAANSUhEUgAAA6kAAAOjCAYAAABZRELVAAAAAXNSR0IArs4c6QAAIABJREFUeJzs3Xd0XPWd///Xnd6kUS+WrGZb7r1hg8H0lgApEBKSzabtbsou37Dlm81udpN8N9/dJGez55tfsptdSGGTQBJCaEsxNhiDARtsI/cqy3JXsbpGmnp/f8geJM2ou..."
2021-06-05T17:59:14.215067370Z }
2021-06-05T17:59:14.215472898Z [1622915954.215][INFO]: Waiting for pending navigations...
2021-06-05T17:59:14.215515001Z [1622915954.215][DEBUG]: DevTools WebSocket Command: Runtime.evaluate (id=27) AD52512FDFF9E7BE0C1C20477FB53CA4 {
2021-06-05T17:59:14.215525002Z    "expression": "1"
2021-06-05T17:59:14.215528502Z }
2021-06-05T17:59:14.217521041Z [1622915954.217][DEBUG]: DevTools WebSocket Response: Runtime.evaluate (id=27) AD52512FDFF9E7BE0C1C20477FB53CA4 {
2021-06-05T17:59:14.217715355Z    "result": {
2021-06-05T17:59:14.217731556Z       "description": "1",
2021-06-05T17:59:14.217735456Z       "type": "number",
2021-06-05T17:59:14.217738956Z       "value": 1
2021-06-05T17:59:14.217742257Z    }
2021-06-05T17:59:14.217745257Z }
2021-06-05T17:59:14.221208998Z [1622915954.221][INFO]: Done waiting for pending navigations. Status: ok
2021-06-05T17:59:14.221505819Z [1622915954.221][INFO]: [eafb307269edccc1639036388916453a] RESPONSE Screenshot "iVBORw0KGgoAAAANSUhEUgAAA6kAAAOjCAYAAABZRELVAAAAAXNSR0IArs4c6QAAIABJREFUeJzs3Xd0XPWd///Xnd6kUS+WrGZb7r1hg8H0lgApEBKSzabtbsou37Dlm81udpN8N9/dJGez55tfsptdSGGTQBJCaEsxNhiDARtsI/cqy3JXsbpGmnp/f8geJM2ou..."
2021-06-05T17:59:14.271477705Z [1622915954.270][INFO]: [eafb307269edccc1639036388916453a] COMMAND FindElement {
2021-06-05T17:59:14.271498407Z    "using": "css selector",
2021-06-05T17:59:14.271502507Z    "value": "a[href*=\"IEDriverServer_Win32_3\"]"
2021-06-05T17:59:14.271506207Z }
2021-06-05T17:59:14.271509507Z [1622915954.270][INFO]: Waiting for pending navigations...
2021-06-05T17:59:14.271512808Z [1622915954.270][DEBUG]: DevTools WebSocket Command: Runtime.evaluate (id=28) AD52512FDFF9E7BE0C1C20477FB53CA4 {
2021-06-05T17:59:14.271516408Z    "expression": "1"
2021-06-05T17:59:14.271519708Z }
2021-06-05T17:59:14.306714963Z [1622915954.307][DEBUG]: DevTools WebSocket Response: Runtime.evaluate (id=28) AD52512FDFF9E7BE0C1C20477FB53CA4 {
2021-06-05T17:59:14.306737765Z    "result": {
2021-06-05T17:59:14.306741565Z       "description": "1",
2021-06-05T17:59:14.306758666Z       "type": "number",
2021-06-05T17:59:14.306762267Z       "value": 1
2021-06-05T17:59:14.306765467Z    }
2021-06-05T17:59:14.306768467Z }
2021-06-05T17:59:14.306771667Z [1622915954.307][INFO]: Done waiting for pending navigations. Status: ok
2021-06-05T17:59:14.314244388Z [1622915954.314][DEBUG]: DevTools WebSocket Command: Runtime.evaluate (id=29) AD52512FDFF9E7BE0C1C20477FB53CA4 {
2021-06-05T17:59:14.314266790Z    "awaitPromise": true,
2021-06-05T17:59:14.314270590Z    "expression": "(function() { // Copyright (c) 2012 The Chromium Authors. All rights reserved.\n// Use of this source code is governed by a BSD-style license that can be\n// found in the LICENSE file.\n\n/**\n * Enum f...",
2021-06-05T17:59:14.314274991Z    "returnByValue": true
2021-06-05T17:59:14.314289592Z }
2021-06-05T17:59:14.349017614Z [1622915954.349][DEBUG]: DevTools WebSocket Response: Runtime.evaluate (id=29) AD52512FDFF9E7BE0C1C20477FB53CA4 {
2021-06-05T17:59:14.349032815Z    "result": {
2021-06-05T17:59:14.349038616Z       "type": "object",
2021-06-05T17:59:14.349042116Z       "value": {
2021-06-05T17:59:14.349045416Z          "status": 0,
2021-06-05T17:59:14.349048616Z          "value": {
2021-06-05T17:59:14.349051817Z             "element-6066-11e4-a52e-4f735466cecf": "c6010cec-f451-4b81-82cc-a84abcbb4042"
2021-06-05T17:59:14.349055417Z          }
2021-06-05T17:59:14.349069118Z       }
2021-06-05T17:59:14.349072118Z    }
2021-06-05T17:59:14.349075118Z }
2021-06-05T17:59:14.349126922Z [1622915954.349][INFO]: Waiting for pending navigations...
2021-06-05T17:59:14.349222829Z [1622915954.349][DEBUG]: DevTools WebSocket Command: Runtime.evaluate (id=30) AD52512FDFF9E7BE0C1C20477FB53CA4 {
2021-06-05T17:59:14.349240530Z    "expression": "1"
2021-06-05T17:59:14.349244130Z }
2021-06-05T17:59:14.350147693Z [1622915954.350][DEBUG]: DevTools WebSocket Response: Runtime.evaluate (id=30) AD52512FDFF9E7BE0C1C20477FB53CA4 {
2021-06-05T17:59:14.350159294Z    "result": {
2021-06-05T17:59:14.350162594Z       "description": "1",
2021-06-05T17:59:14.350165994Z       "type": "number",
2021-06-05T17:59:14.350169395Z       "value": 1
2021-06-05T17:59:14.350172495Z    }
2021-06-05T17:59:14.350175595Z }
2021-06-05T17:59:14.350178695Z [1622915954.350][INFO]: Done waiting for pending navigations. Status: ok
2021-06-05T17:59:14.350223098Z [1622915954.350][INFO]: [eafb307269edccc1639036388916453a] RESPONSE FindElement {
2021-06-05T17:59:14.350234499Z    "element-6066-11e4-a52e-4f735466cecf": "c6010cec-f451-4b81-82cc-a84abcbb4042"
2021-06-05T17:59:14.350239199Z }
2021-06-05T17:59:14.358008841Z [1622915954.357][INFO]: [eafb307269edccc1639036388916453a] COMMAND ClickElement {
2021-06-05T17:59:14.358022642Z    "id": "c6010cec-f451-4b81-82cc-a84abcbb4042"
2021-06-05T17:59:14.358026743Z }
2021-06-05T17:59:14.358029943Z [1622915954.357][INFO]: Waiting for pending navigations...
2021-06-05T17:59:14.358033243Z [1622915954.357][DEBUG]: DevTools WebSocket Command: Runtime.evaluate (id=31) AD52512FDFF9E7BE0C1C20477FB53CA4 {
2021-06-05T17:59:14.358036643Z    "expression": "1"
2021-06-05T17:59:14.358039944Z }
2021-06-05T17:59:14.358119349Z [1622915954.358][DEBUG]: DevTools WebSocket Response: Runtime.evaluate (id=31) AD52512FDFF9E7BE0C1C20477FB53CA4 {
2021-06-05T17:59:14.358133350Z    "result": {
2021-06-05T17:59:14.358137350Z       "description": "1",
2021-06-05T17:59:14.358140851Z       "type": "number",
2021-06-05T17:59:14.358144651Z       "value": 1
2021-06-05T17:59:14.358155552Z    }
2021-06-05T17:59:14.358158652Z }
2021-06-05T17:59:14.358273060Z [1622915954.358][INFO]: Done waiting for pending navigations. Status: ok
2021-06-05T17:59:14.358691489Z [1622915954.359][DEBUG]: DevTools WebSocket Command: Runtime.evaluate (id=32) AD52512FDFF9E7BE0C1C20477FB53CA4 {
2021-06-05T17:59:14.358699090Z    "awaitPromise": true,
2021-06-05T17:59:14.358702590Z    "expression": "(function() { // Copyright (c) 2012 The Chromium Authors. All rights reserved.\n// Use of this source code is governed by a BSD-style license that can be\n// found in the LICENSE file.\n\n/**\n * Enum f...",
2021-06-05T17:59:14.358706990Z    "returnByValue": true
2021-06-05T17:59:14.358710290Z }
2021-06-05T17:59:14.363537027Z [1622915954.363][DEBUG]: DevTools WebSocket Response: Runtime.evaluate (id=32) AD52512FDFF9E7BE0C1C20477FB53CA4 {
2021-06-05T17:59:14.363551528Z    "result": {
2021-06-05T17:59:14.363565929Z       "type": "object",
2021-06-05T17:59:14.363569429Z       "value": {
2021-06-05T17:59:14.363572630Z          "status": 0,
2021-06-05T17:59:14.363576030Z          "value": "a"
2021-06-05T17:59:14.363593431Z       }
2021-06-05T17:59:14.363596831Z    }
2021-06-05T17:59:14.363599831Z }
2021-06-05T17:59:14.363966457Z [1622915954.364][DEBUG]: DevTools WebSocket Command: Runtime.evaluate (id=33) AD52512FDFF9E7BE0C1C20477FB53CA4 {
2021-06-05T17:59:14.363979058Z    "awaitPromise": true,
2021-06-05T17:59:14.363982958Z    "expression": "(function() { // Copyright (c) 2012 The Chromium Authors. All rights reserved.\n// Use of this source code is governed by a BSD-style license that can be\n// found in the LICENSE file.\n\n/**\n * Enum f...",
2021-06-05T17:59:14.363987359Z    "returnByValue": true
2021-06-05T17:59:14.363997459Z }
2021-06-05T17:59:14.367108876Z [1622915954.367][DEBUG]: DevTools WebSocket Response: Runtime.evaluate (id=33) AD52512FDFF9E7BE0C1C20477FB53CA4 {
2021-06-05T17:59:14.367121577Z    "result": {
2021-06-05T17:59:14.367125177Z       "type": "object",
2021-06-05T17:59:14.367128778Z       "value": {
2021-06-05T17:59:14.367132078Z          "status": 0,
2021-06-05T17:59:14.367135378Z          "value": "a"
2021-06-05T17:59:14.367138678Z       }
2021-06-05T17:59:14.367141879Z    }
2021-06-05T17:59:14.367144879Z }
2021-06-05T17:59:14.389587644Z [1622915954.389][DEBUG]: DevTools WebSocket Command: Runtime.evaluate (id=34) AD52512FDFF9E7BE0C1C20477FB53CA4 {
2021-06-05T17:59:14.389613246Z    "awaitPromise": true,
2021-06-05T17:59:14.389617146Z    "expression": "(function() { // Copyright (c) 2012 The Chromium Authors. All rights reserved.\n// Use of this source code is governed by a BSD-style license that can be\n// found in the LICENSE file.\n\n/**\n * Enum f...",
2021-06-05T17:59:14.389621847Z    "returnByValue": true
2021-06-05T17:59:14.389625147Z }
2021-06-05T17:59:14.413832636Z [1622915954.414][DEBUG]: DevTools WebSocket Response: Runtime.evaluate (id=34) AD52512FDFF9E7BE0C1C20477FB53CA4 {
2021-06-05T17:59:14.413851437Z    "result": {
2021-06-05T17:59:14.413855337Z       "type": "object",
2021-06-05T17:59:14.413858838Z       "value": {
2021-06-05T17:59:14.413875839Z          "status": 0,
2021-06-05T17:59:14.413879439Z          "value": true
2021-06-05T17:59:14.413882739Z       }
2021-06-05T17:59:14.413885739Z    }
2021-06-05T17:59:14.413888740Z }
2021-06-05T17:59:14.414475781Z [1622915954.414][DEBUG]: DevTools WebSocket Command: Runtime.evaluate (id=35) AD52512FDFF9E7BE0C1C20477FB53CA4 {
2021-06-05T17:59:14.414504083Z    "awaitPromise": true,
2021-06-05T17:59:14.414508383Z    "expression": "(function() { // Copyright (c) 2012 The Chromium Authors. All rights reserved.\n// Use of this source code is governed by a BSD-style license that can be\n// found in the LICENSE file.\n\n/**\n * Enum f...",
2021-06-05T17:59:14.414513283Z    "returnByValue": true
2021-06-05T17:59:14.414516483Z }
2021-06-05T17:59:14.435024214Z [1622915954.435][DEBUG]: DevTools WebSocket Response: Runtime.evaluate (id=35) AD52512FDFF9E7BE0C1C20477FB53CA4 {
2021-06-05T17:59:14.435044415Z    "result": {
2021-06-05T17:59:14.435048416Z       "type": "object",
2021-06-05T17:59:14.435051916Z       "value": {
2021-06-05T17:59:14.435055016Z          "status": 0,
2021-06-05T17:59:14.435058316Z          "value": {
2021-06-05T17:59:14.435061517Z             "height": 17,
2021-06-05T17:59:14.435064717Z             "left": 0,
2021-06-05T17:59:14.435067817Z             "top": 0,
2021-06-05T17:59:14.435070917Z             "width": 127.390625
2021-06-05T17:59:14.435074218Z          }
2021-06-05T17:59:14.435077318Z       }
2021-06-05T17:59:14.435080318Z    }
2021-06-05T17:59:14.435094219Z }
2021-06-05T17:59:14.436585823Z [1622915954.437][DEBUG]: DevTools WebSocket Command: Runtime.evaluate (id=36) AD52512FDFF9E7BE0C1C20477FB53CA4 {
2021-06-05T17:59:14.436599624Z    "awaitPromise": true,
2021-06-05T17:59:14.436603724Z    "expression": "(function() { // Copyright (c) 2012 The Chromium Authors. All rights reserved.\n// Use of this source code is governed by a BSD-style license that can be\n// found in the LICENSE file.\n\n/**\n * Enum f...",
2021-06-05T17:59:14.436615825Z    "returnByValue": true
2021-06-05T17:59:14.436619225Z }
2021-06-05T17:59:14.464143145Z [1622915954.464][DEBUG]: DevTools WebSocket Response: Runtime.evaluate (id=36) AD52512FDFF9E7BE0C1C20477FB53CA4 {
2021-06-05T17:59:14.464168947Z    "result": {
2021-06-05T17:59:14.464172947Z       "type": "object",
2021-06-05T17:59:14.464176348Z       "value": {
2021-06-05T17:59:14.464179748Z          "status": 0,
2021-06-05T17:59:14.464183048Z          "value": {
2021-06-05T17:59:14.464186148Z             "ceil": {
2021-06-05T17:59:14.464189349Z 
2021-06-05T17:59:14.464192449Z             },
2021-06-05T17:59:14.464195449Z             "clone": {
2021-06-05T17:59:14.464198549Z 
2021-06-05T17:59:14.464201449Z             },
2021-06-05T17:59:14.464204650Z             "floor": {
2021-06-05T17:59:14.464207750Z 
2021-06-05T17:59:14.464210750Z             },
2021-06-05T17:59:14.464213650Z             "round": {
2021-06-05T17:59:14.464225351Z 
2021-06-05T17:59:14.464228351Z             },
2021-06-05T17:59:14.464231352Z             "scale": {
2021-06-05T17:59:14.464234752Z 
2021-06-05T17:59:14.464237752Z             },
2021-06-05T17:59:14.464240752Z             "translate": {
2021-06-05T17:59:14.464243852Z 
2021-06-05T17:59:14.464246753Z             },
2021-06-05T17:59:14.464249753Z             "x": 481.5,
2021-06-05T17:59:14.464252853Z             "y": 787.03125
2021-06-05T17:59:14.464256053Z          }
2021-06-05T17:59:14.464259053Z       }
2021-06-05T17:59:14.464262154Z    }
2021-06-05T17:59:14.464265054Z }
2021-06-05T17:59:14.465790260Z [1622915954.466][DEBUG]: DevTools WebSocket Command: Runtime.evaluate (id=37) AD52512FDFF9E7BE0C1C20477FB53CA4 {
2021-06-05T17:59:14.465805261Z    "awaitPromise": true,
2021-06-05T17:59:14.465809462Z    "expression": "(function() { // Copyright (c) 2012 The Chromium Authors. All rights reserved.\n// Use of this source code is governed by a BSD-style license that can be\n// found in the LICENSE file.\n\n/**\n * Enum f...",
2021-06-05T17:59:14.465813962Z    "returnByValue": true
2021-06-05T17:59:14.465817262Z }
2021-06-05T17:59:14.491725169Z [1622915954.492][DEBUG]: DevTools WebSocket Response: Runtime.evaluate (id=37) AD52512FDFF9E7BE0C1C20477FB53CA4 {
2021-06-05T17:59:14.491746471Z    "result": {
2021-06-05T17:59:14.491750671Z       "type": "object",
2021-06-05T17:59:14.491754071Z       "value": {
2021-06-05T17:59:14.491757272Z          "status": 0,
2021-06-05T17:59:14.491760472Z          "value": {
2021-06-05T17:59:14.491782873Z             "clickable": true
2021-06-05T17:59:14.491786174Z          }
2021-06-05T17:59:14.491789174Z       }
2021-06-05T17:59:14.491792274Z    }
2021-06-05T17:59:14.491795374Z }
2021-06-05T17:59:14.491826877Z [1622915954.492][DEBUG]: DevTools WebSocket Command: Input.dispatchMouseEvent (id=38) AD52512FDFF9E7BE0C1C20477FB53CA4 {
2021-06-05T17:59:14.491831477Z    "button": "none",
2021-06-05T17:59:14.491834677Z    "buttons": 0,
2021-06-05T17:59:14.491837877Z    "clickCount": 0,
2021-06-05T17:59:14.491852478Z    "force": 0.0,
2021-06-05T17:59:14.491855879Z    "modifiers": 0,
2021-06-05T17:59:14.491858979Z    "pointerType": "mouse",
2021-06-05T17:59:14.491862279Z    "tangentialPressure": 0.0,
2021-06-05T17:59:14.491865379Z    "tiltX": 0,
2021-06-05T17:59:14.491868479Z    "tiltY": 0,
2021-06-05T17:59:14.491871480Z    "twist": 0,
2021-06-05T17:59:14.491884481Z    "type": "mouseMoved",
2021-06-05T17:59:14.491887781Z    "x": 544,
2021-06-05T17:59:14.491890981Z    "y": 795
2021-06-05T17:59:14.491893981Z }
2021-06-05T17:59:14.492040091Z [1622915954.492][DEBUG]: DevTools WebSocket Command: Input.dispatchMouseEvent (id=39) AD52512FDFF9E7BE0C1C20477FB53CA4 {
2021-06-05T17:59:14.492045292Z    "button": "left",
2021-06-05T17:59:14.492048492Z    "buttons": 0,
2021-06-05T17:59:14.492051592Z    "clickCount": 1,
2021-06-05T17:59:14.492054692Z    "force": 0.0,
2021-06-05T17:59:14.492057693Z    "modifiers": 0,
2021-06-05T17:59:14.492060693Z    "pointerType": "mouse",
2021-06-05T17:59:14.492063993Z    "tangentialPressure": 0.0,
2021-06-05T17:59:14.492067093Z    "tiltX": 0,
2021-06-05T17:59:14.492070094Z    "tiltY": 0,
2021-06-05T17:59:14.492073094Z    "twist": 0,
2021-06-05T17:59:14.492076194Z    "type": "mousePressed",
2021-06-05T17:59:14.492079294Z    "x": 544,
2021-06-05T17:59:14.492082294Z    "y": 795
2021-06-05T17:59:14.492085395Z }
2021-06-05T17:59:14.492184201Z [1622915954.492][DEBUG]: DevTools WebSocket Command: Input.dispatchMouseEvent (id=40) AD52512FDFF9E7BE0C1C20477FB53CA4 {
2021-06-05T17:59:14.492189602Z    "button": "left",
2021-06-05T17:59:14.492192702Z    "buttons": 1,
2021-06-05T17:59:14.492195802Z    "clickCount": 1,
2021-06-05T17:59:14.492199103Z    "force": 0.0,
2021-06-05T17:59:14.492202103Z    "modifiers": 0,
2021-06-05T17:59:14.492205203Z    "pointerType": "mouse",
2021-06-05T17:59:14.492208203Z    "tangentialPressure": 0.0,
2021-06-05T17:59:14.492211403Z    "tiltX": 0,
2021-06-05T17:59:14.492214404Z    "tiltY": 0,
2021-06-05T17:59:14.492217404Z    "twist": 0,
2021-06-05T17:59:14.492220404Z    "type": "mouseReleased",
2021-06-05T17:59:14.492223704Z    "x": 544,
2021-06-05T17:59:14.492226704Z    "y": 795
2021-06-05T17:59:14.492229805Z }
2021-06-05T17:59:14.565435511Z [1622915954.565][DEBUG]: DevTools WebSocket Response: Input.dispatchMouseEvent (id=38) AD52512FDFF9E7BE0C1C20477FB53CA4 {
2021-06-05T17:59:14.565460513Z 
2021-06-05T17:59:14.565464213Z }
2021-06-05T17:59:14.565585622Z [1622915954.566][DEBUG]: DevTools WebSocket Event: Page.frameScheduledNavigation AD52512FDFF9E7BE0C1C20477FB53CA4 {
2021-06-05T17:59:14.565592422Z    "delay": 0,
2021-06-05T17:59:14.565595823Z    "frameId": "AD52512FDFF9E7BE0C1C20477FB53CA4",
2021-06-05T17:59:14.565599423Z    "reason": "anchorClick",
2021-06-05T17:59:14.565614224Z    "url": "https://selenium-release.storage.googleapis.com/3.150/IEDriverServer_Win32_3.150.1.zip"
2021-06-05T17:59:14.565617724Z }
2021-06-05T17:59:14.565718331Z [1622915954.566][DEBUG]: DevTools WebSocket Event: Page.frameRequestedNavigation AD52512FDFF9E7BE0C1C20477FB53CA4 {
2021-06-05T17:59:14.565723932Z    "disposition": "currentTab",
2021-06-05T17:59:14.565727332Z    "frameId": "AD52512FDFF9E7BE0C1C20477FB53CA4",
2021-06-05T17:59:14.565730632Z    "reason": "anchorClick",
2021-06-05T17:59:14.565734032Z    "url": "https://selenium-release.storage.googleapis.com/3.150/IEDriverServer_Win32_3.150.1.zip"
2021-06-05T17:59:14.565737533Z }
2021-06-05T17:59:14.565824339Z [1622915954.566][DEBUG]: DevTools WebSocket Event: Page.frameStartedLoading AD52512FDFF9E7BE0C1C20477FB53CA4 {
2021-06-05T17:59:14.565830239Z    "frameId": "AD52512FDFF9E7BE0C1C20477FB53CA4"
2021-06-05T17:59:14.565833539Z }
2021-06-05T17:59:14.565917545Z [1622915954.566][DEBUG]: DevTools WebSocket Event: Page.frameClearedScheduledNavigation AD52512FDFF9E7BE0C1C20477FB53CA4 {
2021-06-05T17:59:14.565923245Z    "frameId": "AD52512FDFF9E7BE0C1C20477FB53CA4"
2021-06-05T17:59:14.565926646Z }
2021-06-05T17:59:14.566008351Z [1622915954.566][DEBUG]: DevTools WebSocket Response: Input.dispatchMouseEvent (id=39) AD52512FDFF9E7BE0C1C20477FB53CA4 {
2021-06-05T17:59:14.566014352Z 
2021-06-05T17:59:14.566017352Z }
2021-06-05T17:59:14.566078956Z [1622915954.566][DEBUG]: DevTools WebSocket Response: Input.dispatchMouseEvent (id=40) AD52512FDFF9E7BE0C1C20477FB53CA4 {
2021-06-05T17:59:14.566084757Z 
2021-06-05T17:59:14.566087757Z }
2021-06-05T17:59:14.566143661Z [1622915954.566][INFO]: Waiting for pending navigations...
2021-06-05T17:59:14.566220066Z [1622915954.566][DEBUG]: DevTools WebSocket Command: Runtime.evaluate (id=41) AD52512FDFF9E7BE0C1C20477FB53CA4 {
2021-06-05T17:59:14.566225767Z    "expression": "1"
2021-06-05T17:59:14.566228967Z }
2021-06-05T17:59:14.800765728Z [1622915954.801][DEBUG]: DevTools WebSocket Response: Runtime.evaluate (id=41) AD52512FDFF9E7BE0C1C20477FB53CA4 {
2021-06-05T17:59:14.800784829Z    "result": {
2021-06-05T17:59:14.800788730Z       "description": "1",
2021-06-05T17:59:14.800792630Z       "type": "number",
2021-06-05T17:59:14.800796430Z       "value": 1
2021-06-05T17:59:14.800799630Z    }
2021-06-05T17:59:14.800802731Z }
2021-06-05T17:59:14.801127253Z [1622915954.801][DEBUG]: DevTools WebSocket Event: Page.frameStoppedLoading AD52512FDFF9E7BE0C1C20477FB53CA4 {
2021-06-05T17:59:14.801148155Z    "frameId": "AD52512FDFF9E7BE0C1C20477FB53CA4"
2021-06-05T17:59:14.801161656Z }
2021-06-05T17:59:14.801247162Z [1622915954.801][DEBUG]: DevTools WebSocket Command: Runtime.evaluate (id=42) AD52512FDFF9E7BE0C1C20477FB53CA4 {
2021-06-05T17:59:14.801261763Z    "expression": "1"
2021-06-05T17:59:14.801265263Z }
2021-06-05T17:59:14.825692667Z [1622915954.826][DEBUG]: DevTools WebSocket Event: Page.downloadWillBegin AD52512FDFF9E7BE0C1C20477FB53CA4 {
2021-06-05T17:59:14.825711368Z    "frameId": "AD52512FDFF9E7BE0C1C20477FB53CA4",
2021-06-05T17:59:14.825715568Z    "guid": "2701bdd7-c223-42bc-829c-f62ec82adf1a",
2021-06-05T17:59:14.825718969Z    "suggestedFilename": "IEDriverServer_Win32_3.150.1.zip",
2021-06-05T17:59:14.825722469Z    "url": "https://selenium-release.storage.googleapis.com/3.150/IEDriverServer_Win32_3.150.1.zip"
2021-06-05T17:59:14.825726369Z }
2021-06-05T17:59:14.840977833Z [1622915954.841][DEBUG]: DevTools WebSocket Event: Page.downloadProgress AD52512FDFF9E7BE0C1C20477FB53CA4 {
2021-06-05T17:59:14.840997335Z    "guid": "2701bdd7-c223-42bc-829c-f62ec82adf1a",
2021-06-05T17:59:14.841001435Z    "receivedBytes": 0,
2021-06-05T17:59:14.841004935Z    "state": "inProgress",
2021-06-05T17:59:14.841008235Z    "totalBytes": 1112869
2021-06-05T17:59:14.841011636Z }
2021-06-05T17:59:14.841117443Z [1622915954.841][DEBUG]: DevTools WebSocket Response: Runtime.evaluate (id=42) AD52512FDFF9E7BE0C1C20477FB53CA4 {
2021-06-05T17:59:14.841123943Z    "result": {
2021-06-05T17:59:14.841127344Z       "description": "1",
2021-06-05T17:59:14.841130644Z       "type": "number",
2021-06-05T17:59:14.841133944Z       "value": 1
2021-06-05T17:59:14.841137144Z    }
2021-06-05T17:59:14.841140144Z }
2021-06-05T17:59:14.841225650Z [1622915954.841][INFO]: Done waiting for pending navigations. Status: ok
2021-06-05T17:59:14.841281254Z [1622915954.841][INFO]: [eafb307269edccc1639036388916453a] RESPONSE ClickElement
2021-06-05T17:59:15.525854810Z [83:124:0605/175915.523763:ERROR:bus.cc(393)] Failed to connect to the bus: Address does not contain a colon
2021-06-05T17:59:15.525874511Z [83:124:0605/175915.523809:ERROR:bus.cc(393)] Failed to connect to the bus: Address does not contain a colon
2021-06-05T17:59:19.886299414Z [1622915959.886][INFO]: [eafb307269edccc1639036388916453a] COMMAND Quit {
2021-06-05T17:59:19.886325816Z 
2021-06-05T17:59:19.886330216Z }
2021-06-05T17:59:19.983500185Z [1622915959.983][INFO]: [eafb307269edccc1639036388916453a] RESPONSE Quit
2021-06-05T17:59:19.983538588Z [1622915959.983][DEBUG]: Log type 'driver' lost 0 entries on destruction
2021-06-05T17:59:19.985313312Z [1622915959.985][DEBUG]: Log type 'browser' lost 0 entries on destruction
