2021-06-05T03:46:37.434417298Z E: [pulseaudio] client-conf-x11.c: xcb_connection_has_error() returned true
2021-06-05T03:46:37.582827515Z xcb_connection_has_error() returned true
2021-06-05T03:46:37.591490871Z 21
2021-06-05T03:46:37.596910618Z Waiting X server...
2021-06-05T03:46:37.664732867Z 2021/06/05 03:46:37 [INIT] [Listening on :7070]
2021-06-05T03:46:37.726344819Z Waiting X server...
2021-06-05T03:46:37.732714327Z Logging to: /dev/null
2021-06-05T03:46:37.846800643Z Waiting X server...
2021-06-05T03:46:37.974346423Z Waiting X server...
2021-06-05T03:46:38.126791634Z 
2021-06-05T03:46:38.126807934Z  --- x11vnc loop: 1 ---
2021-06-05T03:46:38.126812334Z 
2021-06-05T03:46:38.127939352Z Starting ChromeDriver 88.0.4324.27 (6347fe8bf1e48bd0c54d07dc55ca011cf40861c9-refs/branch-heads/4324@{#450}) on port 4444
2021-06-05T03:46:38.127948952Z All remote connections are allowed. Use an allowlist instead!
2021-06-05T03:46:38.127953152Z Please see https://chromedriver.chromium.org/security-considerations for suggestions on keeping ChromeDriver safe.
2021-06-05T03:46:38.133404837Z ChromeDriver was started successfully.
2021-06-05T03:46:38.148701574Z [1622864798.149][INFO]: [28fd86f33edc16cbcf58ac090b59b997] COMMAND InitSession {
2021-06-05T03:46:38.148716674Z    "capabilities": {
2021-06-05T03:46:38.148720774Z       "firstMatch": [ {
2021-06-05T03:46:38.148724574Z          "browserName": "chrome",
2021-06-05T03:46:38.148728374Z          "goog:chromeOptions": {
2021-06-05T03:46:38.148731974Z             "args": [  ],
2021-06-05T03:46:38.148735574Z             "extensions": [  ],
2021-06-05T03:46:38.148739274Z             "prefs": {
2021-06-05T03:46:38.148742774Z                "download.default_directory": "/home/selenium/Downloads",
2021-06-05T03:46:38.148746674Z                "download.prompt_for_download": false,
2021-06-05T03:46:38.148750274Z                "profile.default_content_settings.popups": 0
2021-06-05T03:46:38.148753874Z             }
2021-06-05T03:46:38.148757275Z          }
2021-06-05T03:46:38.148760675Z       } ]
2021-06-05T03:46:38.148764075Z    },
2021-06-05T03:46:38.148767475Z    "desiredCapabilities": {
2021-06-05T03:46:38.148770975Z       "browserName": "chrome",
2021-06-05T03:46:38.148774575Z       "enableLog": true,
2021-06-05T03:46:38.148777975Z       "enableVNC": true,
2021-06-05T03:46:38.148781375Z       "enableVideo": true,
2021-06-05T03:46:38.148785475Z       "goog:chromeOptions": {
2021-06-05T03:46:38.148788875Z          "args": [  ],
2021-06-05T03:46:38.148792375Z          "extensions": [  ],
2021-06-05T03:46:38.148806575Z          "prefs": {
2021-06-05T03:46:38.148810075Z             "download.default_directory": "/home/selenium/Downloads",
2021-06-05T03:46:38.148813475Z             "download.prompt_for_download": false,
2021-06-05T03:46:38.148816675Z             "profile.default_content_settings.popups": 0
2021-06-05T03:46:38.148819875Z          }
2021-06-05T03:46:38.148822976Z       },
2021-06-05T03:46:38.148826076Z       "videoName": "KBh59uwmLW.mp4"
2021-06-05T03:46:38.148829276Z    }
2021-06-05T03:46:38.148832376Z }
2021-06-05T03:46:38.149074979Z [1622864798.149][INFO]: Populating Preferences file: {
2021-06-05T03:46:38.149081980Z    "alternate_error_pages": {
2021-06-05T03:46:38.149085280Z       "enabled": false
2021-06-05T03:46:38.149088480Z    },
2021-06-05T03:46:38.149091480Z    "autofill": {
2021-06-05T03:46:38.149094680Z       "enabled": false
2021-06-05T03:46:38.149097880Z    },
2021-06-05T03:46:38.149100980Z    "browser": {
2021-06-05T03:46:38.149104080Z       "check_default_browser": false
2021-06-05T03:46:38.149107380Z    },
2021-06-05T03:46:38.149110280Z    "distribution": {
2021-06-05T03:46:38.149113480Z       "import_bookmarks": false,
2021-06-05T03:46:38.149116580Z       "import_history": false,
2021-06-05T03:46:38.149119780Z       "import_search_engine": false,
2021-06-05T03:46:38.149122980Z       "make_chrome_default_for_user": false,
2021-06-05T03:46:38.149126080Z       "skip_first_run_ui": true
2021-06-05T03:46:38.149129180Z    },
2021-06-05T03:46:38.149132180Z    "dns_prefetching": {
2021-06-05T03:46:38.149135280Z       "enabled": false
2021-06-05T03:46:38.149138380Z    },
2021-06-05T03:46:38.149141280Z    "download": {
2021-06-05T03:46:38.149144380Z       "default_directory": "/home/selenium/Downloads",
2021-06-05T03:46:38.149147581Z       "prompt_for_download": false
2021-06-05T03:46:38.149150781Z    },
2021-06-05T03:46:38.149153681Z    "profile": {
2021-06-05T03:46:38.149156781Z       "content_settings": {
2021-06-05T03:46:38.149159781Z          "pattern_pairs": {
2021-06-05T03:46:38.149163081Z             "https://*,*": {
2021-06-05T03:46:38.149166281Z                "media-stream": {
2021-06-05T03:46:38.149169381Z                   "audio": "Default",
2021-06-05T03:46:38.149172681Z                   "video": "Default"
2021-06-05T03:46:38.149176181Z                }
2021-06-05T03:46:38.149179381Z             }
2021-06-05T03:46:38.149187181Z          }
2021-06-05T03:46:38.149190581Z       },
2021-06-05T03:46:38.149193581Z       "default_content_setting_values": {
2021-06-05T03:46:38.149196681Z          "geolocation": 1
2021-06-05T03:46:38.149200081Z       },
2021-06-05T03:46:38.149203181Z       "default_content_settings": {
2021-06-05T03:46:38.149206381Z          "geolocation": 1,
2021-06-05T03:46:38.149209482Z          "mouselock": 1,
2021-06-05T03:46:38.149212482Z          "notifications": 1,
2021-06-05T03:46:38.149215582Z          "popups": 0,
2021-06-05T03:46:38.149218682Z          "ppapi-broker": 1
2021-06-05T03:46:38.149221782Z       },
2021-06-05T03:46:38.149224882Z       "password_manager_enabled": false
2021-06-05T03:46:38.149228082Z    },
2021-06-05T03:46:38.149230982Z    "safebrowsing": {
2021-06-05T03:46:38.149233982Z       "enabled": false
2021-06-05T03:46:38.149236982Z    },
2021-06-05T03:46:38.149239882Z    "search": {
2021-06-05T03:46:38.149242882Z       "suggest_enabled": false
2021-06-05T03:46:38.149246082Z    },
2021-06-05T03:46:38.149248982Z    "translate": {
2021-06-05T03:46:38.149252282Z       "enabled": false
2021-06-05T03:46:38.149255382Z    }
2021-06-05T03:46:38.149258382Z }
2021-06-05T03:46:38.149288383Z [1622864798.149][INFO]: Populating Local State file: {
2021-06-05T03:46:38.149292183Z    "background_mode": {
2021-06-05T03:46:38.149295483Z       "enabled": false
2021-06-05T03:46:38.149298783Z    },
2021-06-05T03:46:38.149301983Z    "ssl": {
2021-06-05T03:46:38.149305683Z       "rev_checking": {
2021-06-05T03:46:38.149308983Z          "enabled": false
2021-06-05T03:46:38.149312283Z       }
2021-06-05T03:46:38.149315583Z    }
2021-06-05T03:46:38.149318783Z }
2021-06-05T03:46:38.149344084Z [1622864798.149][INFO]: Launching chrome: /usr/bin/google-chrome --disable-background-networking --disable-client-side-phishing-detection --disable-default-apps --disable-hang-monitor --disable-popup-blocking --disable-prompt-on-repost --disable-sync --enable-automation --enable-blink-features=ShadowDOMV0 --enable-logging --log-level=0 --no-first-run --no-service-autorun --password-store=basic --remote-debugging-port=0 --test-type=webdriver --use-mock-keychain --user-data-dir=/tmp/.com.google.Chrome.8GbiV1 data:,
2021-06-05T03:46:38.640400492Z  --- x11vnc loop: waiting for: 110
2021-06-05T03:46:38.640418792Z 
2021-06-05T03:46:38.699805212Z [80:111:0605/034638.699669:ERROR:bus.cc(393)] Failed to connect to the bus: Failed to connect to socket /var/run/dbus/system_bus_socket: No such file or directory
2021-06-05T03:46:38.790618119Z [80:119:0605/034638.785875:ERROR:bus.cc(393)] Failed to connect to the bus: Address does not contain a colon
2021-06-05T03:46:38.790653320Z [80:119:0605/034638.785924:ERROR:bus.cc(393)] Failed to connect to the bus: Address does not contain a colon
2021-06-05T03:46:38.834560600Z 
2021-06-05T03:46:38.834579500Z DevTools listening on ws://127.0.0.1:42755/devtools/browser/d9d72e5f-b523-479c-8c8f-3b2c77fd8c4a
2021-06-05T03:46:38.875809639Z [1622864798.876][DEBUG]: DevTools HTTP Request: http://localhost:42755/json/version
2021-06-05T03:46:38.881078921Z [80:119:0605/034638.876065:ERROR:bus.cc(393)] Failed to connect to the bus: Address does not contain a colon
2021-06-05T03:46:38.881095621Z [80:119:0605/034638.876104:ERROR:bus.cc(393)] Failed to connect to the bus: Address does not contain a colon
2021-06-05T03:46:38.915809759Z PORT=5900
2021-06-05T03:46:39.027826694Z [1622864799.028][DEBUG]: DevTools HTTP Response: {
2021-06-05T03:46:39.027845295Z    "Browser": "Chrome/88.0.4324.96",
2021-06-05T03:46:39.027849195Z    "Protocol-Version": "1.3",
2021-06-05T03:46:39.027852795Z    "User-Agent": "Mozilla/5.0 (X11; Linux x86_64) AppleWebKit/537.36 (KHTML, like Gecko) Chrome/88.0.4324.96 Safari/537.36",
2021-06-05T03:46:39.027856495Z    "V8-Version": "8.8.278.14",
2021-06-05T03:46:39.027859895Z    "WebKit-Version": "537.36 (@68dba2d8a0b149a1d3afac56fa74648032bcf46b)",
2021-06-05T03:46:39.027863195Z    "webSocketDebuggerUrl": "ws://localhost:42755/devtools/browser/d9d72e5f-b523-479c-8c8f-3b2c77fd8c4a"
2021-06-05T03:46:39.027890295Z }
2021-06-05T03:46:39.027893695Z 
2021-06-05T03:46:39.027899596Z [1622864799.028][DEBUG]: DevTools HTTP Request: http://localhost:42755/json/list
2021-06-05T03:46:39.071666374Z [80:166:0605/034639.064659:ERROR:bus.cc(393)] Failed to connect to the bus: Failed to connect to socket /var/run/dbus/system_bus_socket: No such file or directory
2021-06-05T03:46:39.071697174Z [80:166:0605/034639.064711:ERROR:bus.cc(393)] Failed to connect to the bus: Failed to connect to socket /var/run/dbus/system_bus_socket: No such file or directory
2021-06-05T03:46:39.071717974Z [80:166:0605/034639.064754:ERROR:bus.cc(393)] Failed to connect to the bus: Failed to connect to socket /var/run/dbus/system_bus_socket: No such file or directory
2021-06-05T03:46:39.071722075Z [80:166:0605/034639.064792:ERROR:bus.cc(393)] Failed to connect to the bus: Failed to connect to socket /var/run/dbus/system_bus_socket: No such file or directory
2021-06-05T03:46:39.071725975Z [80:166:0605/034639.064816:ERROR:bus.cc(393)] Failed to connect to the bus: Failed to connect to socket /var/run/dbus/system_bus_socket: No such file or directory
2021-06-05T03:46:39.072519587Z [1622864799.072][DEBUG]: DevTools HTTP Response: [ {
2021-06-05T03:46:39.072525487Z    "description": "",
2021-06-05T03:46:39.072528887Z    "devtoolsFrontendUrl": "/devtools/inspector.html?ws=localhost:42755/devtools/page/16891FC5F6D72E1711DB3AB032B0F510",
2021-06-05T03:46:39.072532687Z    "id": "16891FC5F6D72E1711DB3AB032B0F510",
2021-06-05T03:46:39.072542987Z    "title": "",
2021-06-05T03:46:39.072546287Z    "type": "page",
2021-06-05T03:46:39.072549587Z    "url": "data:,",
2021-06-05T03:46:39.072552887Z    "webSocketDebuggerUrl": "ws://localhost:42755/devtools/page/16891FC5F6D72E1711DB3AB032B0F510"
2021-06-05T03:46:39.072556287Z } ]
2021-06-05T03:46:39.072559287Z 
2021-06-05T03:46:39.076694552Z [1622864799.077][DEBUG]: DevTools HTTP Request: http://localhost:42755/json/list
2021-06-05T03:46:39.091996589Z [1622864799.092][DEBUG]: DevTools HTTP Response: [ {
2021-06-05T03:46:39.092009789Z    "description": "",
2021-06-05T03:46:39.092013889Z    "devtoolsFrontendUrl": "/devtools/inspector.html?ws=localhost:42755/devtools/page/16891FC5F6D72E1711DB3AB032B0F510",
2021-06-05T03:46:39.092017889Z    "id": "16891FC5F6D72E1711DB3AB032B0F510",
2021-06-05T03:46:39.092021489Z    "title": "",
2021-06-05T03:46:39.092024889Z    "type": "page",
2021-06-05T03:46:39.092028389Z    "url": "data:,",
2021-06-05T03:46:39.092031889Z    "webSocketDebuggerUrl": "ws://localhost:42755/devtools/page/16891FC5F6D72E1711DB3AB032B0F510"
2021-06-05T03:46:39.092035489Z } ]
2021-06-05T03:46:39.092038789Z 
2021-06-05T03:46:39.092561597Z [1622864799.093][INFO]: resolved localhost to ["127.0.0.1","172.17.0.4","::1"]
2021-06-05T03:46:39.107468028Z [1622864799.107][DEBUG]: DevTools WebSocket Command: Page.addScriptToEvaluateOnNewDocument (id=1) 16891FC5F6D72E1711DB3AB032B0F510 {
2021-06-05T03:46:39.107485629Z    "source": "(function () {window.cdc_adoQpoasnfa76pfcZLmcfl_Array = window.Array;window.cdc_adoQpoasnfa76pfcZLmcfl_Promise = window.Promise;window.cdc_adoQpoasnfa76pfcZLmcfl_Symbol = window.Symbol;}) ();"
2021-06-05T03:46:39.107490529Z }
2021-06-05T03:46:39.107670431Z [1622864799.108][DEBUG]: DevTools WebSocket Command: Runtime.evaluate (id=2) 16891FC5F6D72E1711DB3AB032B0F510 {
2021-06-05T03:46:39.107675832Z    "expression": "(function () {window.cdc_adoQpoasnfa76pfcZLmcfl_Array = window.Array;window.cdc_adoQpoasnfa76pfcZLmcfl_Promise = window.Promise;window.cdc_adoQpoasnfa76pfcZLmcfl_Symbol = window.Symbol;}) ();"
2021-06-05T03:46:39.107680032Z }
2021-06-05T03:46:39.107814534Z [1622864799.108][DEBUG]: DevTools WebSocket Command: Log.enable (id=3) 16891FC5F6D72E1711DB3AB032B0F510 {
2021-06-05T03:46:39.107821234Z 
2021-06-05T03:46:39.107824534Z }
2021-06-05T03:46:39.107960636Z [1622864799.108][DEBUG]: DevTools WebSocket Command: DOM.getDocument (id=4) 16891FC5F6D72E1711DB3AB032B0F510 {
2021-06-05T03:46:39.107965436Z 
2021-06-05T03:46:39.107968736Z }
2021-06-05T03:46:39.108188940Z [1622864799.108][DEBUG]: DevTools WebSocket Command: Target.setAutoAttach (id=5) 16891FC5F6D72E1711DB3AB032B0F510 {
2021-06-05T03:46:39.108197040Z    "autoAttach": true,
2021-06-05T03:46:39.108200540Z    "flatten": true,
2021-06-05T03:46:39.108212640Z    "waitForDebuggerOnStart": false
2021-06-05T03:46:39.108218040Z }
2021-06-05T03:46:39.108406443Z [1622864799.108][DEBUG]: DevTools WebSocket Command: Page.enable (id=6) 16891FC5F6D72E1711DB3AB032B0F510 {
2021-06-05T03:46:39.108413243Z 
2021-06-05T03:46:39.108416543Z }
2021-06-05T03:46:39.108604746Z [1622864799.109][DEBUG]: DevTools WebSocket Command: Page.enable (id=7) 16891FC5F6D72E1711DB3AB032B0F510 {
2021-06-05T03:46:39.108612146Z 
2021-06-05T03:46:39.108615446Z }
2021-06-05T03:46:39.168695777Z [121:121:0605/034639.166460:ERROR:sandbox_linux.cc(374)] InitializeSandbox() called with multiple threads in process gpu-process.
2021-06-05T03:46:39.358340615Z [1622864799.357][DEBUG]: DevTools WebSocket Response: Page.addScriptToEvaluateOnNewDocument (id=1) 16891FC5F6D72E1711DB3AB032B0F510 {
2021-06-05T03:46:39.358375916Z    "identifier": "1"
2021-06-05T03:46:39.358380416Z }
2021-06-05T03:46:39.358384016Z [1622864799.357][DEBUG]: DevTools WebSocket Response: Runtime.evaluate (id=2) 16891FC5F6D72E1711DB3AB032B0F510 {
2021-06-05T03:46:39.358387816Z    "result": {
2021-06-05T03:46:39.358391316Z       "type": "undefined"
2021-06-05T03:46:39.358394916Z    }
2021-06-05T03:46:39.358398116Z }
2021-06-05T03:46:39.358401316Z [1622864799.357][DEBUG]: DevTools WebSocket Response: Log.enable (id=3) 16891FC5F6D72E1711DB3AB032B0F510 {
2021-06-05T03:46:39.358404816Z 
2021-06-05T03:46:39.358408016Z }
2021-06-05T03:46:39.358411216Z [1622864799.357][DEBUG]: DevTools WebSocket Response: DOM.getDocument (id=4) 16891FC5F6D72E1711DB3AB032B0F510 {
2021-06-05T03:46:39.358414816Z    "root": {
2021-06-05T03:46:39.358418116Z       "backendNodeId": 2,
2021-06-05T03:46:39.358421516Z       "baseURL": "data:,",
2021-06-05T03:46:39.358424917Z       "childNodeCount": 0,
2021-06-05T03:46:39.358428217Z       "children": [  ],
2021-06-05T03:46:39.358431517Z       "documentURL": "data:,",
2021-06-05T03:46:39.358434917Z       "localName": "",
2021-06-05T03:46:39.358438717Z       "nodeId": 1,
2021-06-05T03:46:39.358442017Z       "nodeName": "#document",
2021-06-05T03:46:39.358445417Z       "nodeType": 9,
2021-06-05T03:46:39.358448617Z       "nodeValue": "",
2021-06-05T03:46:39.358452017Z       "xmlVersion": ""
2021-06-05T03:46:39.358455317Z    }
2021-06-05T03:46:39.358458417Z }
2021-06-05T03:46:39.358461617Z [1622864799.357][DEBUG]: DevTools WebSocket Response: Target.setAutoAttach (id=5) 16891FC5F6D72E1711DB3AB032B0F510 {
2021-06-05T03:46:39.358465117Z 
2021-06-05T03:46:39.358468217Z }
2021-06-05T03:46:39.358482517Z [1622864799.357][DEBUG]: DevTools WebSocket Response: Page.enable (id=6) 16891FC5F6D72E1711DB3AB032B0F510 {
2021-06-05T03:46:39.358486217Z 
2021-06-05T03:46:39.358489418Z }
2021-06-05T03:46:39.358492518Z [1622864799.358][DEBUG]: DevTools WebSocket Response: Page.enable (id=7) 16891FC5F6D72E1711DB3AB032B0F510 {
2021-06-05T03:46:39.358495918Z 
2021-06-05T03:46:39.358499118Z }
2021-06-05T03:46:39.358502318Z [1622864799.358][DEBUG]: DevTools WebSocket Command: Runtime.enable (id=8) 16891FC5F6D72E1711DB3AB032B0F510 {
2021-06-05T03:46:39.358505718Z 
2021-06-05T03:46:39.358508918Z }
2021-06-05T03:46:39.458302164Z [1622864799.458][DEBUG]: DevTools WebSocket Event: DOM.childNodeInserted 16891FC5F6D72E1711DB3AB032B0F510 {
2021-06-05T03:46:39.458333964Z    "node": {
2021-06-05T03:46:39.458338365Z       "attributes": [  ],
2021-06-05T03:46:39.458341965Z       "backendNodeId": 3,
2021-06-05T03:46:39.458345165Z       "childNodeCount": 0,
2021-06-05T03:46:39.458348365Z       "frameId": "16891FC5F6D72E1711DB3AB032B0F510",
2021-06-05T03:46:39.458351765Z       "localName": "html",
2021-06-05T03:46:39.458354965Z       "nodeId": 2,
2021-06-05T03:46:39.458357865Z       "nodeName": "HTML",
2021-06-05T03:46:39.458361565Z       "nodeType": 1,
2021-06-05T03:46:39.458364565Z       "nodeValue": ""
2021-06-05T03:46:39.458367765Z    },
2021-06-05T03:46:39.458370765Z    "parentNodeId": 1,
2021-06-05T03:46:39.458373765Z    "previousNodeId": 0
2021-06-05T03:46:39.458376965Z }
2021-06-05T03:46:39.462178424Z [1622864799.462][DEBUG]: DevTools WebSocket Event: DOM.childNodeCountUpdated 16891FC5F6D72E1711DB3AB032B0F510 {
2021-06-05T03:46:39.462195124Z    "childNodeCount": 1,
2021-06-05T03:46:39.462199224Z    "nodeId": 2
2021-06-05T03:46:39.462202524Z }
2021-06-05T03:46:39.462422528Z [1622864799.462][DEBUG]: DevTools WebSocket Event: DOM.childNodeCountUpdated 16891FC5F6D72E1711DB3AB032B0F510 {
2021-06-05T03:46:39.462436728Z    "childNodeCount": 2,
2021-06-05T03:46:39.462440928Z    "nodeId": 2
2021-06-05T03:46:39.462444428Z }
2021-06-05T03:46:39.462538230Z [1622864799.462][DEBUG]: DevTools WebSocket Event: Page.loadEventFired 16891FC5F6D72E1711DB3AB032B0F510 {
2021-06-05T03:46:39.462546430Z    "timestamp": 125.870302
2021-06-05T03:46:39.462550130Z }
2021-06-05T03:46:39.462610931Z [1622864799.463][DEBUG]: DevTools WebSocket Command: Runtime.evaluate (id=9) 16891FC5F6D72E1711DB3AB032B0F510 {
2021-06-05T03:46:39.462618231Z    "awaitPromise": false,
2021-06-05T03:46:39.462621731Z    "expression": "document.readyState",
2021-06-05T03:46:39.462634731Z    "returnByValue": true
2021-06-05T03:46:39.462638531Z }
2021-06-05T03:46:39.462824934Z [1622864799.463][DEBUG]: DevTools WebSocket Event: Page.frameStoppedLoading 16891FC5F6D72E1711DB3AB032B0F510 {
2021-06-05T03:46:39.462834634Z    "frameId": "16891FC5F6D72E1711DB3AB032B0F510"
2021-06-05T03:46:39.462838734Z }
2021-06-05T03:46:39.462881135Z [1622864799.463][DEBUG]: DevTools WebSocket Event: DOM.documentUpdated 16891FC5F6D72E1711DB3AB032B0F510 {
2021-06-05T03:46:39.462886835Z 
2021-06-05T03:46:39.462890135Z }
2021-06-05T03:46:39.462937636Z [1622864799.463][DEBUG]: DevTools WebSocket Command: DOM.getDocument (id=10) 16891FC5F6D72E1711DB3AB032B0F510 {
2021-06-05T03:46:39.462946436Z 
2021-06-05T03:46:39.462949736Z }
2021-06-05T03:46:39.474188710Z [1622864799.474][DEBUG]: DevTools WebSocket Event: Page.domContentEventFired 16891FC5F6D72E1711DB3AB032B0F510 {
2021-06-05T03:46:39.474204210Z    "timestamp": 125.873551
2021-06-05T03:46:39.474208210Z }
2021-06-05T03:46:39.490816268Z [1622864799.491][DEBUG]: DevTools WebSocket Event: Runtime.executionContextCreated 16891FC5F6D72E1711DB3AB032B0F510 {
2021-06-05T03:46:39.490844668Z    "context": {
2021-06-05T03:46:39.490849368Z       "auxData": {
2021-06-05T03:46:39.490852868Z          "frameId": "16891FC5F6D72E1711DB3AB032B0F510",
2021-06-05T03:46:39.490856668Z          "isDefault": true,
2021-06-05T03:46:39.490860068Z          "type": "default"
2021-06-05T03:46:39.490863568Z       },
2021-06-05T03:46:39.490866869Z       "id": 1,
2021-06-05T03:46:39.490870169Z       "name": "",
2021-06-05T03:46:39.490873769Z       "origin": "://"
2021-06-05T03:46:39.490877369Z    }
2021-06-05T03:46:39.490880569Z }
2021-06-05T03:46:39.496151950Z [1622864799.496][DEBUG]: DevTools WebSocket Response: Runtime.enable (id=8) 16891FC5F6D72E1711DB3AB032B0F510 {
2021-06-05T03:46:39.496169451Z 
2021-06-05T03:46:39.496173051Z }
2021-06-05T03:46:39.496599057Z [1622864799.497][DEBUG]: DevTools WebSocket Response: Runtime.evaluate (id=9) 16891FC5F6D72E1711DB3AB032B0F510 {
2021-06-05T03:46:39.496608057Z    "result": {
2021-06-05T03:46:39.496611358Z       "type": "string",
2021-06-05T03:46:39.496614558Z       "value": "complete"
2021-06-05T03:46:39.496651258Z    }
2021-06-05T03:46:39.496655258Z }
2021-06-05T03:46:39.503454364Z [1622864799.503][DEBUG]: DevTools WebSocket Command: Page.enable (id=11) 16891FC5F6D72E1711DB3AB032B0F510 {
2021-06-05T03:46:39.503469364Z 
2021-06-05T03:46:39.503473064Z }
2021-06-05T03:46:39.504646382Z [1622864799.505][DEBUG]: DevTools WebSocket Response: DOM.getDocument (id=10) 16891FC5F6D72E1711DB3AB032B0F510 {
2021-06-05T03:46:39.504672382Z    "root": {
2021-06-05T03:46:39.504676583Z       "backendNodeId": 2,
2021-06-05T03:46:39.504679883Z       "baseURL": "data:,",
2021-06-05T03:46:39.504683183Z       "childNodeCount": 1,
2021-06-05T03:46:39.504686283Z       "children": [ {
2021-06-05T03:46:39.504689783Z          "attributes": [  ],
2021-06-05T03:46:39.504692883Z          "backendNodeId": 3,
2021-06-05T03:46:39.504695883Z          "childNodeCount": 2,
2021-06-05T03:46:39.504698983Z          "children": [ {
2021-06-05T03:46:39.504702083Z             "attributes": [  ],
2021-06-05T03:46:39.504705183Z             "backendNodeId": 4,
2021-06-05T03:46:39.504708283Z             "childNodeCount": 0,
2021-06-05T03:46:39.504717683Z             "localName": "head",
2021-06-05T03:46:39.504720983Z             "nodeId": 5,
2021-06-05T03:46:39.504724083Z             "nodeName": "HEAD",
2021-06-05T03:46:39.504727183Z             "nodeType": 1,
2021-06-05T03:46:39.504730183Z             "nodeValue": "",
2021-06-05T03:46:39.504733383Z             "parentId": 4
2021-06-05T03:46:39.504736383Z          }, {
2021-06-05T03:46:39.504739483Z             "attributes": [  ],
2021-06-05T03:46:39.504742484Z             "backendNodeId": 5,
2021-06-05T03:46:39.504745584Z             "childNodeCount": 0,
2021-06-05T03:46:39.504748584Z             "localName": "body",
2021-06-05T03:46:39.504751684Z             "nodeId": 6,
2021-06-05T03:46:39.504754684Z             "nodeName": "BODY",
2021-06-05T03:46:39.504757784Z             "nodeType": 1,
2021-06-05T03:46:39.504760784Z             "nodeValue": "",
2021-06-05T03:46:39.504763884Z             "parentId": 4
2021-06-05T03:46:39.504767184Z          } ],
2021-06-05T03:46:39.504770284Z          "frameId": "16891FC5F6D72E1711DB3AB032B0F510",
2021-06-05T03:46:39.504773584Z          "localName": "html",
2021-06-05T03:46:39.504776684Z          "nodeId": 4,
2021-06-05T03:46:39.504779684Z          "nodeName": "HTML",
2021-06-05T03:46:39.504782784Z          "nodeType": 1,
2021-06-05T03:46:39.504785784Z          "nodeValue": "",
2021-06-05T03:46:39.504788784Z          "parentId": 3
2021-06-05T03:46:39.504791784Z       } ],
2021-06-05T03:46:39.504794784Z       "documentURL": "data:,",
2021-06-05T03:46:39.504797984Z       "localName": "",
2021-06-05T03:46:39.504800984Z       "nodeId": 3,
2021-06-05T03:46:39.504803984Z       "nodeName": "#document",
2021-06-05T03:46:39.504810485Z       "nodeType": 9,
2021-06-05T03:46:39.504813685Z       "nodeValue": "",
2021-06-05T03:46:39.504816785Z       "xmlVersion": ""
2021-06-05T03:46:39.504819885Z    }
2021-06-05T03:46:39.504822885Z }
2021-06-05T03:46:39.514837740Z [1622864799.515][DEBUG]: DevTools WebSocket Response: Page.enable (id=11) 16891FC5F6D72E1711DB3AB032B0F510 {
2021-06-05T03:46:39.514853340Z 
2021-06-05T03:46:39.514857040Z }
2021-06-05T03:46:39.514966942Z [1622864799.515][DEBUG]: DevTools WebSocket Command: Runtime.enable (id=12) 16891FC5F6D72E1711DB3AB032B0F510 {
2021-06-05T03:46:39.514982442Z 
2021-06-05T03:46:39.514986242Z }
2021-06-05T03:46:39.515479550Z [1622864799.515][DEBUG]: DevTools WebSocket Response: Runtime.enable (id=12) 16891FC5F6D72E1711DB3AB032B0F510 {
2021-06-05T03:46:39.515499950Z 
2021-06-05T03:46:39.515503450Z }
2021-06-05T03:46:39.515986358Z [1622864799.516][DEBUG]: DevTools WebSocket Command: Runtime.evaluate (id=13) 16891FC5F6D72E1711DB3AB032B0F510 {
2021-06-05T03:46:39.515996858Z    "awaitPromise": true,
2021-06-05T03:46:39.516000158Z    "expression": "(function() { // Copyright (c) 2012 The Chromium Authors. All rights reserved.\n// Use of this source code is governed by a BSD-style license that can be\n// found in the LICENSE file.\n\n/**\n * Enum f...",
2021-06-05T03:46:39.516004158Z    "returnByValue": true
2021-06-05T03:46:39.516006958Z }
2021-06-05T03:46:39.536146770Z [1622864799.530][DEBUG]: DevTools WebSocket Response: Runtime.evaluate (id=13) 16891FC5F6D72E1711DB3AB032B0F510 {
2021-06-05T03:46:39.536163070Z    "result": {
2021-06-05T03:46:39.536166570Z       "type": "object",
2021-06-05T03:46:39.536169670Z       "value": {
2021-06-05T03:46:39.536172370Z          "status": 0,
2021-06-05T03:46:39.536175071Z          "value": 1
2021-06-05T03:46:39.536177971Z       }
2021-06-05T03:46:39.536191371Z    }
2021-06-05T03:46:39.536194671Z }
2021-06-05T03:46:39.536197371Z [1622864799.530][INFO]: [28fd86f33edc16cbcf58ac090b59b997] RESPONSE InitSession {
2021-06-05T03:46:39.536200171Z    "capabilities": {
2021-06-05T03:46:39.536202971Z       "acceptInsecureCerts": false,
2021-06-05T03:46:39.536205871Z       "browserName": "chrome",
2021-06-05T03:46:39.536208671Z       "browserVersion": "88.0.4324.96",
2021-06-05T03:46:39.536211571Z       "chrome": {
2021-06-05T03:46:39.536214371Z          "chromedriverVersion": "88.0.4324.27 (6347fe8bf1e48bd0c54d07dc55ca011cf40861c9-refs/branch-heads/4324@{#450})",
2021-06-05T03:46:39.536217471Z          "userDataDir": "/tmp/.com.google.Chrome.8GbiV1"
2021-06-05T03:46:39.536220471Z       },
2021-06-05T03:46:39.536233471Z       "goog:chromeOptions": {
2021-06-05T03:46:39.536236371Z          "debuggerAddress": "localhost:42755"
2021-06-05T03:46:39.536239172Z       },
2021-06-05T03:46:39.536241772Z       "networkConnectionEnabled": false,
2021-06-05T03:46:39.536244572Z       "pageLoadStrategy": "normal",
2021-06-05T03:46:39.536247272Z       "platformName": "linux",
2021-06-05T03:46:39.536249972Z       "proxy": {
2021-06-05T03:46:39.536252572Z 
2021-06-05T03:46:39.536255272Z       },
2021-06-05T03:46:39.536257772Z       "setWindowRect": true,
2021-06-05T03:46:39.536260372Z       "strictFileInteractability": false,
2021-06-05T03:46:39.536263172Z       "timeouts": {
2021-06-05T03:46:39.536267572Z          "implicit": 0,
2021-06-05T03:46:39.536270272Z          "pageLoad": 300000,
2021-06-05T03:46:39.536273072Z          "script": 30000
2021-06-05T03:46:39.536275672Z       },
2021-06-05T03:46:39.536278172Z       "unhandledPromptBehavior": "dismiss and notify",
2021-06-05T03:46:39.536280972Z       "webauthn:extension:largeBlob": true,
2021-06-05T03:46:39.536283772Z       "webauthn:virtualAuthenticators": true
2021-06-05T03:46:39.536286472Z    },
2021-06-05T03:46:39.536289072Z    "sessionId": "28fd86f33edc16cbcf58ac090b59b997"
2021-06-05T03:46:39.536291872Z }
2021-06-05T03:46:39.546233626Z [1622864799.546][INFO]: [28fd86f33edc16cbcf58ac090b59b997] COMMAND SetTimeouts {
2021-06-05T03:46:39.546247227Z    "implicit": 30000
2021-06-05T03:46:39.546250627Z }
2021-06-05T03:46:39.546300627Z [1622864799.546][INFO]: [28fd86f33edc16cbcf58ac090b59b997] RESPONSE SetTimeouts
2021-06-05T03:46:39.625450154Z [1622864799.625][INFO]: [28fd86f33edc16cbcf58ac090b59b997] COMMAND Navigate {
2021-06-05T03:46:39.625472354Z    "url": "https://www.selenium.dev/downloads/"
2021-06-05T03:46:39.625476154Z }
2021-06-05T03:46:39.625657057Z [1622864799.626][INFO]: Waiting for pending navigations...
2021-06-05T03:46:39.625727458Z [1622864799.626][DEBUG]: DevTools WebSocket Command: Runtime.evaluate (id=14) 16891FC5F6D72E1711DB3AB032B0F510 {
2021-06-05T03:46:39.625732758Z    "expression": "1"
2021-06-05T03:46:39.625735758Z }
2021-06-05T03:46:39.626573971Z [1622864799.627][DEBUG]: DevTools WebSocket Response: Runtime.evaluate (id=14) 16891FC5F6D72E1711DB3AB032B0F510 {
2021-06-05T03:46:39.626584971Z    "result": {
2021-06-05T03:46:39.626587971Z       "description": "1",
2021-06-05T03:46:39.626591371Z       "type": "number",
2021-06-05T03:46:39.626594271Z       "value": 1
2021-06-05T03:46:39.626608272Z    }
2021-06-05T03:46:39.626611072Z }
2021-06-05T03:46:39.626679873Z [1622864799.627][INFO]: Done waiting for pending navigations. Status: ok
2021-06-05T03:46:39.626837075Z [1622864799.627][DEBUG]: DevTools WebSocket Command: Page.navigate (id=15) 16891FC5F6D72E1711DB3AB032B0F510 {
2021-06-05T03:46:39.626843175Z    "url": "https://www.selenium.dev/downloads/"
2021-06-05T03:46:39.626846775Z }
2021-06-05T03:46:39.897664071Z [1622864799.898][DEBUG]: DevTools WebSocket Response: Page.navigate (id=15) 16891FC5F6D72E1711DB3AB032B0F510 {
2021-06-05T03:46:39.897685072Z    "frameId": "16891FC5F6D72E1711DB3AB032B0F510",
2021-06-05T03:46:39.897689672Z    "loaderId": "69237B6F33E14B7AE36198654860A786"
2021-06-05T03:46:39.897693472Z }
2021-06-05T03:46:39.897707772Z [1622864799.898][DEBUG]: DevTools WebSocket Command: Runtime.evaluate (id=16) 16891FC5F6D72E1711DB3AB032B0F510 {
2021-06-05T03:46:39.897711972Z    "expression": "document.URL"
2021-06-05T03:46:39.897715672Z }
2021-06-05T03:46:39.900763419Z [1622864799.901][DEBUG]: DevTools WebSocket Event: Runtime.executionContextsCleared 16891FC5F6D72E1711DB3AB032B0F510 {
2021-06-05T03:46:39.900777420Z 
2021-06-05T03:46:39.900781020Z }
2021-06-05T03:46:39.903468261Z [1622864799.903][DEBUG]: DevTools WebSocket Event: Page.frameStartedLoading 16891FC5F6D72E1711DB3AB032B0F510 {
2021-06-05T03:46:39.903480861Z    "frameId": "16891FC5F6D72E1711DB3AB032B0F510"
2021-06-05T03:46:39.903484761Z }
2021-06-05T03:46:39.925602104Z [1622864799.926][DEBUG]: DevTools WebSocket Event: Runtime.executionContextsCleared 16891FC5F6D72E1711DB3AB032B0F510 {
2021-06-05T03:46:39.925615104Z 
2021-06-05T03:46:39.925618304Z }
2021-06-05T03:46:39.925693406Z [1622864799.926][DEBUG]: DevTools WebSocket Event: Page.frameNavigated 16891FC5F6D72E1711DB3AB032B0F510 {
2021-06-05T03:46:39.925706906Z    "frame": {
2021-06-05T03:46:39.925710306Z       "adFrameType": "none",
2021-06-05T03:46:39.925713806Z       "crossOriginIsolatedContextType": "NotIsolated",
2021-06-05T03:46:39.925717206Z       "domainAndRegistry": "selenium.dev",
2021-06-05T03:46:39.925720606Z       "gatedAPIFeatures": [ "SharedArrayBuffers", "SharedArrayBuffersTransferAllowed" ],
2021-06-05T03:46:39.925724306Z       "id": "16891FC5F6D72E1711DB3AB032B0F510",
2021-06-05T03:46:39.925727506Z       "loaderId": "69237B6F33E14B7AE36198654860A786",
2021-06-05T03:46:39.925730706Z       "mimeType": "text/html",
2021-06-05T03:46:39.925733906Z       "secureContextType": "Secure",
2021-06-05T03:46:39.925737206Z       "securityOrigin": "https://www.selenium.dev",
2021-06-05T03:46:39.925740406Z       "url": "https://www.selenium.dev/downloads/"
2021-06-05T03:46:39.925743706Z    }
2021-06-05T03:46:39.925755407Z }
2021-06-05T03:46:39.925763907Z [1622864799.926][DEBUG]: DevTools WebSocket Event: DOM.documentUpdated 16891FC5F6D72E1711DB3AB032B0F510 {
2021-06-05T03:46:39.925767407Z 
2021-06-05T03:46:39.925770407Z }
2021-06-05T03:46:39.925782007Z [1622864799.926][DEBUG]: DevTools WebSocket Command: DOM.getDocument (id=17) 16891FC5F6D72E1711DB3AB032B0F510 {
2021-06-05T03:46:39.925785607Z 
2021-06-05T03:46:39.925788607Z }
2021-06-05T03:46:39.925955110Z [1622864799.926][DEBUG]: DevTools WebSocket Event: Runtime.executionContextCreated 16891FC5F6D72E1711DB3AB032B0F510 {
2021-06-05T03:46:39.925962310Z    "context": {
2021-06-05T03:46:39.925965510Z       "auxData": {
2021-06-05T03:46:39.925968610Z          "frameId": "16891FC5F6D72E1711DB3AB032B0F510",
2021-06-05T03:46:39.925972010Z          "isDefault": true,
2021-06-05T03:46:39.925975110Z          "type": "default"
2021-06-05T03:46:39.925978610Z       },
2021-06-05T03:46:39.925981910Z       "id": 1,
2021-06-05T03:46:39.925985010Z       "name": "",
2021-06-05T03:46:39.925988110Z       "origin": "https://www.selenium.dev"
2021-06-05T03:46:39.925991310Z    }
2021-06-05T03:46:39.925994410Z }
2021-06-05T03:46:39.964749111Z [1622864799.965][DEBUG]: DevTools WebSocket Response: Runtime.evaluate (id=16) 16891FC5F6D72E1711DB3AB032B0F510 {
2021-06-05T03:46:39.964767311Z    "result": {
2021-06-05T03:46:39.964771211Z       "type": "string",
2021-06-05T03:46:39.964774711Z       "value": "https://www.selenium.dev/downloads/"
2021-06-05T03:46:39.964778311Z    }
2021-06-05T03:46:39.964781411Z }
2021-06-05T03:46:39.964795611Z [1622864799.965][INFO]: Waiting for pending navigations...
2021-06-05T03:46:39.964843412Z [1622864799.965][DEBUG]: DevTools WebSocket Response: DOM.getDocument (id=17) 16891FC5F6D72E1711DB3AB032B0F510 {
2021-06-05T03:46:39.964848612Z    "root": {
2021-06-05T03:46:39.964851912Z       "backendNodeId": 1,
2021-06-05T03:46:39.964855312Z       "baseURL": "https://www.selenium.dev/downloads/",
2021-06-05T03:46:39.964858812Z       "childNodeCount": 0,
2021-06-05T03:46:39.964862012Z       "children": [  ],
2021-06-05T03:46:39.964865312Z       "documentURL": "https://www.selenium.dev/downloads/",
2021-06-05T03:46:39.964868613Z       "localName": "",
2021-06-05T03:46:39.964871913Z       "nodeId": 1,
2021-06-05T03:46:39.964874913Z       "nodeName": "#document",
2021-06-05T03:46:39.964885313Z       "nodeType": 9,
2021-06-05T03:46:39.964888613Z       "nodeValue": "",
2021-06-05T03:46:39.964891713Z       "xmlVersion": ""
2021-06-05T03:46:39.964903713Z    }
2021-06-05T03:46:39.964906913Z }
2021-06-05T03:46:39.964919513Z [1622864799.965][DEBUG]: DevTools WebSocket Command: Runtime.evaluate (id=18) 16891FC5F6D72E1711DB3AB032B0F510 {
2021-06-05T03:46:39.964923213Z    "expression": "1"
2021-06-05T03:46:39.964926413Z }
2021-06-05T03:46:39.992838646Z [1622864799.993][DEBUG]: DevTools WebSocket Event: DOM.childNodeInserted 16891FC5F6D72E1711DB3AB032B0F510 {
2021-06-05T03:46:39.992852646Z    "node": {
2021-06-05T03:46:39.992856646Z       "backendNodeId": 2,
2021-06-05T03:46:39.992860046Z       "localName": "",
2021-06-05T03:46:39.992863346Z       "nodeId": 2,
2021-06-05T03:46:39.992866546Z       "nodeName": "html",
2021-06-05T03:46:39.992869846Z       "nodeType": 10,
2021-06-05T03:46:39.992872846Z       "nodeValue": "",
2021-06-05T03:46:39.992876046Z       "publicId": "",
2021-06-05T03:46:39.992879046Z       "systemId": ""
2021-06-05T03:46:39.992882247Z    },
2021-06-05T03:46:39.992885147Z    "parentNodeId": 1,
2021-06-05T03:46:39.992888347Z    "previousNodeId": 0
2021-06-05T03:46:39.992891447Z }
2021-06-05T03:46:39.996817408Z [1622864799.997][DEBUG]: DevTools WebSocket Event: DOM.childNodeInserted 16891FC5F6D72E1711DB3AB032B0F510 {
2021-06-05T03:46:39.996830608Z    "node": {
2021-06-05T03:46:39.996834508Z       "attributes": [  ],
2021-06-05T03:46:39.996837908Z       "backendNodeId": 3,
2021-06-05T03:46:39.996841208Z       "childNodeCount": 0,
2021-06-05T03:46:39.996844508Z       "frameId": "16891FC5F6D72E1711DB3AB032B0F510",
2021-06-05T03:46:39.996850108Z       "localName": "html",
2021-06-05T03:46:39.996853508Z       "nodeId": 3,
2021-06-05T03:46:39.996856708Z       "nodeName": "HTML",
2021-06-05T03:46:39.996860008Z       "nodeType": 1,
2021-06-05T03:46:39.996863308Z       "nodeValue": ""
2021-06-05T03:46:39.996866508Z    },
2021-06-05T03:46:39.996869608Z    "parentNodeId": 1,
2021-06-05T03:46:39.996873008Z    "previousNodeId": 2
2021-06-05T03:46:39.996876208Z }
2021-06-05T03:46:39.996890709Z [1622864799.997][DEBUG]: DevTools WebSocket Event: DOM.childNodeCountUpdated 16891FC5F6D72E1711DB3AB032B0F510 {
2021-06-05T03:46:39.996894509Z    "childNodeCount": 1,
2021-06-05T03:46:39.996897709Z    "nodeId": 3
2021-06-05T03:46:39.996900909Z }
2021-06-05T03:46:39.996903909Z [1622864799.997][DEBUG]: DevTools WebSocket Event: DOM.childNodeCountUpdated 16891FC5F6D72E1711DB3AB032B0F510 {
2021-06-05T03:46:39.996907309Z    "childNodeCount": 2,
2021-06-05T03:46:39.996917509Z    "nodeId": 3
2021-06-05T03:46:39.996920809Z }
2021-06-05T03:46:39.996932709Z [1622864799.997][DEBUG]: DevTools WebSocket Response: Runtime.evaluate (id=18) 16891FC5F6D72E1711DB3AB032B0F510 {
2021-06-05T03:46:39.996936309Z    "result": {
2021-06-05T03:46:39.996939409Z       "description": "1",
2021-06-05T03:46:39.996942709Z       "type": "number",
2021-06-05T03:46:39.996945910Z       "value": 1
2021-06-05T03:46:39.996949210Z    }
2021-06-05T03:46:39.996952210Z }
2021-06-05T03:46:40.192250435Z [1622864800.192][DEBUG]: DevTools WebSocket Event: Page.frameResized 16891FC5F6D72E1711DB3AB032B0F510 {
2021-06-05T03:46:40.192268736Z 
2021-06-05T03:46:40.192279636Z }
2021-06-05T03:46:40.192371037Z [1622864800.192][DEBUG]: DevTools WebSocket Command: Runtime.evaluate (id=19) 16891FC5F6D72E1711DB3AB032B0F510 {
2021-06-05T03:46:40.192376537Z    "expression": "1"
2021-06-05T03:46:40.192379637Z }
2021-06-05T03:46:40.193457854Z [1622864800.193][DEBUG]: DevTools WebSocket Response: Runtime.evaluate (id=19) 16891FC5F6D72E1711DB3AB032B0F510 {
2021-06-05T03:46:40.193470854Z    "result": {
2021-06-05T03:46:40.193474354Z       "description": "1",
2021-06-05T03:46:40.193477954Z       "type": "number",
2021-06-05T03:46:40.193481255Z       "value": 1
2021-06-05T03:46:40.193484455Z    }
2021-06-05T03:46:40.193487655Z }
2021-06-05T03:46:40.261903115Z [1622864800.262][DEBUG]: DevTools WebSocket Event: DOM.documentUpdated 16891FC5F6D72E1711DB3AB032B0F510 {
2021-06-05T03:46:40.261935515Z 
2021-06-05T03:46:40.261939615Z }
2021-06-05T03:46:40.262086517Z [1622864800.262][DEBUG]: DevTools WebSocket Command: DOM.getDocument (id=20) 16891FC5F6D72E1711DB3AB032B0F510 {
2021-06-05T03:46:40.262093418Z 
2021-06-05T03:46:40.262096718Z }
2021-06-05T03:46:40.262416123Z [1622864800.262][DEBUG]: DevTools WebSocket Command: Runtime.evaluate (id=21) 16891FC5F6D72E1711DB3AB032B0F510 {
2021-06-05T03:46:40.262427023Z    "expression": "1"
2021-06-05T03:46:40.262430923Z }
2021-06-05T03:46:40.262906730Z [1622864800.263][DEBUG]: DevTools WebSocket Event: Page.domContentEventFired 16891FC5F6D72E1711DB3AB032B0F510 {
2021-06-05T03:46:40.262916030Z    "timestamp": 126.677245
2021-06-05T03:46:40.262919630Z }
2021-06-05T03:46:40.264103049Z [1622864800.264][DEBUG]: DevTools WebSocket Response: DOM.getDocument (id=20) 16891FC5F6D72E1711DB3AB032B0F510 {
2021-06-05T03:46:40.264113349Z    "root": {
2021-06-05T03:46:40.264116549Z       "backendNodeId": 1,
2021-06-05T03:46:40.264119649Z       "baseURL": "https://www.selenium.dev/downloads/",
2021-06-05T03:46:40.264132449Z       "childNodeCount": 2,
2021-06-05T03:46:40.264135449Z       "children": [ {
2021-06-05T03:46:40.264138249Z          "backendNodeId": 2,
2021-06-05T03:46:40.264140949Z          "localName": "",
2021-06-05T03:46:40.264143649Z          "nodeId": 5,
2021-06-05T03:46:40.264154550Z          "nodeName": "html",
2021-06-05T03:46:40.264157650Z          "nodeType": 10,
2021-06-05T03:46:40.264160250Z          "nodeValue": "",
2021-06-05T03:46:40.264162950Z          "parentId": 4,
2021-06-05T03:46:40.264165650Z          "publicId": "",
2021-06-05T03:46:40.264168350Z          "systemId": ""
2021-06-05T03:46:40.264171050Z       }, {
2021-06-05T03:46:40.264173750Z          "attributes": [  ],
2021-06-05T03:46:40.264176550Z          "backendNodeId": 3,
2021-06-05T03:46:40.264179250Z          "childNodeCount": 2,
2021-06-05T03:46:40.264181950Z          "children": [ {
2021-06-05T03:46:40.264184550Z             "attributes": [  ],
2021-06-05T03:46:40.264187350Z             "backendNodeId": 16,
2021-06-05T03:46:40.264190050Z             "childNodeCount": 4,
2021-06-05T03:46:40.264192750Z             "localName": "head",
2021-06-05T03:46:40.264195550Z             "nodeId": 7,
2021-06-05T03:46:40.264198150Z             "nodeName": "HEAD",
2021-06-05T03:46:40.264201350Z             "nodeType": 1,
2021-06-05T03:46:40.264204050Z             "nodeValue": "",
2021-06-05T03:46:40.264206850Z             "parentId": 6
2021-06-05T03:46:40.264209550Z          }, {
2021-06-05T03:46:40.264212150Z             "attributes": [  ],
2021-06-05T03:46:40.264214850Z             "backendNodeId": 10,
2021-06-05T03:46:40.264218050Z             "childNodeCount": 32,
2021-06-05T03:46:40.264220751Z             "localName": "body",
2021-06-05T03:46:40.264223551Z             "nodeId": 8,
2021-06-05T03:46:40.264226151Z             "nodeName": "BODY",
2021-06-05T03:46:40.264229051Z             "nodeType": 1,
2021-06-05T03:46:40.264231651Z             "nodeValue": "",
2021-06-05T03:46:40.264234351Z             "parentId": 6
2021-06-05T03:46:40.264236951Z          } ],
2021-06-05T03:46:40.264239651Z          "frameId": "16891FC5F6D72E1711DB3AB032B0F510",
2021-06-05T03:46:40.264242451Z          "localName": "html",
2021-06-05T03:46:40.264245051Z          "nodeId": 6,
2021-06-05T03:46:40.264247751Z          "nodeName": "HTML",
2021-06-05T03:46:40.264250351Z          "nodeType": 1,
2021-06-05T03:46:40.264253051Z          "nodeValue": "",
2021-06-05T03:46:40.264259651Z          "parentId": 4
2021-06-05T03:46:40.264262451Z       } ],
2021-06-05T03:46:40.264265151Z       "documentURL": "https://www.selenium.dev/downloads/",
2021-06-05T03:46:40.264269151Z       "localName": "",
2021-06-05T03:46:40.264271951Z       "nodeId": 4,
2021-06-05T03:46:40.264274651Z       "nodeName": "#document",
2021-06-05T03:46:40.264277451Z       "nodeType": 9,
2021-06-05T03:46:40.264280351Z       "nodeValue": "",
2021-06-05T03:46:40.264283152Z       "xmlVersion": ""
2021-06-05T03:46:40.264285852Z    }
2021-06-05T03:46:40.264288452Z }
2021-06-05T03:46:40.267541702Z [1622864800.267][DEBUG]: DevTools WebSocket Response: Runtime.evaluate (id=21) 16891FC5F6D72E1711DB3AB032B0F510 {
2021-06-05T03:46:40.267554702Z    "result": {
2021-06-05T03:46:40.267558702Z       "description": "1",
2021-06-05T03:46:40.267562202Z       "type": "number",
2021-06-05T03:46:40.267565802Z       "value": 1
2021-06-05T03:46:40.267569202Z    }
2021-06-05T03:46:40.267572502Z }
2021-06-05T03:46:40.303866865Z [1622864800.304][DEBUG]: DevTools WebSocket Event: DOM.childNodeCountUpdated 16891FC5F6D72E1711DB3AB032B0F510 {
2021-06-05T03:46:40.303896065Z    "childNodeCount": 5,
2021-06-05T03:46:40.303901465Z    "nodeId": 7
2021-06-05T03:46:40.303911165Z }
2021-06-05T03:46:40.307096515Z [1622864800.307][DEBUG]: DevTools WebSocket Command: Runtime.evaluate (id=22) 16891FC5F6D72E1711DB3AB032B0F510 {
2021-06-05T03:46:40.307111915Z    "expression": "1"
2021-06-05T03:46:40.307115715Z }
2021-06-05T03:46:40.316244757Z [1622864800.316][DEBUG]: DevTools WebSocket Event: DOM.childNodeCountUpdated 16891FC5F6D72E1711DB3AB032B0F510 {
2021-06-05T03:46:40.316259057Z    "childNodeCount": 6,
2021-06-05T03:46:40.316263257Z    "nodeId": 7
2021-06-05T03:46:40.316267157Z }
2021-06-05T03:46:40.316569762Z [1622864800.317][DEBUG]: DevTools WebSocket Event: DOM.childNodeCountUpdated 16891FC5F6D72E1711DB3AB032B0F510 {
2021-06-05T03:46:40.316579162Z    "childNodeCount": 7,
2021-06-05T03:46:40.316582862Z    "nodeId": 7
2021-06-05T03:46:40.316586262Z }
2021-06-05T03:46:40.317189171Z [1622864800.317][DEBUG]: DevTools WebSocket Response: Runtime.evaluate (id=22) 16891FC5F6D72E1711DB3AB032B0F510 {
2021-06-05T03:46:40.317201071Z    "result": {
2021-06-05T03:46:40.317204871Z       "description": "1",
2021-06-05T03:46:40.317208572Z       "type": "number",
2021-06-05T03:46:40.317212172Z       "value": 1
2021-06-05T03:46:40.317215572Z    }
2021-06-05T03:46:40.317228072Z }
2021-06-05T03:46:40.502484042Z [1622864800.502][DEBUG]: DevTools WebSocket Event: DOM.childNodeCountUpdated 16891FC5F6D72E1711DB3AB032B0F510 {
2021-06-05T03:46:40.502505242Z    "childNodeCount": 8,
2021-06-05T03:46:40.502517343Z    "nodeId": 7
2021-06-05T03:46:40.502520743Z }
2021-06-05T03:46:40.502615344Z [1622864800.503][DEBUG]: DevTools WebSocket Command: Runtime.evaluate (id=23) 16891FC5F6D72E1711DB3AB032B0F510 {
2021-06-05T03:46:40.502621644Z    "expression": "1"
2021-06-05T03:46:40.502625044Z }
2021-06-05T03:46:40.526094108Z [1622864800.526][DEBUG]: DevTools WebSocket Event: DOM.childNodeCountUpdated 16891FC5F6D72E1711DB3AB032B0F510 {
2021-06-05T03:46:40.526125408Z    "childNodeCount": 9,
2021-06-05T03:46:40.526129908Z    "nodeId": 7
2021-06-05T03:46:40.526133408Z }
2021-06-05T03:46:40.526233810Z [1622864800.526][DEBUG]: DevTools WebSocket Event: DOM.childNodeCountUpdated 16891FC5F6D72E1711DB3AB032B0F510 {
2021-06-05T03:46:40.526240610Z    "childNodeCount": 10,
2021-06-05T03:46:40.526244310Z    "nodeId": 7
2021-06-05T03:46:40.526247610Z }
2021-06-05T03:46:40.526327412Z [1622864800.526][DEBUG]: DevTools WebSocket Event: DOM.childNodeCountUpdated 16891FC5F6D72E1711DB3AB032B0F510 {
2021-06-05T03:46:40.526333412Z    "childNodeCount": 33,
2021-06-05T03:46:40.526337012Z    "nodeId": 8
2021-06-05T03:46:40.526340412Z }
2021-06-05T03:46:40.527688633Z [1622864800.528][DEBUG]: DevTools WebSocket Response: Runtime.evaluate (id=23) 16891FC5F6D72E1711DB3AB032B0F510 {
2021-06-05T03:46:40.527702333Z    "result": {
2021-06-05T03:46:40.527706133Z       "description": "1",
2021-06-05T03:46:40.527709833Z       "type": "number",
2021-06-05T03:46:40.527713433Z       "value": 1
2021-06-05T03:46:40.527725233Z    }
2021-06-05T03:46:40.527728733Z }
2021-06-05T03:46:40.619606357Z [1622864800.619][DEBUG]: DevTools WebSocket Event: Page.loadEventFired 16891FC5F6D72E1711DB3AB032B0F510 {
2021-06-05T03:46:40.619638957Z    "timestamp": 127.01829
2021-06-05T03:46:40.619643257Z }
2021-06-05T03:46:40.619821560Z [1622864800.620][DEBUG]: DevTools WebSocket Command: Runtime.evaluate (id=24) 16891FC5F6D72E1711DB3AB032B0F510 {
2021-06-05T03:46:40.619828560Z    "awaitPromise": false,
2021-06-05T03:46:40.619831860Z    "expression": "document.readyState",
2021-06-05T03:46:40.619844360Z    "returnByValue": true
2021-06-05T03:46:40.619847660Z }
2021-06-05T03:46:40.620112265Z [1622864800.620][DEBUG]: DevTools WebSocket Event: Page.frameStoppedLoading 16891FC5F6D72E1711DB3AB032B0F510 {
2021-06-05T03:46:40.620120865Z    "frameId": "16891FC5F6D72E1711DB3AB032B0F510"
2021-06-05T03:46:40.620135465Z }
2021-06-05T03:46:40.623588618Z [1622864800.624][DEBUG]: DevTools WebSocket Response: Runtime.evaluate (id=24) 16891FC5F6D72E1711DB3AB032B0F510 {
2021-06-05T03:46:40.623600419Z    "result": {
2021-06-05T03:46:40.623604419Z       "type": "string",
2021-06-05T03:46:40.623608119Z       "value": "complete"
2021-06-05T03:46:40.623611619Z    }
2021-06-05T03:46:40.623614919Z }
2021-06-05T03:46:40.623729521Z [1622864800.624][DEBUG]: DevTools WebSocket Command: Runtime.evaluate (id=25) 16891FC5F6D72E1711DB3AB032B0F510 {
2021-06-05T03:46:40.623735321Z    "expression": "1"
2021-06-05T03:46:40.623738721Z }
2021-06-05T03:46:40.628790799Z [1622864800.629][DEBUG]: DevTools WebSocket Response: Runtime.evaluate (id=25) 16891FC5F6D72E1711DB3AB032B0F510 {
2021-06-05T03:46:40.628803499Z    "result": {
2021-06-05T03:46:40.628807399Z       "description": "1",
2021-06-05T03:46:40.628810899Z       "type": "number",
2021-06-05T03:46:40.628814299Z       "value": 1
2021-06-05T03:46:40.628817499Z    }
2021-06-05T03:46:40.628827900Z }
2021-06-05T03:46:40.628903601Z [1622864800.629][INFO]: Done waiting for pending navigations. Status: ok
2021-06-05T03:46:40.628975102Z [1622864800.629][INFO]: [28fd86f33edc16cbcf58ac090b59b997] RESPONSE Navigate
2021-06-05T03:46:40.647747393Z [1622864800.648][INFO]: [28fd86f33edc16cbcf58ac090b59b997] COMMAND Screenshot {
2021-06-05T03:46:40.647762993Z 
2021-06-05T03:46:40.647776193Z }
2021-06-05T03:46:40.648086298Z [1622864800.648][INFO]: Waiting for pending navigations...
2021-06-05T03:46:40.648514805Z [1622864800.648][DEBUG]: DevTools WebSocket Command: Runtime.evaluate (id=26) 16891FC5F6D72E1711DB3AB032B0F510 {
2021-06-05T03:46:40.648524905Z    "expression": "1"
2021-06-05T03:46:40.648528705Z }
2021-06-05T03:46:40.782167275Z [1622864800.782][DEBUG]: DevTools WebSocket Response: Runtime.evaluate (id=26) 16891FC5F6D72E1711DB3AB032B0F510 {
2021-06-05T03:46:40.782187076Z    "result": {
2021-06-05T03:46:40.782190776Z       "description": "1",
2021-06-05T03:46:40.782194276Z       "type": "number",
2021-06-05T03:46:40.782197676Z       "value": 1
2021-06-05T03:46:40.782200876Z    }
2021-06-05T03:46:40.782204176Z }
2021-06-05T03:46:40.783909402Z [1622864800.784][INFO]: Done waiting for pending navigations. Status: ok
2021-06-05T03:46:40.784108805Z [1622864800.784][DEBUG]: DevTools HTTP Request: http://localhost:42755/json/activate/16891FC5F6D72E1711DB3AB032B0F510
2021-06-05T03:46:40.794690569Z [1622864800.795][DEBUG]: DevTools HTTP Response: Target activated
2021-06-05T03:46:40.794889672Z [1622864800.795][DEBUG]: DevTools WebSocket Command: Page.captureScreenshot (id=27) 16891FC5F6D72E1711DB3AB032B0F510 {
2021-06-05T03:46:40.794907773Z 
2021-06-05T03:46:40.794911173Z }
2021-06-05T03:46:41.133783323Z [1622864801.134][DEBUG]: DevTools WebSocket Response: Page.captureScreenshot (id=27) 16891FC5F6D72E1711DB3AB032B0F510 {
2021-06-05T03:46:41.133815724Z    "data": "iVBORw0KGgoAAAANSUhEUgAAA6kAAAOjCAYAAABZRELVAAAAAXNSR0IArs4c6QAAIABJREFUeJzs3Xd0XPWd///Xnd6kUS+WrGZb7r1hg8H0lgApEBKSzabtbsou37Dlm81udpN8N9/dJGez55tfsptdSGGTQBJCaEsxNhiDARtsI/cqy3JXsbpGmnp/f8geJM2ou..."
2021-06-05T03:46:41.133820624Z }
2021-06-05T03:46:41.134175829Z [1622864801.134][INFO]: Waiting for pending navigations...
2021-06-05T03:46:41.134274931Z [1622864801.134][DEBUG]: DevTools WebSocket Command: Runtime.evaluate (id=28) 16891FC5F6D72E1711DB3AB032B0F510 {
2021-06-05T03:46:41.134280731Z    "expression": "1"
2021-06-05T03:46:41.134284231Z }
2021-06-05T03:46:41.137763585Z [1622864801.138][DEBUG]: DevTools WebSocket Response: Runtime.evaluate (id=28) 16891FC5F6D72E1711DB3AB032B0F510 {
2021-06-05T03:46:41.137790685Z    "result": {
2021-06-05T03:46:41.137794785Z       "description": "1",
2021-06-05T03:46:41.137798385Z       "type": "number",
2021-06-05T03:46:41.137801885Z       "value": 1
2021-06-05T03:46:41.137805085Z    }
2021-06-05T03:46:41.137808286Z }
2021-06-05T03:46:41.137921087Z [1622864801.138][INFO]: Done waiting for pending navigations. Status: ok
2021-06-05T03:46:41.138085190Z [1622864801.138][INFO]: [28fd86f33edc16cbcf58ac090b59b997] RESPONSE Screenshot "iVBORw0KGgoAAAANSUhEUgAAA6kAAAOjCAYAAABZRELVAAAAAXNSR0IArs4c6QAAIABJREFUeJzs3Xd0XPWd///Xnd6kUS+WrGZb7r1hg8H0lgApEBKSzabtbsou37Dlm81udpN8N9/dJGez55tfsptdSGGTQBJCaEsxNhiDARtsI/cqy3JXsbpGmnp/f8geJM2ou..."
2021-06-05T03:46:41.198912532Z [1622864801.199][INFO]: [28fd86f33edc16cbcf58ac090b59b997] COMMAND FindElement {
2021-06-05T03:46:41.198937533Z    "using": "css selector",
2021-06-05T03:46:41.198942033Z    "value": "a[href*=\"IEDriverServer_Win32_3\"]"
2021-06-05T03:46:41.198946033Z }
2021-06-05T03:46:41.200783961Z [1622864801.201][INFO]: Waiting for pending navigations...
2021-06-05T03:46:41.200903563Z [1622864801.201][DEBUG]: DevTools WebSocket Command: Runtime.evaluate (id=29) 16891FC5F6D72E1711DB3AB032B0F510 {
2021-06-05T03:46:41.200923463Z    "expression": "1"
2021-06-05T03:46:41.200928063Z }
2021-06-05T03:46:41.201578474Z [1622864801.202][DEBUG]: DevTools WebSocket Response: Runtime.evaluate (id=29) 16891FC5F6D72E1711DB3AB032B0F510 {
2021-06-05T03:46:41.201587474Z    "result": {
2021-06-05T03:46:41.201591374Z       "description": "1",
2021-06-05T03:46:41.201595074Z       "type": "number",
2021-06-05T03:46:41.201598674Z       "value": 1
2021-06-05T03:46:41.201602074Z    }
2021-06-05T03:46:41.201607374Z }
2021-06-05T03:46:41.201630974Z [1622864801.202][INFO]: Done waiting for pending navigations. Status: ok
2021-06-05T03:46:41.204509819Z [1622864801.204][DEBUG]: DevTools WebSocket Command: Runtime.evaluate (id=30) 16891FC5F6D72E1711DB3AB032B0F510 {
2021-06-05T03:46:41.204540819Z    "awaitPromise": true,
2021-06-05T03:46:41.204545520Z    "expression": "(function() { // Copyright (c) 2012 The Chromium Authors. All rights reserved.\n// Use of this source code is governed by a BSD-style license that can be\n// found in the LICENSE file.\n\n/**\n * Enum f...",
2021-06-05T03:46:41.204550420Z    "returnByValue": true
2021-06-05T03:46:41.204553820Z }
2021-06-05T03:46:41.226169355Z [1622864801.226][DEBUG]: DevTools WebSocket Response: Runtime.evaluate (id=30) 16891FC5F6D72E1711DB3AB032B0F510 {
2021-06-05T03:46:41.226193255Z    "result": {
2021-06-05T03:46:41.226197255Z       "type": "object",
2021-06-05T03:46:41.226200655Z       "value": {
2021-06-05T03:46:41.226203855Z          "status": 0,
2021-06-05T03:46:41.226207155Z          "value": {
2021-06-05T03:46:41.226210255Z             "element-6066-11e4-a52e-4f735466cecf": "cc5484c9-66c8-43d4-af3a-0bca2da8ad0a"
2021-06-05T03:46:41.226213855Z          }
2021-06-05T03:46:41.226216955Z       }
2021-06-05T03:46:41.226220755Z    }
2021-06-05T03:46:41.226223755Z }
2021-06-05T03:46:41.226282156Z [1622864801.226][INFO]: Waiting for pending navigations...
2021-06-05T03:46:41.226286756Z [1622864801.226][DEBUG]: DevTools WebSocket Command: Runtime.evaluate (id=31) 16891FC5F6D72E1711DB3AB032B0F510 {
2021-06-05T03:46:41.226290256Z    "expression": "1"
2021-06-05T03:46:41.226293656Z }
2021-06-05T03:46:41.226714163Z [1622864801.227][DEBUG]: DevTools WebSocket Response: Runtime.evaluate (id=31) 16891FC5F6D72E1711DB3AB032B0F510 {
2021-06-05T03:46:41.226723263Z    "result": {
2021-06-05T03:46:41.226726663Z       "description": "1",
2021-06-05T03:46:41.226730263Z       "type": "number",
2021-06-05T03:46:41.226733663Z       "value": 1
2021-06-05T03:46:41.226736963Z    }
2021-06-05T03:46:41.226739963Z }
2021-06-05T03:46:41.226743063Z [1622864801.227][INFO]: Done waiting for pending navigations. Status: ok
2021-06-05T03:46:41.226746163Z [1622864801.227][INFO]: [28fd86f33edc16cbcf58ac090b59b997] RESPONSE FindElement {
2021-06-05T03:46:41.226749464Z    "element-6066-11e4-a52e-4f735466cecf": "cc5484c9-66c8-43d4-af3a-0bca2da8ad0a"
2021-06-05T03:46:41.226761164Z }
2021-06-05T03:46:41.248174395Z [1622864801.248][INFO]: [28fd86f33edc16cbcf58ac090b59b997] COMMAND ClickElement {
2021-06-05T03:46:41.248197196Z    "id": "cc5484c9-66c8-43d4-af3a-0bca2da8ad0a"
2021-06-05T03:46:41.248201196Z }
2021-06-05T03:46:41.248204396Z [1622864801.248][INFO]: Waiting for pending navigations...
2021-06-05T03:46:41.248219196Z [1622864801.248][DEBUG]: DevTools WebSocket Command: Runtime.evaluate (id=32) 16891FC5F6D72E1711DB3AB032B0F510 {
2021-06-05T03:46:41.248222796Z    "expression": "1"
2021-06-05T03:46:41.248226096Z }
2021-06-05T03:46:41.250540532Z [1622864801.249][DEBUG]: DevTools WebSocket Response: Runtime.evaluate (id=32) 16891FC5F6D72E1711DB3AB032B0F510 {
2021-06-05T03:46:41.250557932Z    "result": {
2021-06-05T03:46:41.250561832Z       "description": "1",
2021-06-05T03:46:41.250565533Z       "type": "number",
2021-06-05T03:46:41.250569133Z       "value": 1
2021-06-05T03:46:41.250579433Z    }
2021-06-05T03:46:41.250582633Z }
2021-06-05T03:46:41.250585833Z [1622864801.249][INFO]: Done waiting for pending navigations. Status: ok
2021-06-05T03:46:41.250589433Z [1622864801.249][DEBUG]: DevTools WebSocket Command: Runtime.evaluate (id=33) 16891FC5F6D72E1711DB3AB032B0F510 {
2021-06-05T03:46:41.250593033Z    "awaitPromise": true,
2021-06-05T03:46:41.250596533Z    "expression": "(function() { // Copyright (c) 2012 The Chromium Authors. All rights reserved.\n// Use of this source code is governed by a BSD-style license that can be\n// found in the LICENSE file.\n\n/**\n * Enum f...",
2021-06-05T03:46:41.250601033Z    "returnByValue": true
2021-06-05T03:46:41.250604433Z }
2021-06-05T03:46:41.252496662Z [1622864801.252][DEBUG]: DevTools WebSocket Response: Runtime.evaluate (id=33) 16891FC5F6D72E1711DB3AB032B0F510 {
2021-06-05T03:46:41.252509063Z    "result": {
2021-06-05T03:46:41.252512663Z       "type": "object",
2021-06-05T03:46:41.252516063Z       "value": {
2021-06-05T03:46:41.252519263Z          "status": 0,
2021-06-05T03:46:41.252530063Z          "value": "a"
2021-06-05T03:46:41.252533463Z       }
2021-06-05T03:46:41.252536663Z    }
2021-06-05T03:46:41.252539663Z }
2021-06-05T03:46:41.252864868Z [1622864801.253][DEBUG]: DevTools WebSocket Command: Runtime.evaluate (id=34) 16891FC5F6D72E1711DB3AB032B0F510 {
2021-06-05T03:46:41.252874868Z    "awaitPromise": true,
2021-06-05T03:46:41.252878168Z    "expression": "(function() { // Copyright (c) 2012 The Chromium Authors. All rights reserved.\n// Use of this source code is governed by a BSD-style license that can be\n// found in the LICENSE file.\n\n/**\n * Enum f...",
2021-06-05T03:46:41.252882368Z    "returnByValue": true
2021-06-05T03:46:41.252885568Z }
2021-06-05T03:46:41.253646380Z [1622864801.254][DEBUG]: DevTools WebSocket Response: Runtime.evaluate (id=34) 16891FC5F6D72E1711DB3AB032B0F510 {
2021-06-05T03:46:41.253655580Z    "result": {
2021-06-05T03:46:41.253658680Z       "type": "object",
2021-06-05T03:46:41.253661580Z       "value": {
2021-06-05T03:46:41.253673481Z          "status": 0,
2021-06-05T03:46:41.253676581Z          "value": "a"
2021-06-05T03:46:41.253679381Z       }
2021-06-05T03:46:41.253688681Z    }
2021-06-05T03:46:41.253691481Z }
2021-06-05T03:46:41.255061202Z [1622864801.255][DEBUG]: DevTools WebSocket Command: Runtime.evaluate (id=35) 16891FC5F6D72E1711DB3AB032B0F510 {
2021-06-05T03:46:41.255068902Z    "awaitPromise": true,
2021-06-05T03:46:41.255071902Z    "expression": "(function() { // Copyright (c) 2012 The Chromium Authors. All rights reserved.\n// Use of this source code is governed by a BSD-style license that can be\n// found in the LICENSE file.\n\n/**\n * Enum f...",
2021-06-05T03:46:41.255075502Z    "returnByValue": true
2021-06-05T03:46:41.255078202Z }
2021-06-05T03:46:41.305992191Z [1622864801.305][DEBUG]: DevTools WebSocket Response: Runtime.evaluate (id=35) 16891FC5F6D72E1711DB3AB032B0F510 {
2021-06-05T03:46:41.306015092Z    "result": {
2021-06-05T03:46:41.306018592Z       "type": "object",
2021-06-05T03:46:41.306021592Z       "value": {
2021-06-05T03:46:41.306024392Z          "status": 0,
2021-06-05T03:46:41.306027292Z          "value": true
2021-06-05T03:46:41.306030192Z       }
2021-06-05T03:46:41.306033092Z    }
2021-06-05T03:46:41.306035692Z }
2021-06-05T03:46:41.306038392Z [1622864801.305][DEBUG]: DevTools WebSocket Command: Runtime.evaluate (id=36) 16891FC5F6D72E1711DB3AB032B0F510 {
2021-06-05T03:46:41.306041492Z    "awaitPromise": true,
2021-06-05T03:46:41.306044292Z    "expression": "(function() { // Copyright (c) 2012 The Chromium Authors. All rights reserved.\n// Use of this source code is governed by a BSD-style license that can be\n// found in the LICENSE file.\n\n/**\n * Enum f...",
2021-06-05T03:46:41.306048092Z    "returnByValue": true
2021-06-05T03:46:41.306050892Z }
2021-06-05T03:46:41.325162088Z [1622864801.321][DEBUG]: DevTools WebSocket Response: Runtime.evaluate (id=36) 16891FC5F6D72E1711DB3AB032B0F510 {
2021-06-05T03:46:41.325193689Z    "result": {
2021-06-05T03:46:41.325197689Z       "type": "object",
2021-06-05T03:46:41.325201289Z       "value": {
2021-06-05T03:46:41.325204489Z          "status": 0,
2021-06-05T03:46:41.325207689Z          "value": {
2021-06-05T03:46:41.325210889Z             "height": 17,
2021-06-05T03:46:41.325213989Z             "left": 0,
2021-06-05T03:46:41.325217189Z             "top": 0,
2021-06-05T03:46:41.325220289Z             "width": 127.390625
2021-06-05T03:46:41.325223389Z          }
2021-06-05T03:46:41.325226489Z       }
2021-06-05T03:46:41.325229489Z    }
2021-06-05T03:46:41.325245890Z }
2021-06-05T03:46:41.325249490Z [1622864801.322][DEBUG]: DevTools WebSocket Command: Runtime.evaluate (id=37) 16891FC5F6D72E1711DB3AB032B0F510 {
2021-06-05T03:46:41.325252890Z    "awaitPromise": true,
2021-06-05T03:46:41.325256390Z    "expression": "(function() { // Copyright (c) 2012 The Chromium Authors. All rights reserved.\n// Use of this source code is governed by a BSD-style license that can be\n// found in the LICENSE file.\n\n/**\n * Enum f...",
2021-06-05T03:46:41.325260490Z    "returnByValue": true
2021-06-05T03:46:41.325263690Z }
2021-06-05T03:46:41.336895770Z [1622864801.335][DEBUG]: DevTools WebSocket Response: Runtime.evaluate (id=37) 16891FC5F6D72E1711DB3AB032B0F510 {
2021-06-05T03:46:41.336921970Z    "result": {
2021-06-05T03:46:41.336925471Z       "type": "object",
2021-06-05T03:46:41.336928571Z       "value": {
2021-06-05T03:46:41.336931271Z          "status": 0,
2021-06-05T03:46:41.336934171Z          "value": {
2021-06-05T03:46:41.336936771Z             "ceil": {
2021-06-05T03:46:41.336939571Z 
2021-06-05T03:46:41.336942171Z             },
2021-06-05T03:46:41.336944771Z             "clone": {
2021-06-05T03:46:41.336947471Z 
2021-06-05T03:46:41.336949971Z             },
2021-06-05T03:46:41.336952571Z             "floor": {
2021-06-05T03:46:41.336955171Z 
2021-06-05T03:46:41.336957671Z             },
2021-06-05T03:46:41.336960271Z             "round": {
2021-06-05T03:46:41.336962871Z 
2021-06-05T03:46:41.336967371Z             },
2021-06-05T03:46:41.336969971Z             "scale": {
2021-06-05T03:46:41.336972571Z 
2021-06-05T03:46:41.336975171Z             },
2021-06-05T03:46:41.336977771Z             "translate": {
2021-06-05T03:46:41.336980371Z 
2021-06-05T03:46:41.336982971Z             },
2021-06-05T03:46:41.336985471Z             "x": 481.5,
2021-06-05T03:46:41.336988272Z             "y": 787.03125
2021-06-05T03:46:41.336990872Z          }
2021-06-05T03:46:41.336993472Z       }
2021-06-05T03:46:41.336995972Z    }
2021-06-05T03:46:41.336998572Z }
2021-06-05T03:46:41.337001272Z [1622864801.336][DEBUG]: DevTools WebSocket Command: Runtime.evaluate (id=38) 16891FC5F6D72E1711DB3AB032B0F510 {
2021-06-05T03:46:41.337004072Z    "awaitPromise": true,
2021-06-05T03:46:41.337006872Z    "expression": "(function() { // Copyright (c) 2012 The Chromium Authors. All rights reserved.\n// Use of this source code is governed by a BSD-style license that can be\n// found in the LICENSE file.\n\n/**\n * Enum f...",
2021-06-05T03:46:41.337010472Z    "returnByValue": true
2021-06-05T03:46:41.337021472Z }
2021-06-05T03:46:41.383957399Z [1622864801.384][DEBUG]: DevTools WebSocket Response: Runtime.evaluate (id=38) 16891FC5F6D72E1711DB3AB032B0F510 {
2021-06-05T03:46:41.383986600Z    "result": {
2021-06-05T03:46:41.383990900Z       "type": "object",
2021-06-05T03:46:41.383994400Z       "value": {
2021-06-05T03:46:41.383997600Z          "status": 0,
2021-06-05T03:46:41.384000900Z          "value": {
2021-06-05T03:46:41.384004200Z             "clickable": true
2021-06-05T03:46:41.384007500Z          }
2021-06-05T03:46:41.384010600Z       }
2021-06-05T03:46:41.384013700Z    }
2021-06-05T03:46:41.384016600Z }
2021-06-05T03:46:41.387953661Z [1622864801.388][DEBUG]: DevTools WebSocket Command: Input.dispatchMouseEvent (id=39) 16891FC5F6D72E1711DB3AB032B0F510 {
2021-06-05T03:46:41.387991462Z    "button": "none",
2021-06-05T03:46:41.387995862Z    "buttons": 0,
2021-06-05T03:46:41.387999162Z    "clickCount": 0,
2021-06-05T03:46:41.388002362Z    "force": 0.0,
2021-06-05T03:46:41.388005562Z    "modifiers": 0,
2021-06-05T03:46:41.388008662Z    "pointerType": "mouse",
2021-06-05T03:46:41.388011862Z    "tangentialPressure": 0.0,
2021-06-05T03:46:41.388015062Z    "tiltX": 0,
2021-06-05T03:46:41.388018062Z    "tiltY": 0,
2021-06-05T03:46:41.388021062Z    "twist": 0,
2021-06-05T03:46:41.388024062Z    "type": "mouseMoved",
2021-06-05T03:46:41.388027262Z    "x": 544,
2021-06-05T03:46:41.388030562Z    "y": 795
2021-06-05T03:46:41.388033562Z }
2021-06-05T03:46:41.388095063Z [1622864801.388][DEBUG]: DevTools WebSocket Command: Input.dispatchMouseEvent (id=40) 16891FC5F6D72E1711DB3AB032B0F510 {
2021-06-05T03:46:41.388099863Z    "button": "left",
2021-06-05T03:46:41.388103063Z    "buttons": 0,
2021-06-05T03:46:41.388106264Z    "clickCount": 1,
2021-06-05T03:46:41.388109264Z    "force": 0.0,
2021-06-05T03:46:41.388112264Z    "modifiers": 0,
2021-06-05T03:46:41.388115264Z    "pointerType": "mouse",
2021-06-05T03:46:41.388118464Z    "tangentialPressure": 0.0,
2021-06-05T03:46:41.388121564Z    "tiltX": 0,
2021-06-05T03:46:41.388124464Z    "tiltY": 0,
2021-06-05T03:46:41.388127464Z    "twist": 0,
2021-06-05T03:46:41.388130464Z    "type": "mousePressed",
2021-06-05T03:46:41.388133564Z    "x": 544,
2021-06-05T03:46:41.388143264Z    "y": 795
2021-06-05T03:46:41.388146464Z }
2021-06-05T03:46:41.388149464Z [1622864801.388][DEBUG]: DevTools WebSocket Command: Input.dispatchMouseEvent (id=41) 16891FC5F6D72E1711DB3AB032B0F510 {
2021-06-05T03:46:41.388164864Z    "button": "left",
2021-06-05T03:46:41.388168064Z    "buttons": 1,
2021-06-05T03:46:41.388171165Z    "clickCount": 1,
2021-06-05T03:46:41.388174165Z    "force": 0.0,
2021-06-05T03:46:41.388177165Z    "modifiers": 0,
2021-06-05T03:46:41.388180165Z    "pointerType": "mouse",
2021-06-05T03:46:41.388183265Z    "tangentialPressure": 0.0,
2021-06-05T03:46:41.388186265Z    "tiltX": 0,
2021-06-05T03:46:41.388189265Z    "tiltY": 0,
2021-06-05T03:46:41.388192165Z    "twist": 0,
2021-06-05T03:46:41.388195165Z    "type": "mouseReleased",
2021-06-05T03:46:41.388198365Z    "x": 544,
2021-06-05T03:46:41.388201565Z    "y": 795
2021-06-05T03:46:41.388204765Z }
2021-06-05T03:46:41.397261805Z [1622864801.397][DEBUG]: DevTools WebSocket Response: Input.dispatchMouseEvent (id=39) 16891FC5F6D72E1711DB3AB032B0F510 {
2021-06-05T03:46:41.397293406Z 
2021-06-05T03:46:41.397298106Z }
2021-06-05T03:46:41.402253883Z [1622864801.402][DEBUG]: DevTools WebSocket Response: Input.dispatchMouseEvent (id=40) 16891FC5F6D72E1711DB3AB032B0F510 {
2021-06-05T03:46:41.402283983Z 
2021-06-05T03:46:41.402288583Z }
2021-06-05T03:46:41.447952591Z [1622864801.448][DEBUG]: DevTools WebSocket Response: Input.dispatchMouseEvent (id=41) 16891FC5F6D72E1711DB3AB032B0F510 {
2021-06-05T03:46:41.447975491Z 
2021-06-05T03:46:41.447979191Z }
2021-06-05T03:46:41.448079593Z [1622864801.448][INFO]: Waiting for pending navigations...
2021-06-05T03:46:41.448115093Z [1622864801.448][DEBUG]: DevTools WebSocket Event: Page.frameScheduledNavigation 16891FC5F6D72E1711DB3AB032B0F510 {
2021-06-05T03:46:41.448121993Z    "delay": 0,
2021-06-05T03:46:41.448125293Z    "frameId": "16891FC5F6D72E1711DB3AB032B0F510",
2021-06-05T03:46:41.448128693Z    "reason": "anchorClick",
2021-06-05T03:46:41.448131994Z    "url": "https://selenium-release.storage.googleapis.com/3.150/IEDriverServer_Win32_3.150.1.zip"
2021-06-05T03:46:41.448135594Z }
2021-06-05T03:46:41.448236795Z [1622864801.448][DEBUG]: DevTools WebSocket Event: Page.frameRequestedNavigation 16891FC5F6D72E1711DB3AB032B0F510 {
2021-06-05T03:46:41.448244795Z    "disposition": "currentTab",
2021-06-05T03:46:41.448248495Z    "frameId": "16891FC5F6D72E1711DB3AB032B0F510",
2021-06-05T03:46:41.448251995Z    "reason": "anchorClick",
2021-06-05T03:46:41.448255395Z    "url": "https://selenium-release.storage.googleapis.com/3.150/IEDriverServer_Win32_3.150.1.zip"
2021-06-05T03:46:41.448261096Z }
2021-06-05T03:46:41.448264196Z [1622864801.448][DEBUG]: DevTools WebSocket Event: Page.frameStartedLoading 16891FC5F6D72E1711DB3AB032B0F510 {
2021-06-05T03:46:41.448289196Z    "frameId": "16891FC5F6D72E1711DB3AB032B0F510"
2021-06-05T03:46:41.448293096Z }
2021-06-05T03:46:41.448297496Z [1622864801.448][DEBUG]: DevTools WebSocket Command: Runtime.evaluate (id=42) 16891FC5F6D72E1711DB3AB032B0F510 {
2021-06-05T03:46:41.448300796Z    "expression": "1"
2021-06-05T03:46:41.448303896Z }
2021-06-05T03:46:41.473667889Z [1622864801.474][DEBUG]: DevTools WebSocket Event: Page.frameClearedScheduledNavigation 16891FC5F6D72E1711DB3AB032B0F510 {
2021-06-05T03:46:41.473689990Z    "frameId": "16891FC5F6D72E1711DB3AB032B0F510"
2021-06-05T03:46:41.473694290Z }
2021-06-05T03:46:41.680498494Z [1622864801.680][DEBUG]: DevTools WebSocket Response: Runtime.evaluate (id=42) 16891FC5F6D72E1711DB3AB032B0F510 {
2021-06-05T03:46:41.680524694Z    "result": {
2021-06-05T03:46:41.680528894Z       "description": "1",
2021-06-05T03:46:41.680532594Z       "type": "number",
2021-06-05T03:46:41.680536294Z       "value": 1
2021-06-05T03:46:41.680539694Z    }
2021-06-05T03:46:41.680542994Z }
2021-06-05T03:46:41.680637796Z [1622864801.680][DEBUG]: DevTools WebSocket Event: Page.frameStoppedLoading 16891FC5F6D72E1711DB3AB032B0F510 {
2021-06-05T03:46:41.680644396Z    "frameId": "16891FC5F6D72E1711DB3AB032B0F510"
2021-06-05T03:46:41.680648096Z }
2021-06-05T03:46:41.680651396Z [1622864801.681][DEBUG]: DevTools WebSocket Command: Runtime.evaluate (id=43) 16891FC5F6D72E1711DB3AB032B0F510 {
2021-06-05T03:46:41.680655196Z    "expression": "1"
2021-06-05T03:46:41.680658596Z }
2021-06-05T03:46:41.695931733Z [1622864801.696][DEBUG]: DevTools WebSocket Response: Runtime.evaluate (id=43) 16891FC5F6D72E1711DB3AB032B0F510 {
2021-06-05T03:46:41.695951533Z    "result": {
2021-06-05T03:46:41.695955233Z       "description": "1",
2021-06-05T03:46:41.695958833Z       "type": "number",
2021-06-05T03:46:41.695962133Z       "value": 1
2021-06-05T03:46:41.695965433Z    }
2021-06-05T03:46:41.695968433Z }
2021-06-05T03:46:41.696037434Z [1622864801.696][INFO]: Done waiting for pending navigations. Status: ok
2021-06-05T03:46:41.696093635Z [1622864801.696][INFO]: [28fd86f33edc16cbcf58ac090b59b997] RESPONSE ClickElement
2021-06-05T03:46:46.852709995Z [1622864806.849][INFO]: [28fd86f33edc16cbcf58ac090b59b997] COMMAND Quit {
2021-06-05T03:46:46.852734395Z 
2021-06-05T03:46:46.852738096Z }
2021-06-05T03:46:46.920722522Z [1622864806.919][INFO]: [28fd86f33edc16cbcf58ac090b59b997] RESPONSE Quit
2021-06-05T03:46:46.920740822Z [1622864806.919][DEBUG]: Log type 'driver' lost 0 entries on destruction
2021-06-05T03:46:46.920744622Z [1622864806.919][DEBUG]: Log type 'browser' lost 0 entries on destruction
